[0.068s] Invoking command in '/home/bose/dev_ws/build/my_bot': CMAKE_PREFIX_PATH=${CMAKE_PREFIX_PATH}:/home/bose/ros2_ws/install/serial_motor_demo:/opt/ros/humble /usr/bin/cmake /home/bose/dev_ws/src/my_bot -DCMAKE_INSTALL_PREFIX=/home/bose/dev_ws/install/my_bot
[2.051s] -- The CXX compiler identification is GNU 11.4.0
[2.102s] -- Detecting CXX compiler ABI info
[2.589s] -- Detecting CXX compiler ABI info - done
[2.615s] -- Check for working CXX compiler: /usr/bin/c++ - skipped
[2.617s] -- Detecting CXX compile features
[2.620s] -- Detecting CXX compile features - done
[2.670s] -- Found ament_cmake: 1.3.11 (/opt/ros/humble/share/ament_cmake/cmake)
[3.486s] -- Found Python3: /usr/bin/python3 (found version "3.10.12") found components: Interpreter 
[4.268s] -- Found hardware_interface: 2.48.0 (/opt/ros/humble/share/hardware_interface/cmake)
[4.760s] -- Found rosidl_generator_c: 3.1.6 (/opt/ros/humble/share/rosidl_generator_c/cmake)
[4.828s] -- Found rosidl_adapter: 3.1.6 (/opt/ros/humble/share/rosidl_adapter/cmake)
[4.917s] -- Found rosidl_generator_cpp: 3.1.6 (/opt/ros/humble/share/rosidl_generator_cpp/cmake)
[5.029s] -- Using all available rosidl_typesupport_c: rosidl_typesupport_fastrtps_c;rosidl_typesupport_introspection_c
[5.178s] -- Using all available rosidl_typesupport_cpp: rosidl_typesupport_fastrtps_cpp;rosidl_typesupport_introspection_cpp
[6.936s] -- Found rmw_implementation_cmake: 6.1.2 (/opt/ros/humble/share/rmw_implementation_cmake/cmake)
[6.972s] -- Found rmw_fastrtps_cpp: 6.2.7 (/opt/ros/humble/share/rmw_fastrtps_cpp/cmake)
[7.219s] -- Found TinyXML2 via Config file: TinyXML2_DIR-NOTFOUND
[7.526s] -- Found OpenSSL: /usr/lib/aarch64-linux-gnu/libcrypto.so (found version "3.0.2")  
[7.540s] -- Found TinyXML2 via Config file: TinyXML2_DIR-NOTFOUND
[7.625s] -- Found FastRTPS: /opt/ros/humble/include  
[7.637s] -- Found TinyXML2 via Config file: TinyXML2_DIR-NOTFOUND
[7.673s] -- Found TinyXML2 via Config file: TinyXML2_DIR-NOTFOUND
[7.710s] -- Using RMW implementation 'rmw_fastrtps_cpp' as default
[7.821s] -- Looking for C++ include pthread.h
[8.229s] -- Looking for C++ include pthread.h - found
[8.231s] -- Performing Test CMAKE_HAVE_LIBC_PTHREAD
[8.659s] -- Performing Test CMAKE_HAVE_LIBC_PTHREAD - Success
[8.664s] -- Found Threads: TRUE  
[9.032s] -- Found PkgConfig: /usr/bin/pkg-config (found version "0.29.2") 
[9.036s] -- Checking for module 'libserial'
[9.109s] --   Found libserial, version 1.0.0
[9.343s] -- Found ament_lint_auto: 0.12.11 (/opt/ros/humble/share/ament_lint_auto/cmake)
[9.951s] -- Added test 'copyright' to check source files copyright and LICENSE
[10.121s] -- Added test 'cppcheck' to perform static code analysis on C / C++ code
[10.122s] -- Configured cppcheck include dirs: /home/bose/dev_ws/src/my_bot/hardware/include;/home/bose/dev_ws/src/my_bot/include;$<BUILD_INTERFACE:/home/bose/dev_ws/src/my_bot/hardware/include>
[10.123s] -- Configured cppcheck exclude dirs and/or files: 
[10.290s] -- Added test 'cpplint' to check C / C++ code against the Google style
[10.291s] -- Configured cpplint exclude dirs and/or files: 
[10.315s] -- Added test 'flake8' to check Python code syntax and style conventions
[10.359s] -- Added test 'lint_cmake' to check CMake code style
[10.383s] -- Added test 'pep257' to check Python code against some of the docstring style conventions in PEP 257
[10.551s] -- Added test 'uncrustify' to check C / C++ code style
[10.551s] -- Configured uncrustify additional arguments: 
[10.575s] -- Added test 'xmllint' to check XML markup files
[10.589s] -- Configuring done
[10.896s] -- Generating done
[10.915s] -- Build files have been written to: /home/bose/dev_ws/build/my_bot
[10.952s] Invoked command in '/home/bose/dev_ws/build/my_bot' returned '0': CMAKE_PREFIX_PATH=${CMAKE_PREFIX_PATH}:/home/bose/ros2_ws/install/serial_motor_demo:/opt/ros/humble /usr/bin/cmake /home/bose/dev_ws/src/my_bot -DCMAKE_INSTALL_PREFIX=/home/bose/dev_ws/install/my_bot
[10.963s] Invoking command in '/home/bose/dev_ws/build/my_bot': CMAKE_PREFIX_PATH=${CMAKE_PREFIX_PATH}:/home/bose/ros2_ws/install/serial_motor_demo:/opt/ros/humble /usr/bin/cmake --build /home/bose/dev_ws/build/my_bot -- -j4 -l4
[11.210s] [ 50%] [32mBuilding CXX object CMakeFiles/my_bot.dir/hardware/diffbot_system.cpp.o[0m
[25.864s] [100%] [32m[1mLinking CXX shared library libmy_bot.so[0m
[26.928s] [100%] Built target my_bot
[26.974s] Invoked command in '/home/bose/dev_ws/build/my_bot' returned '0': CMAKE_PREFIX_PATH=${CMAKE_PREFIX_PATH}:/home/bose/ros2_ws/install/serial_motor_demo:/opt/ros/humble /usr/bin/cmake --build /home/bose/dev_ws/build/my_bot -- -j4 -l4
[27.023s] Invoking command in '/home/bose/dev_ws/build/my_bot': CMAKE_PREFIX_PATH=${CMAKE_PREFIX_PATH}:/home/bose/ros2_ws/install/serial_motor_demo:/opt/ros/humble /usr/bin/cmake --install /home/bose/dev_ws/build/my_bot
[27.056s] -- Install configuration: ""
[27.056s] -- Installing: /home/bose/dev_ws/install/my_bot/share/my_bot/my_bot.xml
[27.058s] -- Up-to-date: /home/bose/dev_ws/install/my_bot/share/my_bot/my_bot.xml
[27.058s] -- Installing: /home/bose/dev_ws/install/my_bot/include/my_bot
[27.059s] -- Installing: /home/bose/dev_ws/install/my_bot/include/my_bot/my_bot
[27.059s] -- Installing: /home/bose/dev_ws/install/my_bot/include/my_bot/my_bot/wheel.hpp
[27.060s] -- Installing: /home/bose/dev_ws/install/my_bot/include/my_bot/my_bot/diffbot_system.hpp
[27.061s] -- Installing: /home/bose/dev_ws/install/my_bot/include/my_bot/my_bot/visibility_control.h
[27.062s] -- Installing: /home/bose/dev_ws/install/my_bot/include/my_bot/my_bot/arduino_comms.hpp
[27.063s] -- Installing: /home/bose/dev_ws/install/my_bot/share/my_bot/config
[27.063s] -- Installing: /home/bose/dev_ws/install/my_bot/share/my_bot/config/my_controllers.yaml
[27.064s] -- Installing: /home/bose/dev_ws/install/my_bot/share/my_bot/config/gazebo_params.yaml
[27.065s] -- Installing: /home/bose/dev_ws/install/my_bot/share/my_bot/config/diffbot_controllers.yaml
[27.066s] -- Installing: /home/bose/dev_ws/install/my_bot/share/my_bot/config/drive_ot.rviz
[27.067s] -- Installing: /home/bose/dev_ws/install/my_bot/share/my_bot/config/view_bot.rviz
[27.068s] -- Installing: /home/bose/dev_ws/install/my_bot/share/my_bot/config/empty.yaml
[27.068s] -- Installing: /home/bose/dev_ws/install/my_bot/share/my_bot/description
[27.069s] -- Installing: /home/bose/dev_ws/install/my_bot/share/my_bot/description/ros2_control.xacro
[27.070s] -- Installing: /home/bose/dev_ws/install/my_bot/share/my_bot/description/inertial_macros.xacro
[27.071s] -- Installing: /home/bose/dev_ws/install/my_bot/share/my_bot/description/gazebo_control.xacro
[27.072s] -- Installing: /home/bose/dev_ws/install/my_bot/share/my_bot/description/lidar.xacro
[27.072s] -- Installing: /home/bose/dev_ws/install/my_bot/share/my_bot/description/camera.xacro
[27.073s] -- Installing: /home/bose/dev_ws/install/my_bot/share/my_bot/description/robot.urdf.xacro
[27.074s] -- Installing: /home/bose/dev_ws/install/my_bot/share/my_bot/description/robot_core.xacro
[27.075s] -- Installing: /home/bose/dev_ws/install/my_bot/share/my_bot/launch
[27.075s] -- Installing: /home/bose/dev_ws/install/my_bot/share/my_bot/launch/launch_robot.launch.py
[27.076s] -- Installing: /home/bose/dev_ws/install/my_bot/share/my_bot/launch/camera.launch.py
[27.077s] -- Installing: /home/bose/dev_ws/install/my_bot/share/my_bot/launch/rplidar.launch.py
[27.078s] -- Installing: /home/bose/dev_ws/install/my_bot/share/my_bot/launch/launch_sim.launch.py
[27.079s] -- Installing: /home/bose/dev_ws/install/my_bot/share/my_bot/launch/rsp.launch.py
[27.079s] -- Installing: /home/bose/dev_ws/install/my_bot/share/my_bot/worlds
[27.080s] -- Installing: /home/bose/dev_ws/install/my_bot/share/my_bot/worlds/new.world
[27.081s] -- Installing: /home/bose/dev_ws/install/my_bot/share/my_bot/worlds/obstacle.world
[27.082s] -- Installing: /home/bose/dev_ws/install/my_bot/share/my_bot/worlds/lidar.world
[27.083s] -- Installing: /home/bose/dev_ws/install/my_bot/share/my_bot/worlds/empty.world
[27.085s] -- Installing: /home/bose/dev_ws/install/my_bot/lib/libmy_bot.so
[27.091s] -- Set runtime path of "/home/bose/dev_ws/install/my_bot/lib/libmy_bot.so" to ""
[27.092s] -- Installing: /home/bose/dev_ws/install/my_bot/share/my_bot/environment/library_path.sh
[27.094s] -- Installing: /home/bose/dev_ws/install/my_bot/share/my_bot/environment/library_path.dsv
[27.095s] -- Installing: /home/bose/dev_ws/install/my_bot/share/ament_index/resource_index/package_run_dependencies/my_bot
[27.098s] -- Installing: /home/bose/dev_ws/install/my_bot/share/ament_index/resource_index/parent_prefix_path/my_bot
[27.099s] -- Installing: /home/bose/dev_ws/install/my_bot/share/my_bot/environment/ament_prefix_path.sh
[27.100s] -- Installing: /home/bose/dev_ws/install/my_bot/share/my_bot/environment/ament_prefix_path.dsv
[27.101s] -- Installing: /home/bose/dev_ws/install/my_bot/share/my_bot/environment/path.sh
[27.103s] -- Installing: /home/bose/dev_ws/install/my_bot/share/my_bot/environment/path.dsv
[27.104s] -- Installing: /home/bose/dev_ws/install/my_bot/share/my_bot/local_setup.bash
[27.105s] -- Installing: /home/bose/dev_ws/install/my_bot/share/my_bot/local_setup.sh
[27.106s] -- Installing: /home/bose/dev_ws/install/my_bot/share/my_bot/local_setup.zsh
[27.107s] -- Installing: /home/bose/dev_ws/install/my_bot/share/my_bot/local_setup.dsv
[27.108s] -- Installing: /home/bose/dev_ws/install/my_bot/share/my_bot/package.dsv
[27.109s] -- Installing: /home/bose/dev_ws/install/my_bot/share/ament_index/resource_index/packages/my_bot
[27.111s] -- Installing: /home/bose/dev_ws/install/my_bot/share/ament_index/resource_index/my_bot__pluginlib__plugin/my_bot
[27.112s] -- Installing: /home/bose/dev_ws/install/my_bot/share/my_bot/cmake/export_my_botExport.cmake
[27.114s] -- Installing: /home/bose/dev_ws/install/my_bot/share/my_bot/cmake/export_my_botExport-noconfig.cmake
[27.115s] -- Installing: /home/bose/dev_ws/install/my_bot/share/my_bot/cmake/ament_cmake_export_targets-extras.cmake
[27.116s] -- Installing: /home/bose/dev_ws/install/my_bot/share/my_bot/cmake/ament_cmake_export_dependencies-extras.cmake
[27.117s] -- Installing: /home/bose/dev_ws/install/my_bot/share/my_bot/cmake/my_botConfig.cmake
[27.118s] -- Installing: /home/bose/dev_ws/install/my_bot/share/my_bot/cmake/my_botConfig-version.cmake
[27.119s] -- Installing: /home/bose/dev_ws/install/my_bot/share/my_bot/package.xml
[27.125s] Invoked command in '/home/bose/dev_ws/build/my_bot' returned '0': CMAKE_PREFIX_PATH=${CMAKE_PREFIX_PATH}:/home/bose/ros2_ws/install/serial_motor_demo:/opt/ros/humble /usr/bin/cmake --install /home/bose/dev_ws/build/my_bot
