[0.464s] DEBUG:colcon:Command line arguments: ['/usr/bin/colcon', 'build', '--symlink-install']
[0.464s] DEBUG:colcon:Parsed command line arguments: Namespace(log_base=None, log_level=None, verb_name='build', build_base='build', install_base='install', merge_install=False, symlink_install=True, test_result_base=None, continue_on_error=False, executor='parallel', parallel_workers=4, event_handlers=None, ignore_user_meta=False, metas=['./colcon.meta'], base_paths=['.'], packages_ignore=None, packages_ignore_regex=None, paths=None, packages_up_to=None, packages_up_to_regex=None, packages_above=None, packages_above_and_dependencies=None, packages_above_depth=None, packages_select_by_dep=None, packages_skip_by_dep=None, packages_skip_up_to=None, packages_select_build_failed=False, packages_skip_build_finished=False, packages_select_test_failures=False, packages_skip_test_passed=False, packages_select=None, packages_skip=None, packages_select_regex=None, packages_skip_regex=None, packages_start=None, packages_end=None, allow_overriding=[], cmake_args=None, cmake_target=None, cmake_target_skip_unavailable=False, cmake_clean_cache=False, cmake_clean_first=False, cmake_force_configure=False, ament_cmake_args=None, catkin_cmake_args=None, catkin_skip_building_tests=False, verb_parser=<colcon_defaults.argument_parser.defaults.DefaultArgumentsDecorator object at 0xffff90b3cdf0>, verb_extension=<colcon_core.verb.build.BuildVerb object at 0xffff90b3c9a0>, main=<bound method BuildVerb.main of <colcon_core.verb.build.BuildVerb object at 0xffff90b3c9a0>>)
[1.341s] Level 1:colcon.colcon_core.package_discovery:discover_packages(colcon_meta) check parameters
[1.341s] Level 1:colcon.colcon_core.package_discovery:discover_packages(recursive) check parameters
[1.341s] Level 1:colcon.colcon_core.package_discovery:discover_packages(ignore) check parameters
[1.342s] Level 1:colcon.colcon_core.package_discovery:discover_packages(path) check parameters
[1.342s] Level 1:colcon.colcon_core.package_discovery:discover_packages(colcon_meta) discover
[1.342s] Level 1:colcon.colcon_core.package_discovery:discover_packages(recursive) discover
[1.342s] INFO:colcon.colcon_core.package_discovery:Crawling recursively for packages in '/home/bose/dev_ws'
[1.343s] Level 1:colcon.colcon_core.package_identification:_identify(.) by extensions ['ignore', 'ignore_ament_install']
[1.343s] Level 1:colcon.colcon_core.package_identification:_identify(.) by extension 'ignore'
[1.344s] Level 1:colcon.colcon_core.package_identification:_identify(.) by extension 'ignore_ament_install'
[1.344s] Level 1:colcon.colcon_core.package_identification:_identify(.) by extensions ['colcon_pkg']
[1.344s] Level 1:colcon.colcon_core.package_identification:_identify(.) by extension 'colcon_pkg'
[1.344s] Level 1:colcon.colcon_core.package_identification:_identify(.) by extensions ['colcon_meta']
[1.344s] Level 1:colcon.colcon_core.package_identification:_identify(.) by extension 'colcon_meta'
[1.345s] Level 1:colcon.colcon_core.package_identification:_identify(.) by extensions ['ros']
[1.345s] Level 1:colcon.colcon_core.package_identification:_identify(.) by extension 'ros'
[1.393s] Level 1:colcon.colcon_core.package_identification:_identify(.) by extensions ['cmake', 'python']
[1.393s] Level 1:colcon.colcon_core.package_identification:_identify(.) by extension 'cmake'
[1.394s] Level 1:colcon.colcon_core.package_identification:_identify(.) by extension 'python'
[1.394s] Level 1:colcon.colcon_core.package_identification:_identify(.) by extensions ['python_setup_py']
[1.394s] Level 1:colcon.colcon_core.package_identification:_identify(.) by extension 'python_setup_py'
[1.395s] Level 1:colcon.colcon_core.package_identification:_identify(backup) by extensions ['ignore', 'ignore_ament_install']
[1.395s] Level 1:colcon.colcon_core.package_identification:_identify(backup) by extension 'ignore'
[1.395s] Level 1:colcon.colcon_core.package_identification:_identify(backup) by extension 'ignore_ament_install'
[1.396s] Level 1:colcon.colcon_core.package_identification:_identify(backup) by extensions ['colcon_pkg']
[1.396s] Level 1:colcon.colcon_core.package_identification:_identify(backup) by extension 'colcon_pkg'
[1.396s] Level 1:colcon.colcon_core.package_identification:_identify(backup) by extensions ['colcon_meta']
[1.396s] Level 1:colcon.colcon_core.package_identification:_identify(backup) by extension 'colcon_meta'
[1.396s] Level 1:colcon.colcon_core.package_identification:_identify(backup) by extensions ['ros']
[1.397s] Level 1:colcon.colcon_core.package_identification:_identify(backup) by extension 'ros'
[1.397s] Level 1:colcon.colcon_core.package_identification:_identify(backup) by extensions ['cmake', 'python']
[1.397s] Level 1:colcon.colcon_core.package_identification:_identify(backup) by extension 'cmake'
[1.398s] Level 1:colcon.colcon_core.package_identification:_identify(backup) by extension 'python'
[1.398s] Level 1:colcon.colcon_core.package_identification:_identify(backup) by extensions ['python_setup_py']
[1.398s] Level 1:colcon.colcon_core.package_identification:_identify(backup) by extension 'python_setup_py'
[1.399s] Level 1:colcon.colcon_core.package_identification:_identify(build) by extensions ['ignore', 'ignore_ament_install']
[1.399s] Level 1:colcon.colcon_core.package_identification:_identify(build) by extension 'ignore'
[1.399s] Level 1:colcon.colcon_core.package_identification:_identify(build) ignored
[1.400s] Level 1:colcon.colcon_core.package_identification:_identify(install) by extensions ['ignore', 'ignore_ament_install']
[1.400s] Level 1:colcon.colcon_core.package_identification:_identify(install) by extension 'ignore'
[1.401s] Level 1:colcon.colcon_core.package_identification:_identify(install) ignored
[1.401s] Level 1:colcon.colcon_core.package_identification:_identify(log) by extensions ['ignore', 'ignore_ament_install']
[1.402s] Level 1:colcon.colcon_core.package_identification:_identify(log) by extension 'ignore'
[1.402s] Level 1:colcon.colcon_core.package_identification:_identify(log) ignored
[1.403s] Level 1:colcon.colcon_core.package_identification:_identify(src) by extensions ['ignore', 'ignore_ament_install']
[1.403s] Level 1:colcon.colcon_core.package_identification:_identify(src) by extension 'ignore'
[1.403s] Level 1:colcon.colcon_core.package_identification:_identify(src) by extension 'ignore_ament_install'
[1.404s] Level 1:colcon.colcon_core.package_identification:_identify(src) by extensions ['colcon_pkg']
[1.404s] Level 1:colcon.colcon_core.package_identification:_identify(src) by extension 'colcon_pkg'
[1.404s] Level 1:colcon.colcon_core.package_identification:_identify(src) by extensions ['colcon_meta']
[1.404s] Level 1:colcon.colcon_core.package_identification:_identify(src) by extension 'colcon_meta'
[1.404s] Level 1:colcon.colcon_core.package_identification:_identify(src) by extensions ['ros']
[1.404s] Level 1:colcon.colcon_core.package_identification:_identify(src) by extension 'ros'
[1.405s] Level 1:colcon.colcon_core.package_identification:_identify(src) by extensions ['cmake', 'python']
[1.405s] Level 1:colcon.colcon_core.package_identification:_identify(src) by extension 'cmake'
[1.405s] Level 1:colcon.colcon_core.package_identification:_identify(src) by extension 'python'
[1.405s] Level 1:colcon.colcon_core.package_identification:_identify(src) by extensions ['python_setup_py']
[1.405s] Level 1:colcon.colcon_core.package_identification:_identify(src) by extension 'python_setup_py'
[1.406s] Level 1:colcon.colcon_core.package_identification:_identify(src/diffdrive_arduino) by extensions ['ignore', 'ignore_ament_install']
[1.406s] Level 1:colcon.colcon_core.package_identification:_identify(src/diffdrive_arduino) by extension 'ignore'
[1.407s] Level 1:colcon.colcon_core.package_identification:_identify(src/diffdrive_arduino) by extension 'ignore_ament_install'
[1.407s] Level 1:colcon.colcon_core.package_identification:_identify(src/diffdrive_arduino) by extensions ['colcon_pkg']
[1.407s] Level 1:colcon.colcon_core.package_identification:_identify(src/diffdrive_arduino) by extension 'colcon_pkg'
[1.407s] Level 1:colcon.colcon_core.package_identification:_identify(src/diffdrive_arduino) by extensions ['colcon_meta']
[1.408s] Level 1:colcon.colcon_core.package_identification:_identify(src/diffdrive_arduino) by extension 'colcon_meta'
[1.408s] Level 1:colcon.colcon_core.package_identification:_identify(src/diffdrive_arduino) by extensions ['ros']
[1.408s] Level 1:colcon.colcon_core.package_identification:_identify(src/diffdrive_arduino) by extension 'ros'
[1.420s] DEBUG:colcon.colcon_core.package_identification:Package 'src/diffdrive_arduino' with type 'ros.ament_cmake' and name 'diffdrive_arduino'
[1.421s] Level 1:colcon.colcon_core.package_identification:_identify(src/my_bot) by extensions ['ignore', 'ignore_ament_install']
[1.422s] Level 1:colcon.colcon_core.package_identification:_identify(src/my_bot) by extension 'ignore'
[1.423s] Level 1:colcon.colcon_core.package_identification:_identify(src/my_bot) by extension 'ignore_ament_install'
[1.423s] Level 1:colcon.colcon_core.package_identification:_identify(src/my_bot) by extensions ['colcon_pkg']
[1.423s] Level 1:colcon.colcon_core.package_identification:_identify(src/my_bot) by extension 'colcon_pkg'
[1.423s] Level 1:colcon.colcon_core.package_identification:_identify(src/my_bot) by extensions ['colcon_meta']
[1.424s] Level 1:colcon.colcon_core.package_identification:_identify(src/my_bot) by extension 'colcon_meta'
[1.424s] Level 1:colcon.colcon_core.package_identification:_identify(src/my_bot) by extensions ['ros']
[1.424s] Level 1:colcon.colcon_core.package_identification:_identify(src/my_bot) by extension 'ros'
[1.431s] DEBUG:colcon.colcon_core.package_identification:Package 'src/my_bot' with type 'ros.ament_cmake' and name 'my_bot'
[1.432s] Level 1:colcon.colcon_core.package_identification:_identify(src/serial) by extensions ['ignore', 'ignore_ament_install']
[1.432s] Level 1:colcon.colcon_core.package_identification:_identify(src/serial) by extension 'ignore'
[1.432s] Level 1:colcon.colcon_core.package_identification:_identify(src/serial) by extension 'ignore_ament_install'
[1.433s] Level 1:colcon.colcon_core.package_identification:_identify(src/serial) by extensions ['colcon_pkg']
[1.433s] Level 1:colcon.colcon_core.package_identification:_identify(src/serial) by extension 'colcon_pkg'
[1.433s] Level 1:colcon.colcon_core.package_identification:_identify(src/serial) by extensions ['colcon_meta']
[1.433s] Level 1:colcon.colcon_core.package_identification:_identify(src/serial) by extension 'colcon_meta'
[1.433s] Level 1:colcon.colcon_core.package_identification:_identify(src/serial) by extensions ['ros']
[1.434s] Level 1:colcon.colcon_core.package_identification:_identify(src/serial) by extension 'ros'
[1.436s] DEBUG:colcon.colcon_core.package_identification:Package 'src/serial' with type 'ros.ament_cmake' and name 'serial'
[1.436s] Level 1:colcon.colcon_core.package_discovery:discover_packages(recursive) using defaults
[1.436s] Level 1:colcon.colcon_core.package_discovery:discover_packages(ignore) discover
[1.437s] Level 1:colcon.colcon_core.package_discovery:discover_packages(ignore) using defaults
[1.437s] Level 1:colcon.colcon_core.package_discovery:discover_packages(path) discover
[1.437s] Level 1:colcon.colcon_core.package_discovery:discover_packages(path) using defaults
[1.556s] Level 1:colcon.colcon_core.package_discovery:discover_packages(prefix_path) check parameters
[1.557s] Level 1:colcon.colcon_core.package_discovery:discover_packages(prefix_path) discover
[1.568s] DEBUG:colcon.colcon_installed_package_information.package_discovery:Found 3 installed packages in /home/bose/ros2_ws/install
[1.570s] DEBUG:colcon.colcon_installed_package_information.package_discovery:Found 3 installed packages in /home/bose/dev_ws/install
[1.573s] DEBUG:colcon.colcon_installed_package_information.package_discovery:Found 1 installed packages in /home/bose/install
[1.583s] DEBUG:colcon.colcon_installed_package_information.package_discovery:Found 326 installed packages in /opt/ros/humble
[1.591s] Level 1:colcon.colcon_core.package_discovery:discover_packages(prefix_path) using defaults
[1.795s] Level 5:colcon.colcon_core.verb:set package 'diffdrive_arduino' build argument 'cmake_args' from command line to 'None'
[1.795s] Level 5:colcon.colcon_core.verb:set package 'diffdrive_arduino' build argument 'cmake_target' from command line to 'None'
[1.795s] Level 5:colcon.colcon_core.verb:set package 'diffdrive_arduino' build argument 'cmake_target_skip_unavailable' from command line to 'False'
[1.795s] Level 5:colcon.colcon_core.verb:set package 'diffdrive_arduino' build argument 'cmake_clean_cache' from command line to 'False'
[1.795s] Level 5:colcon.colcon_core.verb:set package 'diffdrive_arduino' build argument 'cmake_clean_first' from command line to 'False'
[1.795s] Level 5:colcon.colcon_core.verb:set package 'diffdrive_arduino' build argument 'cmake_force_configure' from command line to 'False'
[1.796s] Level 5:colcon.colcon_core.verb:set package 'diffdrive_arduino' build argument 'ament_cmake_args' from command line to 'None'
[1.796s] Level 5:colcon.colcon_core.verb:set package 'diffdrive_arduino' build argument 'catkin_cmake_args' from command line to 'None'
[1.796s] Level 5:colcon.colcon_core.verb:set package 'diffdrive_arduino' build argument 'catkin_skip_building_tests' from command line to 'False'
[1.796s] DEBUG:colcon.colcon_core.verb:Building package 'diffdrive_arduino' with the following arguments: {'ament_cmake_args': None, 'build_base': '/home/bose/dev_ws/build/diffdrive_arduino', 'catkin_cmake_args': None, 'catkin_skip_building_tests': False, 'cmake_args': None, 'cmake_clean_cache': False, 'cmake_clean_first': False, 'cmake_force_configure': False, 'cmake_target': None, 'cmake_target_skip_unavailable': False, 'install_base': '/home/bose/dev_ws/install/diffdrive_arduino', 'merge_install': False, 'path': '/home/bose/dev_ws/src/diffdrive_arduino', 'symlink_install': True, 'test_result_base': None}
[1.798s] Level 5:colcon.colcon_core.verb:set package 'my_bot' build argument 'cmake_args' from command line to 'None'
[1.798s] Level 5:colcon.colcon_core.verb:set package 'my_bot' build argument 'cmake_target' from command line to 'None'
[1.798s] Level 5:colcon.colcon_core.verb:set package 'my_bot' build argument 'cmake_target_skip_unavailable' from command line to 'False'
[1.799s] Level 5:colcon.colcon_core.verb:set package 'my_bot' build argument 'cmake_clean_cache' from command line to 'False'
[1.799s] Level 5:colcon.colcon_core.verb:set package 'my_bot' build argument 'cmake_clean_first' from command line to 'False'
[1.799s] Level 5:colcon.colcon_core.verb:set package 'my_bot' build argument 'cmake_force_configure' from command line to 'False'
[1.799s] Level 5:colcon.colcon_core.verb:set package 'my_bot' build argument 'ament_cmake_args' from command line to 'None'
[1.799s] Level 5:colcon.colcon_core.verb:set package 'my_bot' build argument 'catkin_cmake_args' from command line to 'None'
[1.799s] Level 5:colcon.colcon_core.verb:set package 'my_bot' build argument 'catkin_skip_building_tests' from command line to 'False'
[1.800s] DEBUG:colcon.colcon_core.verb:Building package 'my_bot' with the following arguments: {'ament_cmake_args': None, 'build_base': '/home/bose/dev_ws/build/my_bot', 'catkin_cmake_args': None, 'catkin_skip_building_tests': False, 'cmake_args': None, 'cmake_clean_cache': False, 'cmake_clean_first': False, 'cmake_force_configure': False, 'cmake_target': None, 'cmake_target_skip_unavailable': False, 'install_base': '/home/bose/dev_ws/install/my_bot', 'merge_install': False, 'path': '/home/bose/dev_ws/src/my_bot', 'symlink_install': True, 'test_result_base': None}
[1.801s] Level 5:colcon.colcon_core.verb:set package 'serial' build argument 'cmake_args' from command line to 'None'
[1.801s] Level 5:colcon.colcon_core.verb:set package 'serial' build argument 'cmake_target' from command line to 'None'
[1.802s] Level 5:colcon.colcon_core.verb:set package 'serial' build argument 'cmake_target_skip_unavailable' from command line to 'False'
[1.802s] Level 5:colcon.colcon_core.verb:set package 'serial' build argument 'cmake_clean_cache' from command line to 'False'
[1.802s] Level 5:colcon.colcon_core.verb:set package 'serial' build argument 'cmake_clean_first' from command line to 'False'
[1.802s] Level 5:colcon.colcon_core.verb:set package 'serial' build argument 'cmake_force_configure' from command line to 'False'
[1.802s] Level 5:colcon.colcon_core.verb:set package 'serial' build argument 'ament_cmake_args' from command line to 'None'
[1.802s] Level 5:colcon.colcon_core.verb:set package 'serial' build argument 'catkin_cmake_args' from command line to 'None'
[1.802s] Level 5:colcon.colcon_core.verb:set package 'serial' build argument 'catkin_skip_building_tests' from command line to 'False'
[1.803s] DEBUG:colcon.colcon_core.verb:Building package 'serial' with the following arguments: {'ament_cmake_args': None, 'build_base': '/home/bose/dev_ws/build/serial', 'catkin_cmake_args': None, 'catkin_skip_building_tests': False, 'cmake_args': None, 'cmake_clean_cache': False, 'cmake_clean_first': False, 'cmake_force_configure': False, 'cmake_target': None, 'cmake_target_skip_unavailable': False, 'install_base': '/home/bose/dev_ws/install/serial', 'merge_install': False, 'path': '/home/bose/dev_ws/src/serial', 'symlink_install': True, 'test_result_base': None}
[1.803s] INFO:colcon.colcon_core.executor:Executing jobs using 'parallel' executor
[1.807s] DEBUG:colcon.colcon_parallel_executor.executor.parallel:run_until_complete
[1.809s] INFO:colcon.colcon_ros.task.ament_cmake.build:Building ROS package in '/home/bose/dev_ws/src/diffdrive_arduino' with build type 'ament_cmake'
[1.810s] INFO:colcon.colcon_cmake.task.cmake.build:Building CMake package in '/home/bose/dev_ws/src/diffdrive_arduino'
[1.822s] INFO:colcon.colcon_core.plugin_system:Skipping extension 'colcon_core.shell.bat': Not used on non-Windows systems
[1.823s] INFO:colcon.colcon_core.shell:Skip shell extension 'powershell' for command environment: Not usable outside of PowerShell
[1.823s] DEBUG:colcon.colcon_core.shell:Skip shell extension 'dsv' for command environment
[1.850s] INFO:colcon.colcon_ros.task.ament_cmake.build:Building ROS package in '/home/bose/dev_ws/src/my_bot' with build type 'ament_cmake'
[1.851s] INFO:colcon.colcon_cmake.task.cmake.build:Building CMake package in '/home/bose/dev_ws/src/my_bot'
[1.852s] INFO:colcon.colcon_core.shell:Skip shell extension 'powershell' for command environment: Not usable outside of PowerShell
[1.853s] DEBUG:colcon.colcon_core.shell:Skip shell extension 'dsv' for command environment
[1.882s] INFO:colcon.colcon_ros.task.ament_cmake.build:Building ROS package in '/home/bose/dev_ws/src/serial' with build type 'ament_cmake'
[1.882s] INFO:colcon.colcon_cmake.task.cmake.build:Building CMake package in '/home/bose/dev_ws/src/serial'
[1.884s] INFO:colcon.colcon_core.shell:Skip shell extension 'powershell' for command environment: Not usable outside of PowerShell
[1.884s] DEBUG:colcon.colcon_core.shell:Skip shell extension 'dsv' for command environment
[1.938s] DEBUG:colcon.colcon_core.event_handler.log_command:Invoking command in '/home/bose/dev_ws/build/diffdrive_arduino': CMAKE_PREFIX_PATH=${CMAKE_PREFIX_PATH}:/home/bose/ros2_ws/install/serial_motor_demo:/opt/ros/humble /usr/bin/cmake --build /home/bose/dev_ws/build/diffdrive_arduino -- -j4 -l4
[1.966s] DEBUG:colcon.colcon_core.event_handler.log_command:Invoking command in '/home/bose/dev_ws/build/my_bot': CMAKE_PREFIX_PATH=${CMAKE_PREFIX_PATH}:/home/bose/ros2_ws/install/serial_motor_demo:/opt/ros/humble /usr/bin/cmake --build /home/bose/dev_ws/build/my_bot -- -j4 -l4
[1.997s] DEBUG:colcon.colcon_core.event_handler.log_command:Invoking command in '/home/bose/dev_ws/build/serial': CMAKE_PREFIX_PATH=${CMAKE_PREFIX_PATH}:/home/bose/ros2_ws/install/serial_motor_demo:/opt/ros/humble /usr/bin/cmake --build /home/bose/dev_ws/build/serial -- -j4 -l4
[2.631s] DEBUG:colcon.colcon_core.event_handler.log_command:Invoked command in '/home/bose/dev_ws/build/diffdrive_arduino' returned '0': CMAKE_PREFIX_PATH=${CMAKE_PREFIX_PATH}:/home/bose/ros2_ws/install/serial_motor_demo:/opt/ros/humble /usr/bin/cmake --build /home/bose/dev_ws/build/diffdrive_arduino -- -j4 -l4
[2.766s] DEBUG:colcon.colcon_core.event_handler.log_command:Invoking command in '/home/bose/dev_ws/build/diffdrive_arduino': CMAKE_PREFIX_PATH=${CMAKE_PREFIX_PATH}:/home/bose/ros2_ws/install/serial_motor_demo:/opt/ros/humble /usr/bin/cmake --install /home/bose/dev_ws/build/diffdrive_arduino
[2.972s] DEBUG:colcon.colcon_core.event_handler.log_command:Invoked command in '/home/bose/dev_ws/build/serial' returned '0': CMAKE_PREFIX_PATH=${CMAKE_PREFIX_PATH}:/home/bose/ros2_ws/install/serial_motor_demo:/opt/ros/humble /usr/bin/cmake --build /home/bose/dev_ws/build/serial -- -j4 -l4
[2.983s] DEBUG:colcon.colcon_core.event_handler.log_command:Invoking command in '/home/bose/dev_ws/build/serial': CMAKE_PREFIX_PATH=${CMAKE_PREFIX_PATH}:/home/bose/ros2_ws/install/serial_motor_demo:/opt/ros/humble /usr/bin/cmake --install /home/bose/dev_ws/build/serial
[3.010s] Level 1:colcon.colcon_core.environment:create_environment_scripts_only(diffdrive_arduino)
[3.022s] DEBUG:colcon.colcon_core.event_handler.log_command:Invoked command in '/home/bose/dev_ws/build/diffdrive_arduino' returned '0': CMAKE_PREFIX_PATH=${CMAKE_PREFIX_PATH}:/home/bose/ros2_ws/install/serial_motor_demo:/opt/ros/humble /usr/bin/cmake --install /home/bose/dev_ws/build/diffdrive_arduino
[3.032s] Level 1:colcon.colcon_core.environment:checking '/home/bose/dev_ws/install/diffdrive_arduino' for CMake module files
[3.036s] Level 1:colcon.colcon_core.environment:checking '/home/bose/dev_ws/install/diffdrive_arduino' for CMake config files
[3.068s] Level 1:colcon.colcon_core.shell:create_environment_hook('diffdrive_arduino', 'cmake_prefix_path')
[3.071s] INFO:colcon.colcon_core.shell:Creating environment hook '/home/bose/dev_ws/install/diffdrive_arduino/share/diffdrive_arduino/hook/cmake_prefix_path.ps1'
[3.093s] INFO:colcon.colcon_core.shell:Creating environment descriptor '/home/bose/dev_ws/install/diffdrive_arduino/share/diffdrive_arduino/hook/cmake_prefix_path.dsv'
[3.102s] INFO:colcon.colcon_core.shell:Creating environment hook '/home/bose/dev_ws/install/diffdrive_arduino/share/diffdrive_arduino/hook/cmake_prefix_path.sh'
[3.111s] Level 1:colcon.colcon_core.environment:checking '/home/bose/dev_ws/install/diffdrive_arduino/lib'
[3.113s] Level 1:colcon.colcon_core.shell:create_environment_hook('diffdrive_arduino', 'ld_library_path_lib')
[3.116s] INFO:colcon.colcon_core.shell:Creating environment hook '/home/bose/dev_ws/install/diffdrive_arduino/share/diffdrive_arduino/hook/ld_library_path_lib.ps1'
[3.122s] INFO:colcon.colcon_core.shell:Creating environment descriptor '/home/bose/dev_ws/install/diffdrive_arduino/share/diffdrive_arduino/hook/ld_library_path_lib.dsv'
[3.133s] INFO:colcon.colcon_core.shell:Creating environment hook '/home/bose/dev_ws/install/diffdrive_arduino/share/diffdrive_arduino/hook/ld_library_path_lib.sh'
[3.139s] Level 1:colcon.colcon_core.environment:checking '/home/bose/dev_ws/install/diffdrive_arduino/bin'
[3.140s] Level 1:colcon.colcon_core.environment:checking '/home/bose/dev_ws/install/diffdrive_arduino/lib/pkgconfig/diffdrive_arduino.pc'
[3.142s] Level 1:colcon.colcon_core.environment:checking '/home/bose/dev_ws/install/diffdrive_arduino/lib/python3.10/site-packages'
[3.144s] Level 1:colcon.colcon_core.environment:checking '/home/bose/dev_ws/install/diffdrive_arduino/bin'
[3.146s] INFO:colcon.colcon_core.shell:Creating package script '/home/bose/dev_ws/install/diffdrive_arduino/share/diffdrive_arduino/package.ps1'
[3.157s] INFO:colcon.colcon_core.shell:Creating package descriptor '/home/bose/dev_ws/install/diffdrive_arduino/share/diffdrive_arduino/package.dsv'
[3.172s] INFO:colcon.colcon_core.shell:Creating package script '/home/bose/dev_ws/install/diffdrive_arduino/share/diffdrive_arduino/package.sh'
[3.176s] INFO:colcon.colcon_core.shell:Creating package script '/home/bose/dev_ws/install/diffdrive_arduino/share/diffdrive_arduino/package.bash'
[3.181s] INFO:colcon.colcon_core.shell:Creating package script '/home/bose/dev_ws/install/diffdrive_arduino/share/diffdrive_arduino/package.zsh'
[3.185s] Level 1:colcon.colcon_core.environment:create_file_with_runtime_dependencies(/home/bose/dev_ws/install/diffdrive_arduino/share/colcon-core/packages/diffdrive_arduino)
[3.189s] Level 1:colcon.colcon_core.environment:create_environment_scripts_only(diffdrive_arduino)
[3.191s] Level 1:colcon.colcon_core.environment:checking '/home/bose/dev_ws/install/diffdrive_arduino' for CMake module files
[3.195s] Level 1:colcon.colcon_core.environment:checking '/home/bose/dev_ws/install/diffdrive_arduino' for CMake config files
[3.200s] Level 1:colcon.colcon_core.shell:create_environment_hook('diffdrive_arduino', 'cmake_prefix_path')
[3.201s] INFO:colcon.colcon_core.shell:Creating environment hook '/home/bose/dev_ws/install/diffdrive_arduino/share/diffdrive_arduino/hook/cmake_prefix_path.ps1'
[3.204s] INFO:colcon.colcon_core.shell:Creating environment descriptor '/home/bose/dev_ws/install/diffdrive_arduino/share/diffdrive_arduino/hook/cmake_prefix_path.dsv'
[3.206s] INFO:colcon.colcon_core.shell:Creating environment hook '/home/bose/dev_ws/install/diffdrive_arduino/share/diffdrive_arduino/hook/cmake_prefix_path.sh'
[3.209s] Level 1:colcon.colcon_core.environment:checking '/home/bose/dev_ws/install/diffdrive_arduino/lib'
[3.209s] Level 1:colcon.colcon_core.shell:create_environment_hook('diffdrive_arduino', 'ld_library_path_lib')
[3.210s] INFO:colcon.colcon_core.shell:Creating environment hook '/home/bose/dev_ws/install/diffdrive_arduino/share/diffdrive_arduino/hook/ld_library_path_lib.ps1'
[3.212s] INFO:colcon.colcon_core.shell:Creating environment descriptor '/home/bose/dev_ws/install/diffdrive_arduino/share/diffdrive_arduino/hook/ld_library_path_lib.dsv'
[3.215s] INFO:colcon.colcon_core.shell:Creating environment hook '/home/bose/dev_ws/install/diffdrive_arduino/share/diffdrive_arduino/hook/ld_library_path_lib.sh'
[3.217s] Level 1:colcon.colcon_core.environment:checking '/home/bose/dev_ws/install/diffdrive_arduino/bin'
[3.218s] Level 1:colcon.colcon_core.environment:checking '/home/bose/dev_ws/install/diffdrive_arduino/lib/pkgconfig/diffdrive_arduino.pc'
[3.219s] Level 1:colcon.colcon_core.environment:checking '/home/bose/dev_ws/install/diffdrive_arduino/lib/python3.10/site-packages'
[3.220s] Level 1:colcon.colcon_core.environment:checking '/home/bose/dev_ws/install/diffdrive_arduino/bin'
[3.221s] INFO:colcon.colcon_core.shell:Creating package script '/home/bose/dev_ws/install/diffdrive_arduino/share/diffdrive_arduino/package.ps1'
[3.226s] INFO:colcon.colcon_core.shell:Creating package descriptor '/home/bose/dev_ws/install/diffdrive_arduino/share/diffdrive_arduino/package.dsv'
[3.230s] INFO:colcon.colcon_core.shell:Creating package script '/home/bose/dev_ws/install/diffdrive_arduino/share/diffdrive_arduino/package.sh'
[3.233s] INFO:colcon.colcon_core.shell:Creating package script '/home/bose/dev_ws/install/diffdrive_arduino/share/diffdrive_arduino/package.bash'
[3.236s] INFO:colcon.colcon_core.shell:Creating package script '/home/bose/dev_ws/install/diffdrive_arduino/share/diffdrive_arduino/package.zsh'
[3.238s] Level 1:colcon.colcon_core.environment:create_file_with_runtime_dependencies(/home/bose/dev_ws/install/diffdrive_arduino/share/colcon-core/packages/diffdrive_arduino)
[3.243s] Level 1:colcon.colcon_core.environment:create_environment_scripts_only(serial)
[3.244s] Level 1:colcon.colcon_core.environment:checking '/home/bose/dev_ws/install/serial' for CMake module files
[3.246s] DEBUG:colcon.colcon_core.event_handler.log_command:Invoked command in '/home/bose/dev_ws/build/serial' returned '0': CMAKE_PREFIX_PATH=${CMAKE_PREFIX_PATH}:/home/bose/ros2_ws/install/serial_motor_demo:/opt/ros/humble /usr/bin/cmake --install /home/bose/dev_ws/build/serial
[3.250s] Level 1:colcon.colcon_core.environment:checking '/home/bose/dev_ws/install/serial' for CMake config files
[3.253s] Level 1:colcon.colcon_core.shell:create_environment_hook('serial', 'cmake_prefix_path')
[3.254s] INFO:colcon.colcon_core.shell:Creating environment hook '/home/bose/dev_ws/install/serial/share/serial/hook/cmake_prefix_path.ps1'
[3.257s] INFO:colcon.colcon_core.shell:Creating environment descriptor '/home/bose/dev_ws/install/serial/share/serial/hook/cmake_prefix_path.dsv'
[3.260s] INFO:colcon.colcon_core.shell:Creating environment hook '/home/bose/dev_ws/install/serial/share/serial/hook/cmake_prefix_path.sh'
[3.264s] Level 1:colcon.colcon_core.environment:checking '/home/bose/dev_ws/install/serial/lib'
[3.264s] Level 1:colcon.colcon_core.environment:checking '/home/bose/dev_ws/install/serial/bin'
[3.265s] Level 1:colcon.colcon_core.environment:checking '/home/bose/dev_ws/install/serial/lib/pkgconfig/serial.pc'
[3.266s] Level 1:colcon.colcon_core.environment:checking '/home/bose/dev_ws/install/serial/lib/python3.10/site-packages'
[3.267s] Level 1:colcon.colcon_core.environment:checking '/home/bose/dev_ws/install/serial/bin'
[3.268s] INFO:colcon.colcon_core.shell:Creating package script '/home/bose/dev_ws/install/serial/share/serial/package.ps1'
[3.271s] INFO:colcon.colcon_core.shell:Creating package descriptor '/home/bose/dev_ws/install/serial/share/serial/package.dsv'
[3.273s] INFO:colcon.colcon_core.shell:Creating package script '/home/bose/dev_ws/install/serial/share/serial/package.sh'
[3.275s] INFO:colcon.colcon_core.shell:Creating package script '/home/bose/dev_ws/install/serial/share/serial/package.bash'
[3.278s] INFO:colcon.colcon_core.shell:Creating package script '/home/bose/dev_ws/install/serial/share/serial/package.zsh'
[3.280s] Level 1:colcon.colcon_core.environment:create_file_with_runtime_dependencies(/home/bose/dev_ws/install/serial/share/colcon-core/packages/serial)
[3.282s] Level 1:colcon.colcon_core.environment:create_environment_scripts_only(serial)
[3.284s] Level 1:colcon.colcon_core.environment:checking '/home/bose/dev_ws/install/serial' for CMake module files
[3.286s] Level 1:colcon.colcon_core.environment:checking '/home/bose/dev_ws/install/serial' for CMake config files
[3.289s] Level 1:colcon.colcon_core.shell:create_environment_hook('serial', 'cmake_prefix_path')
[3.290s] INFO:colcon.colcon_core.shell:Creating environment hook '/home/bose/dev_ws/install/serial/share/serial/hook/cmake_prefix_path.ps1'
[3.293s] INFO:colcon.colcon_core.shell:Creating environment descriptor '/home/bose/dev_ws/install/serial/share/serial/hook/cmake_prefix_path.dsv'
[3.295s] INFO:colcon.colcon_core.shell:Creating environment hook '/home/bose/dev_ws/install/serial/share/serial/hook/cmake_prefix_path.sh'
[3.298s] Level 1:colcon.colcon_core.environment:checking '/home/bose/dev_ws/install/serial/lib'
[3.298s] Level 1:colcon.colcon_core.environment:checking '/home/bose/dev_ws/install/serial/bin'
[3.299s] Level 1:colcon.colcon_core.environment:checking '/home/bose/dev_ws/install/serial/lib/pkgconfig/serial.pc'
[3.300s] Level 1:colcon.colcon_core.environment:checking '/home/bose/dev_ws/install/serial/lib/python3.10/site-packages'
[3.301s] Level 1:colcon.colcon_core.environment:checking '/home/bose/dev_ws/install/serial/bin'
[3.302s] INFO:colcon.colcon_core.shell:Creating package script '/home/bose/dev_ws/install/serial/share/serial/package.ps1'
[3.305s] INFO:colcon.colcon_core.shell:Creating package descriptor '/home/bose/dev_ws/install/serial/share/serial/package.dsv'
[3.307s] INFO:colcon.colcon_core.shell:Creating package script '/home/bose/dev_ws/install/serial/share/serial/package.sh'
[3.310s] INFO:colcon.colcon_core.shell:Creating package script '/home/bose/dev_ws/install/serial/share/serial/package.bash'
[3.312s] INFO:colcon.colcon_core.shell:Creating package script '/home/bose/dev_ws/install/serial/share/serial/package.zsh'
[3.315s] Level 1:colcon.colcon_core.environment:create_file_with_runtime_dependencies(/home/bose/dev_ws/install/serial/share/colcon-core/packages/serial)
[7.220s] DEBUG:colcon.colcon_core.event_handler.log_command:Invoked command in '/home/bose/dev_ws/build/my_bot' returned '0': CMAKE_PREFIX_PATH=${CMAKE_PREFIX_PATH}:/home/bose/ros2_ws/install/serial_motor_demo:/opt/ros/humble /usr/bin/cmake --build /home/bose/dev_ws/build/my_bot -- -j4 -l4
[7.230s] DEBUG:colcon.colcon_core.event_handler.log_command:Invoking command in '/home/bose/dev_ws/build/my_bot': CMAKE_PREFIX_PATH=${CMAKE_PREFIX_PATH}:/home/bose/ros2_ws/install/serial_motor_demo:/opt/ros/humble /usr/bin/cmake --install /home/bose/dev_ws/build/my_bot
[7.386s] Level 1:colcon.colcon_core.environment:create_environment_scripts_only(my_bot)
[7.388s] Level 1:colcon.colcon_core.environment:checking '/home/bose/dev_ws/install/my_bot' for CMake module files
[7.392s] Level 1:colcon.colcon_core.environment:checking '/home/bose/dev_ws/install/my_bot' for CMake config files
[7.396s] Level 1:colcon.colcon_core.shell:create_environment_hook('my_bot', 'cmake_prefix_path')
[7.397s] DEBUG:colcon.colcon_core.event_handler.log_command:Invoked command in '/home/bose/dev_ws/build/my_bot' returned '0': CMAKE_PREFIX_PATH=${CMAKE_PREFIX_PATH}:/home/bose/ros2_ws/install/serial_motor_demo:/opt/ros/humble /usr/bin/cmake --install /home/bose/dev_ws/build/my_bot
[7.398s] INFO:colcon.colcon_core.shell:Creating environment hook '/home/bose/dev_ws/install/my_bot/share/my_bot/hook/cmake_prefix_path.ps1'
[7.401s] INFO:colcon.colcon_core.shell:Creating environment descriptor '/home/bose/dev_ws/install/my_bot/share/my_bot/hook/cmake_prefix_path.dsv'
[7.404s] INFO:colcon.colcon_core.shell:Creating environment hook '/home/bose/dev_ws/install/my_bot/share/my_bot/hook/cmake_prefix_path.sh'
[7.408s] Level 1:colcon.colcon_core.environment:checking '/home/bose/dev_ws/install/my_bot/lib'
[7.408s] Level 1:colcon.colcon_core.shell:create_environment_hook('my_bot', 'ld_library_path_lib')
[7.410s] INFO:colcon.colcon_core.shell:Creating environment hook '/home/bose/dev_ws/install/my_bot/share/my_bot/hook/ld_library_path_lib.ps1'
[7.412s] INFO:colcon.colcon_core.shell:Creating environment descriptor '/home/bose/dev_ws/install/my_bot/share/my_bot/hook/ld_library_path_lib.dsv'
[7.414s] INFO:colcon.colcon_core.shell:Creating environment hook '/home/bose/dev_ws/install/my_bot/share/my_bot/hook/ld_library_path_lib.sh'
[7.417s] Level 1:colcon.colcon_core.environment:checking '/home/bose/dev_ws/install/my_bot/bin'
[7.417s] Level 1:colcon.colcon_core.environment:checking '/home/bose/dev_ws/install/my_bot/lib/pkgconfig/my_bot.pc'
[7.419s] Level 1:colcon.colcon_core.environment:checking '/home/bose/dev_ws/install/my_bot/lib/python3.10/site-packages'
[7.420s] Level 1:colcon.colcon_core.environment:checking '/home/bose/dev_ws/install/my_bot/bin'
[7.421s] INFO:colcon.colcon_core.shell:Creating package script '/home/bose/dev_ws/install/my_bot/share/my_bot/package.ps1'
[7.424s] INFO:colcon.colcon_core.shell:Creating package descriptor '/home/bose/dev_ws/install/my_bot/share/my_bot/package.dsv'
[7.427s] INFO:colcon.colcon_core.shell:Creating package script '/home/bose/dev_ws/install/my_bot/share/my_bot/package.sh'
[7.430s] INFO:colcon.colcon_core.shell:Creating package script '/home/bose/dev_ws/install/my_bot/share/my_bot/package.bash'
[7.432s] INFO:colcon.colcon_core.shell:Creating package script '/home/bose/dev_ws/install/my_bot/share/my_bot/package.zsh'
[7.434s] Level 1:colcon.colcon_core.environment:create_file_with_runtime_dependencies(/home/bose/dev_ws/install/my_bot/share/colcon-core/packages/my_bot)
[7.438s] Level 1:colcon.colcon_core.environment:create_environment_scripts_only(my_bot)
[7.440s] Level 1:colcon.colcon_core.environment:checking '/home/bose/dev_ws/install/my_bot' for CMake module files
[7.443s] Level 1:colcon.colcon_core.environment:checking '/home/bose/dev_ws/install/my_bot' for CMake config files
[7.446s] Level 1:colcon.colcon_core.shell:create_environment_hook('my_bot', 'cmake_prefix_path')
[7.447s] INFO:colcon.colcon_core.shell:Creating environment hook '/home/bose/dev_ws/install/my_bot/share/my_bot/hook/cmake_prefix_path.ps1'
[7.449s] INFO:colcon.colcon_core.shell:Creating environment descriptor '/home/bose/dev_ws/install/my_bot/share/my_bot/hook/cmake_prefix_path.dsv'
[7.451s] INFO:colcon.colcon_core.shell:Creating environment hook '/home/bose/dev_ws/install/my_bot/share/my_bot/hook/cmake_prefix_path.sh'
[7.455s] Level 1:colcon.colcon_core.environment:checking '/home/bose/dev_ws/install/my_bot/lib'
[7.455s] Level 1:colcon.colcon_core.shell:create_environment_hook('my_bot', 'ld_library_path_lib')
[7.456s] INFO:colcon.colcon_core.shell:Creating environment hook '/home/bose/dev_ws/install/my_bot/share/my_bot/hook/ld_library_path_lib.ps1'
[7.459s] INFO:colcon.colcon_core.shell:Creating environment descriptor '/home/bose/dev_ws/install/my_bot/share/my_bot/hook/ld_library_path_lib.dsv'
[7.461s] INFO:colcon.colcon_core.shell:Creating environment hook '/home/bose/dev_ws/install/my_bot/share/my_bot/hook/ld_library_path_lib.sh'
[7.463s] Level 1:colcon.colcon_core.environment:checking '/home/bose/dev_ws/install/my_bot/bin'
[7.464s] Level 1:colcon.colcon_core.environment:checking '/home/bose/dev_ws/install/my_bot/lib/pkgconfig/my_bot.pc'
[7.465s] Level 1:colcon.colcon_core.environment:checking '/home/bose/dev_ws/install/my_bot/lib/python3.10/site-packages'
[7.466s] Level 1:colcon.colcon_core.environment:checking '/home/bose/dev_ws/install/my_bot/bin'
[7.468s] INFO:colcon.colcon_core.shell:Creating package script '/home/bose/dev_ws/install/my_bot/share/my_bot/package.ps1'
[7.470s] INFO:colcon.colcon_core.shell:Creating package descriptor '/home/bose/dev_ws/install/my_bot/share/my_bot/package.dsv'
[7.472s] INFO:colcon.colcon_core.shell:Creating package script '/home/bose/dev_ws/install/my_bot/share/my_bot/package.sh'
[7.475s] INFO:colcon.colcon_core.shell:Creating package script '/home/bose/dev_ws/install/my_bot/share/my_bot/package.bash'
[7.477s] INFO:colcon.colcon_core.shell:Creating package script '/home/bose/dev_ws/install/my_bot/share/my_bot/package.zsh'
[7.479s] Level 1:colcon.colcon_core.environment:create_file_with_runtime_dependencies(/home/bose/dev_ws/install/my_bot/share/colcon-core/packages/my_bot)
[7.481s] DEBUG:colcon.colcon_parallel_executor.executor.parallel:closing loop
[7.482s] DEBUG:colcon.colcon_parallel_executor.executor.parallel:loop closed
[7.483s] DEBUG:colcon.colcon_parallel_executor.executor.parallel:run_until_complete finished with '0'
[7.483s] DEBUG:colcon.colcon_core.event_reactor:joining thread
[7.507s] INFO:colcon.colcon_core.plugin_system:Skipping extension 'colcon_notification.desktop_notification.terminal_notifier': Not used on non-Darwin systems
[7.507s] INFO:colcon.colcon_core.plugin_system:Skipping extension 'colcon_notification.desktop_notification.win32': Not used on non-Windows systems
[7.508s] INFO:colcon.colcon_notification.desktop_notification:Sending desktop notification using 'notify2'
[7.578s] DEBUG:colcon.colcon_core.event_reactor:joined thread
[7.579s] INFO:colcon.colcon_core.shell:Creating prefix script '/home/bose/dev_ws/install/local_setup.ps1'
[7.585s] INFO:colcon.colcon_core.shell:Creating prefix util module '/home/bose/dev_ws/install/_local_setup_util_ps1.py'
[7.594s] INFO:colcon.colcon_core.shell:Creating prefix chain script '/home/bose/dev_ws/install/setup.ps1'
[7.603s] INFO:colcon.colcon_core.shell:Creating prefix script '/home/bose/dev_ws/install/local_setup.sh'
[7.608s] INFO:colcon.colcon_core.shell:Creating prefix util module '/home/bose/dev_ws/install/_local_setup_util_sh.py'
[7.611s] INFO:colcon.colcon_core.shell:Creating prefix chain script '/home/bose/dev_ws/install/setup.sh'
[7.618s] INFO:colcon.colcon_core.shell:Creating prefix script '/home/bose/dev_ws/install/local_setup.bash'
[7.621s] INFO:colcon.colcon_core.shell:Creating prefix chain script '/home/bose/dev_ws/install/setup.bash'
[7.628s] INFO:colcon.colcon_core.shell:Creating prefix script '/home/bose/dev_ws/install/local_setup.zsh'
[7.630s] INFO:colcon.colcon_core.shell:Creating prefix chain script '/home/bose/dev_ws/install/setup.zsh'
