[0.127s] Invoking command in '/home/bose/dev_ws/build/diffdrive_arduino': CMAKE_PREFIX_PATH=${CMAKE_PREFIX_PATH}:/home/bose/ros2_ws/install/serial_motor_demo:/opt/ros/humble /usr/bin/cmake --build /home/bose/dev_ws/build/diffdrive_arduino -- -j4 -l4
[0.410s] [35m[1mConsolidate compiler generated dependencies of target diffdrive_arduino[0m
[0.734s] [100%] Built target diffdrive_arduino
[0.820s] Invoked command in '/home/bose/dev_ws/build/diffdrive_arduino' returned '0': CMAKE_PREFIX_PATH=${CMAKE_PREFIX_PATH}:/home/bose/ros2_ws/install/serial_motor_demo:/opt/ros/humble /usr/bin/cmake --build /home/bose/dev_ws/build/diffdrive_arduino -- -j4 -l4
[0.955s] Invoking command in '/home/bose/dev_ws/build/diffdrive_arduino': CMAKE_PREFIX_PATH=${CMAKE_PREFIX_PATH}:/home/bose/ros2_ws/install/serial_motor_demo:/opt/ros/humble /usr/bin/cmake --install /home/bose/dev_ws/build/diffdrive_arduino
[1.027s] -- Install configuration: ""
[1.031s] -- Execute custom install script
[1.034s] -- Up-to-date symlink: /home/bose/dev_ws/install/diffdrive_arduino/share/diffdrive_arduino//diffdrive_arduino.xml
[1.038s] -- Up-to-date symlink: /home/bose/dev_ws/install/diffdrive_arduino/include/diffdrive_arduino/diffdrive_arduino/arduino_comms.hpp
[1.041s] -- Up-to-date symlink: /home/bose/dev_ws/install/diffdrive_arduino/include/diffdrive_arduino/diffdrive_arduino/diffbot_system.hpp
[1.044s] -- Up-to-date symlink: /home/bose/dev_ws/install/diffdrive_arduino/include/diffdrive_arduino/diffdrive_arduino/visibility_control.h
[1.046s] -- Up-to-date symlink: /home/bose/dev_ws/install/diffdrive_arduino/include/diffdrive_arduino/diffdrive_arduino/wheel.hpp
[1.050s] -- Up-to-date symlink: /home/bose/dev_ws/install/diffdrive_arduino/share/diffdrive_arduino/launch/view_robot.launch.py
[1.055s] -- Up-to-date symlink: /home/bose/dev_ws/install/diffdrive_arduino/share/diffdrive_arduino/ros2_control/diffbot.ros2_control.xacro
[1.056s] -- Up-to-date symlink: /home/bose/dev_ws/install/diffdrive_arduino/share/diffdrive_arduino/urdf/diffbot.materials.xacro
[1.058s] -- Up-to-date symlink: /home/bose/dev_ws/install/diffdrive_arduino/share/diffdrive_arduino/urdf/diffbot.urdf.xacro
[1.060s] -- Up-to-date symlink: /home/bose/dev_ws/install/diffdrive_arduino/share/diffdrive_arduino/urdf/diffbot_description.urdf.xacro
[1.064s] -- Up-to-date symlink: /home/bose/dev_ws/install/diffdrive_arduino/share/diffdrive_arduino/rviz/diffbot.rviz
[1.066s] -- Up-to-date symlink: /home/bose/dev_ws/install/diffdrive_arduino/share/diffdrive_arduino/rviz/diffbot_view.rviz
[1.069s] -- Up-to-date symlink: /home/bose/dev_ws/install/diffdrive_arduino/share/diffdrive_arduino/launch/diffbot.launch.py
[1.073s] -- Up-to-date symlink: /home/bose/dev_ws/install/diffdrive_arduino/share/diffdrive_arduino/config/diffbot_controllers.yaml
[1.076s] -- Up-to-date symlink: /home/bose/dev_ws/install/diffdrive_arduino/share/diffdrive_arduino/environment/library_path.sh
[1.079s] -- Up-to-date symlink: /home/bose/dev_ws/install/diffdrive_arduino/share/diffdrive_arduino/environment/library_path.dsv
[1.082s] -- Up-to-date symlink: /home/bose/dev_ws/install/diffdrive_arduino/share/ament_index/resource_index/package_run_dependencies/diffdrive_arduino
[1.085s] -- Up-to-date symlink: /home/bose/dev_ws/install/diffdrive_arduino/share/ament_index/resource_index/parent_prefix_path/diffdrive_arduino
[1.088s] -- Up-to-date symlink: /home/bose/dev_ws/install/diffdrive_arduino/share/diffdrive_arduino/environment/ament_prefix_path.sh
[1.091s] -- Up-to-date symlink: /home/bose/dev_ws/install/diffdrive_arduino/share/diffdrive_arduino/environment/ament_prefix_path.dsv
[1.095s] -- Up-to-date symlink: /home/bose/dev_ws/install/diffdrive_arduino/share/diffdrive_arduino/environment/path.sh
[1.098s] -- Up-to-date symlink: /home/bose/dev_ws/install/diffdrive_arduino/share/diffdrive_arduino/environment/path.dsv
[1.100s] -- Up-to-date symlink: /home/bose/dev_ws/install/diffdrive_arduino/share/diffdrive_arduino/local_setup.bash
[1.102s] -- Up-to-date symlink: /home/bose/dev_ws/install/diffdrive_arduino/share/diffdrive_arduino/local_setup.sh
[1.105s] -- Up-to-date symlink: /home/bose/dev_ws/install/diffdrive_arduino/share/diffdrive_arduino/local_setup.zsh
[1.107s] -- Up-to-date symlink: /home/bose/dev_ws/install/diffdrive_arduino/share/diffdrive_arduino/local_setup.dsv
[1.110s] -- Symlinking: /home/bose/dev_ws/install/diffdrive_arduino/share/diffdrive_arduino/package.dsv
[1.173s] -- Up-to-date symlink: /home/bose/dev_ws/install/diffdrive_arduino/share/ament_index/resource_index/packages/diffdrive_arduino
[1.174s] -- Up-to-date symlink: /home/bose/dev_ws/install/diffdrive_arduino/share/ament_index/resource_index/hardware_interface__pluginlib__plugin/diffdrive_arduino
[1.174s] -- Up-to-date symlink: /home/bose/dev_ws/install/diffdrive_arduino/share/diffdrive_arduino/cmake/ament_cmake_export_targets-extras.cmake
[1.176s] -- Up-to-date symlink: /home/bose/dev_ws/install/diffdrive_arduino/share/diffdrive_arduino/cmake/ament_cmake_export_dependencies-extras.cmake
[1.180s] -- Up-to-date symlink: /home/bose/dev_ws/install/diffdrive_arduino/share/diffdrive_arduino/cmake/diffdrive_arduinoConfig.cmake
[1.181s] -- Up-to-date symlink: /home/bose/dev_ws/install/diffdrive_arduino/share/diffdrive_arduino/cmake/diffdrive_arduinoConfig-version.cmake
[1.185s] -- Up-to-date symlink: /home/bose/dev_ws/install/diffdrive_arduino/share/diffdrive_arduino/package.xml
[1.187s] -- Up-to-date: /home/bose/dev_ws/install/diffdrive_arduino/lib/libdiffdrive_arduino.so
[1.189s] -- Up-to-date: /home/bose/dev_ws/install/diffdrive_arduino/share/diffdrive_arduino/cmake/export_diffdrive_arduinoExport.cmake
[1.190s] -- Up-to-date: /home/bose/dev_ws/install/diffdrive_arduino/share/diffdrive_arduino/cmake/export_diffdrive_arduinoExport-noconfig.cmake
[1.211s] Invoked command in '/home/bose/dev_ws/build/diffdrive_arduino' returned '0': CMAKE_PREFIX_PATH=${CMAKE_PREFIX_PATH}:/home/bose/ros2_ws/install/serial_motor_demo:/opt/ros/humble /usr/bin/cmake --install /home/bose/dev_ws/build/diffdrive_arduino
