[0.081s] Invoking command in '/home/bose/dev_ws/src/my_bot/build/my_bot': CMAKE_PREFIX_PATH=${CMAKE_PREFIX_PATH}:/home/bose/ros2_ws/install/serial_motor_demo:/opt/ros/humble /usr/bin/cmake /home/bose/dev_ws/src/my_bot -DAMENT_CMAKE_SYMLINK_INSTALL=1 -DCMAKE_INSTALL_PREFIX=/home/bose/dev_ws/src/my_bot/install/my_bot
[0.497s] -- The CXX compiler identification is GNU 11.4.0
[0.553s] -- Detecting CXX compiler ABI info
[1.042s] -- Detecting CXX compiler ABI info - done
[1.074s] -- Check for working CXX compiler: /usr/bin/c++ - skipped
[1.075s] -- Detecting CXX compile features
[1.077s] -- Detecting CXX compile features - done
[1.121s] -- Found ament_cmake: 1.3.11 (/opt/ros/humble/share/ament_cmake/cmake)
[2.082s] -- Found Python3: /usr/bin/python3 (found version "3.10.12") found components: Interpreter 
[2.392s] -- Override CMake install command with custom implementation using symlinks instead of copying resources
[2.810s] -- Found hardware_interface: 2.48.0 (/opt/ros/humble/share/hardware_interface/cmake)
[3.254s] -- Found rosidl_generator_c: 3.1.6 (/opt/ros/humble/share/rosidl_generator_c/cmake)
[3.317s] -- Found rosidl_adapter: 3.1.6 (/opt/ros/humble/share/rosidl_adapter/cmake)
[3.394s] -- Found rosidl_generator_cpp: 3.1.6 (/opt/ros/humble/share/rosidl_generator_cpp/cmake)
[3.489s] -- Using all available rosidl_typesupport_c: rosidl_typesupport_fastrtps_c;rosidl_typesupport_introspection_c
[3.620s] -- Using all available rosidl_typesupport_cpp: rosidl_typesupport_fastrtps_cpp;rosidl_typesupport_introspection_cpp
[5.131s] -- Found rmw_implementation_cmake: 6.1.2 (/opt/ros/humble/share/rmw_implementation_cmake/cmake)
[5.164s] -- Found rmw_fastrtps_cpp: 6.2.7 (/opt/ros/humble/share/rmw_fastrtps_cpp/cmake)
[5.379s] -- Found TinyXML2 via Config file: TinyXML2_DIR-NOTFOUND
[5.657s] -- Found OpenSSL: /usr/lib/aarch64-linux-gnu/libcrypto.so (found version "3.0.2")  
[5.669s] -- Found TinyXML2 via Config file: TinyXML2_DIR-NOTFOUND
[5.751s] -- Found FastRTPS: /opt/ros/humble/include  
[5.762s] -- Found TinyXML2 via Config file: TinyXML2_DIR-NOTFOUND
[5.797s] -- Found TinyXML2 via Config file: TinyXML2_DIR-NOTFOUND
[5.837s] -- Using RMW implementation 'rmw_fastrtps_cpp' as default
[5.938s] -- Looking for C++ include pthread.h
[6.367s] -- Looking for C++ include pthread.h - found
[6.370s] -- Performing Test CMAKE_HAVE_LIBC_PTHREAD
[6.836s] -- Performing Test CMAKE_HAVE_LIBC_PTHREAD - Success
[6.841s] -- Found Threads: TRUE  
[7.166s] -- Found PkgConfig: /usr/bin/pkg-config (found version "0.29.2") 
[7.169s] -- Checking for module 'libserial'
[7.236s] --   Found libserial, version 1.0.0
[7.468s] -- Found ament_lint_auto: 0.12.11 (/opt/ros/humble/share/ament_lint_auto/cmake)
[8.129s] -- Added test 'copyright' to check source files copyright and LICENSE
[8.205s] -- Added test 'cppcheck' to perform static code analysis on C / C++ code
[8.207s] -- Configured cppcheck include dirs: /home/bose/dev_ws/src/my_bot/hardware/include;/home/bose/dev_ws/src/my_bot/include;$<BUILD_INTERFACE:/home/bose/dev_ws/src/my_bot/hardware/include>
[8.207s] -- Configured cppcheck exclude dirs and/or files: 
[8.285s] -- Added test 'cpplint' to check C / C++ code against the Google style
[8.286s] -- Configured cpplint exclude dirs and/or files: 
[8.298s] -- Added test 'flake8' to check Python code syntax and style conventions
[8.320s] -- Added test 'lint_cmake' to check CMake code style
[8.334s] -- Added test 'pep257' to check Python code against some of the docstring style conventions in PEP 257
[8.415s] -- Added test 'uncrustify' to check C / C++ code style
[8.416s] -- Configured uncrustify additional arguments: 
[8.429s] -- Added test 'xmllint' to check XML markup files
[8.446s] -- Configuring done
[8.621s] -- Generating done
[8.644s] -- Build files have been written to: /home/bose/dev_ws/src/my_bot/build/my_bot
[8.689s] Invoked command in '/home/bose/dev_ws/src/my_bot/build/my_bot' returned '0': CMAKE_PREFIX_PATH=${CMAKE_PREFIX_PATH}:/home/bose/ros2_ws/install/serial_motor_demo:/opt/ros/humble /usr/bin/cmake /home/bose/dev_ws/src/my_bot -DAMENT_CMAKE_SYMLINK_INSTALL=1 -DCMAKE_INSTALL_PREFIX=/home/bose/dev_ws/src/my_bot/install/my_bot
[8.700s] Invoking command in '/home/bose/dev_ws/src/my_bot/build/my_bot': CMAKE_PREFIX_PATH=${CMAKE_PREFIX_PATH}:/home/bose/ros2_ws/install/serial_motor_demo:/opt/ros/humble /usr/bin/cmake --build /home/bose/dev_ws/src/my_bot/build/my_bot -- -j4 -l4
[8.959s] [ 50%] [32mBuilding CXX object CMakeFiles/my_bot.dir/hardware/diffbot_system.cpp.o[0m
[23.996s] [100%] [32m[1mLinking CXX shared library libmy_bot.so[0m
[24.958s] [100%] Built target my_bot
[25.005s] Invoked command in '/home/bose/dev_ws/src/my_bot/build/my_bot' returned '0': CMAKE_PREFIX_PATH=${CMAKE_PREFIX_PATH}:/home/bose/ros2_ws/install/serial_motor_demo:/opt/ros/humble /usr/bin/cmake --build /home/bose/dev_ws/src/my_bot/build/my_bot -- -j4 -l4
[25.055s] Invoking command in '/home/bose/dev_ws/src/my_bot/build/my_bot': CMAKE_PREFIX_PATH=${CMAKE_PREFIX_PATH}:/home/bose/ros2_ws/install/serial_motor_demo:/opt/ros/humble /usr/bin/cmake --install /home/bose/dev_ws/src/my_bot/build/my_bot
[25.086s] -- Install configuration: ""
[25.088s] -- Execute custom install script
[25.089s] -- Symlinking: /home/bose/dev_ws/src/my_bot/install/my_bot/share/my_bot//my_bot.xml
[25.128s] -- Up-to-date symlink: /home/bose/dev_ws/src/my_bot/install/my_bot/share/my_bot/my_bot.xml
[25.130s] -- Symlinking: /home/bose/dev_ws/src/my_bot/install/my_bot/include/my_bot/my_bot/arduino_comms.hpp
[25.167s] -- Symlinking: /home/bose/dev_ws/src/my_bot/install/my_bot/include/my_bot/my_bot/diffbot_system.hpp
[25.205s] -- Symlinking: /home/bose/dev_ws/src/my_bot/install/my_bot/include/my_bot/my_bot/visibility_control.h
[25.244s] -- Symlinking: /home/bose/dev_ws/src/my_bot/install/my_bot/include/my_bot/my_bot/wheel.hpp
[25.282s] -- Symlinking: /home/bose/dev_ws/src/my_bot/install/my_bot/share/my_bot/config/diffbot_controllers.yaml
[25.322s] -- Symlinking: /home/bose/dev_ws/src/my_bot/install/my_bot/share/my_bot/config/drive_ot.rviz
[25.362s] -- Symlinking: /home/bose/dev_ws/src/my_bot/install/my_bot/share/my_bot/config/empty.yaml
[25.400s] -- Symlinking: /home/bose/dev_ws/src/my_bot/install/my_bot/share/my_bot/config/gazebo_params.yaml
[25.436s] -- Symlinking: /home/bose/dev_ws/src/my_bot/install/my_bot/share/my_bot/config/my_controllers.yaml
[25.473s] -- Symlinking: /home/bose/dev_ws/src/my_bot/install/my_bot/share/my_bot/config/view_bot.rviz
[25.511s] -- Symlinking: /home/bose/dev_ws/src/my_bot/install/my_bot/share/my_bot/description/camera.xacro
[25.551s] -- Symlinking: /home/bose/dev_ws/src/my_bot/install/my_bot/share/my_bot/description/gazebo_control.xacro
[25.587s] -- Symlinking: /home/bose/dev_ws/src/my_bot/install/my_bot/share/my_bot/description/inertial_macros.xacro
[25.628s] -- Symlinking: /home/bose/dev_ws/src/my_bot/install/my_bot/share/my_bot/description/lidar.xacro
[25.666s] -- Symlinking: /home/bose/dev_ws/src/my_bot/install/my_bot/share/my_bot/description/robot.urdf.xacro
[25.707s] -- Symlinking: /home/bose/dev_ws/src/my_bot/install/my_bot/share/my_bot/description/robot_core.xacro
[25.745s] -- Symlinking: /home/bose/dev_ws/src/my_bot/install/my_bot/share/my_bot/description/ros2_control.xacro
[25.785s] -- Symlinking: /home/bose/dev_ws/src/my_bot/install/my_bot/share/my_bot/launch/camera.launch.py
[25.823s] -- Symlinking: /home/bose/dev_ws/src/my_bot/install/my_bot/share/my_bot/launch/launch_robot.launch.py
[25.860s] -- Symlinking: /home/bose/dev_ws/src/my_bot/install/my_bot/share/my_bot/launch/launch_sim.launch.py
[25.898s] -- Symlinking: /home/bose/dev_ws/src/my_bot/install/my_bot/share/my_bot/launch/rplidar.launch.py
[25.936s] -- Symlinking: /home/bose/dev_ws/src/my_bot/install/my_bot/share/my_bot/launch/rsp.launch.py
[25.974s] -- Symlinking: /home/bose/dev_ws/src/my_bot/install/my_bot/share/my_bot/worlds/empty.world
[26.013s] -- Symlinking: /home/bose/dev_ws/src/my_bot/install/my_bot/share/my_bot/worlds/lidar.world
[26.051s] -- Symlinking: /home/bose/dev_ws/src/my_bot/install/my_bot/share/my_bot/worlds/new.world
[26.089s] -- Symlinking: /home/bose/dev_ws/src/my_bot/install/my_bot/share/my_bot/worlds/obstacle.world
[26.127s] -- Symlinking: /home/bose/dev_ws/src/my_bot/install/my_bot/share/my_bot/environment/library_path.sh
[26.167s] -- Symlinking: /home/bose/dev_ws/src/my_bot/install/my_bot/share/my_bot/environment/library_path.dsv
[26.206s] -- Symlinking: /home/bose/dev_ws/src/my_bot/install/my_bot/share/ament_index/resource_index/package_run_dependencies/my_bot
[26.246s] -- Symlinking: /home/bose/dev_ws/src/my_bot/install/my_bot/share/ament_index/resource_index/parent_prefix_path/my_bot
[26.286s] -- Symlinking: /home/bose/dev_ws/src/my_bot/install/my_bot/share/my_bot/environment/ament_prefix_path.sh
[26.327s] -- Symlinking: /home/bose/dev_ws/src/my_bot/install/my_bot/share/my_bot/environment/ament_prefix_path.dsv
[26.365s] -- Symlinking: /home/bose/dev_ws/src/my_bot/install/my_bot/share/my_bot/environment/path.sh
[26.405s] -- Symlinking: /home/bose/dev_ws/src/my_bot/install/my_bot/share/my_bot/environment/path.dsv
[26.446s] -- Symlinking: /home/bose/dev_ws/src/my_bot/install/my_bot/share/my_bot/local_setup.bash
[26.483s] -- Symlinking: /home/bose/dev_ws/src/my_bot/install/my_bot/share/my_bot/local_setup.sh
[26.520s] -- Symlinking: /home/bose/dev_ws/src/my_bot/install/my_bot/share/my_bot/local_setup.zsh
[26.558s] -- Symlinking: /home/bose/dev_ws/src/my_bot/install/my_bot/share/my_bot/local_setup.dsv
[26.603s] -- Symlinking: /home/bose/dev_ws/src/my_bot/install/my_bot/share/my_bot/package.dsv
[26.641s] -- Symlinking: /home/bose/dev_ws/src/my_bot/install/my_bot/share/ament_index/resource_index/packages/my_bot
[26.681s] -- Symlinking: /home/bose/dev_ws/src/my_bot/install/my_bot/share/ament_index/resource_index/my_bot__pluginlib__plugin/my_bot
[26.718s] -- Symlinking: /home/bose/dev_ws/src/my_bot/install/my_bot/share/my_bot/cmake/ament_cmake_export_targets-extras.cmake
[26.761s] -- Symlinking: /home/bose/dev_ws/src/my_bot/install/my_bot/share/my_bot/cmake/ament_cmake_export_dependencies-extras.cmake
[26.798s] -- Symlinking: /home/bose/dev_ws/src/my_bot/install/my_bot/share/my_bot/cmake/my_botConfig.cmake
[26.838s] -- Symlinking: /home/bose/dev_ws/src/my_bot/install/my_bot/share/my_bot/cmake/my_botConfig-version.cmake
[26.874s] -- Symlinking: /home/bose/dev_ws/src/my_bot/install/my_bot/share/my_bot/package.xml
[26.911s] -- Installing: /home/bose/dev_ws/src/my_bot/install/my_bot/lib/libmy_bot.so
[26.919s] -- Set runtime path of "/home/bose/dev_ws/src/my_bot/install/my_bot/lib/libmy_bot.so" to ""
[26.920s] -- Installing: /home/bose/dev_ws/src/my_bot/install/my_bot/share/my_bot/cmake/export_my_botExport.cmake
[26.921s] -- Installing: /home/bose/dev_ws/src/my_bot/install/my_bot/share/my_bot/cmake/export_my_botExport-noconfig.cmake
[26.930s] Invoked command in '/home/bose/dev_ws/src/my_bot/build/my_bot' returned '0': CMAKE_PREFIX_PATH=${CMAKE_PREFIX_PATH}:/home/bose/ros2_ws/install/serial_motor_demo:/opt/ros/humble /usr/bin/cmake --install /home/bose/dev_ws/src/my_bot/build/my_bot
