[0.083s] Invoking command in '/home/bose/dev_ws/build/serial': CMAKE_PREFIX_PATH=${CMAKE_PREFIX_PATH}:/home/bose/ros2_ws/install/serial_motor_demo:/opt/ros/humble /usr/bin/cmake /home/bose/dev_ws/src/serial -DAMENT_CMAKE_SYMLINK_INSTALL=1 -DCMAKE_INSTALL_PREFIX=/home/bose/dev_ws/install/serial
[0.396s] -- The C compiler identification is GNU 11.4.0
[0.677s] -- The CXX compiler identification is GNU 11.4.0
[0.710s] -- Detecting C compiler ABI info
[1.093s] -- Detecting C compiler ABI info - done
[1.123s] -- Check for working C compiler: /usr/bin/cc - skipped
[1.125s] -- Detecting C compile features
[1.126s] -- Detecting C compile features - done
[1.138s] -- Detecting CXX compiler ABI info
[1.601s] -- Detecting CXX compiler ABI info - done
[1.630s] -- Check for working CXX compiler: /usr/bin/c++ - skipped
[1.632s] -- Detecting CXX compile features
[1.635s] -- Detecting CXX compile features - done
[1.675s] -- Found ament_cmake: 1.3.11 (/opt/ros/humble/share/ament_cmake/cmake)
[2.629s] -- Found Python3: /usr/bin/python3 (found version "3.10.12") found components: Interpreter 
[2.963s] -- Override CMake install command with custom implementation using symlinks instead of copying resources
[3.343s] -- Found ament_cmake_gtest: 1.3.11 (/opt/ros/humble/share/ament_cmake_gtest/cmake)
[3.420s] -- Found Boost: /usr/lib/aarch64-linux-gnu/cmake/Boost-1.74.0/BoostConfig.cmake (found version "1.74.0")  
[3.447s] -- Found gtest sources under '/opt/ros/humble/src/gtest_vendor': C++ tests using 'Google Test' will be built
[3.456s] -- Looking for pthread.h
[3.825s] -- Looking for pthread.h - found
[3.826s] -- Performing Test CMAKE_HAVE_LIBC_PTHREAD
[4.215s] -- Performing Test CMAKE_HAVE_LIBC_PTHREAD - Success
[4.219s] -- Found Threads: TRUE  
[4.564s] -- Configuring done
[4.628s] -- Generating done
[4.645s] -- Build files have been written to: /home/bose/dev_ws/build/serial
[4.673s] Invoked command in '/home/bose/dev_ws/build/serial' returned '0': CMAKE_PREFIX_PATH=${CMAKE_PREFIX_PATH}:/home/bose/ros2_ws/install/serial_motor_demo:/opt/ros/humble /usr/bin/cmake /home/bose/dev_ws/src/serial -DAMENT_CMAKE_SYMLINK_INSTALL=1 -DCMAKE_INSTALL_PREFIX=/home/bose/dev_ws/install/serial
[4.675s] Invoking command in '/home/bose/dev_ws/build/serial': CMAKE_PREFIX_PATH=${CMAKE_PREFIX_PATH}:/home/bose/ros2_ws/install/serial_motor_demo:/opt/ros/humble /usr/bin/cmake --build /home/bose/dev_ws/build/serial -- -j4 -l4
[4.918s] [  7%] [32mBuilding CXX object gtest/CMakeFiles/gtest_main.dir/src/gtest_main.cc.o[0m
[4.943s] [ 14%] [32mBuilding CXX object CMakeFiles/serial.dir/src/serial.cc.o[0m
[4.969s] [ 21%] [32mBuilding CXX object CMakeFiles/serial.dir/src/impl/unix.cc.o[0m
[4.982s] [ 28%] [32mBuilding CXX object gtest/CMakeFiles/gtest.dir/src/gtest-all.cc.o[0m
[7.344s] [ 35%] [32mBuilding CXX object CMakeFiles/serial.dir/src/impl/list_ports/list_ports_linux.cc.o[0m
[12.470s] [ 42%] [32m[1mLinking CXX static library libserial.a[0m
[13.062s] [ 42%] Built target serial
[13.273s] [ 50%] [32mBuilding CXX object CMakeFiles/serial_example.dir/examples/serial_example.cc.o[0m
[15.293s] [ 57%] [32m[1mLinking CXX static library libgtest_main.a[0m
[15.654s] [ 57%] Built target gtest_main
[16.202s] [ 64%] [32m[1mLinking CXX executable serial_example[0m
[16.653s] [ 64%] Built target serial_example
[28.108s] [ 71%] [32m[1mLinking CXX static library libgtest.a[0m
[28.522s] [ 71%] Built target gtest
[28.637s] [ 78%] [32mBuilding CXX object tests/CMakeFiles/serial-test.dir/unix_serial_tests.cc.o[0m
[28.653s] [ 85%] [32mBuilding CXX object tests/CMakeFiles/serial-test-timer.dir/unit/unix_timer_tests.cc.o[0m
[38.289s] [ 92%] [32m[1mLinking CXX executable serial-test-timer[0m
[39.243s] In file included from [01m[K/usr/include/boost/bind.hpp:30[m[K,
[39.244s]                  from [01m[K/home/bose/dev_ws/src/serial/tests/unix_serial_tests.cc:23[m[K:
[39.245s] [01m[K/usr/include/boost/bind.hpp:36:1:[m[K [01;36m[Knote: [m[K‘[01m[K#pragma message: The practice of declaring the Bind placeholders (_1, _2, ...) in the global namespace is deprecated. Please use <boost/bind/bind.hpp> + using namespace boost::placeholders, or define BOOST_BIND_GLOBAL_PLACEHOLDERS to retain the current behavior.[m[K’
[39.245s]    36 | [01;36m[KBOOST_PRAGMA_MESSAGE[m[K(
[39.246s]       | [01;36m[K^~~~~~~~~~~~~~~~~~~~[m[K
[39.449s] [ 92%] Built target serial-test-timer
[40.791s] [100%] [32m[1mLinking CXX executable serial-test[0m
[41.446s] [100%] Built target serial-test
[41.497s] Invoked command in '/home/bose/dev_ws/build/serial' returned '0': CMAKE_PREFIX_PATH=${CMAKE_PREFIX_PATH}:/home/bose/ros2_ws/install/serial_motor_demo:/opt/ros/humble /usr/bin/cmake --build /home/bose/dev_ws/build/serial -- -j4 -l4
[41.508s] Invoking command in '/home/bose/dev_ws/build/serial': CMAKE_PREFIX_PATH=${CMAKE_PREFIX_PATH}:/home/bose/ros2_ws/install/serial_motor_demo:/opt/ros/humble /usr/bin/cmake --install /home/bose/dev_ws/build/serial
[41.545s] -- Install configuration: ""
[41.547s] -- Execute custom install script
[41.551s] -- Symlinking: /home/bose/dev_ws/install/serial/lib/libserial.a
[41.589s] -- Symlinking: /home/bose/dev_ws/install/serial/include/serial/serial.h
[41.628s] -- Symlinking: /home/bose/dev_ws/install/serial/include/serial/v8stdint.h
[41.670s] -- Symlinking: /home/bose/dev_ws/install/serial/share/serial/environment/library_path.sh
[41.709s] -- Symlinking: /home/bose/dev_ws/install/serial/share/serial/environment/library_path.dsv
[41.752s] -- Symlinking: /home/bose/dev_ws/install/serial/share/ament_index/resource_index/package_run_dependencies/serial
[41.796s] -- Symlinking: /home/bose/dev_ws/install/serial/share/ament_index/resource_index/parent_prefix_path/serial
[41.836s] -- Symlinking: /home/bose/dev_ws/install/serial/share/serial/environment/ament_prefix_path.sh
[41.885s] -- Symlinking: /home/bose/dev_ws/install/serial/share/serial/environment/ament_prefix_path.dsv
[41.925s] -- Symlinking: /home/bose/dev_ws/install/serial/share/serial/environment/path.sh
[41.969s] -- Symlinking: /home/bose/dev_ws/install/serial/share/serial/environment/path.dsv
[42.008s] -- Symlinking: /home/bose/dev_ws/install/serial/share/serial/local_setup.bash
[42.045s] -- Symlinking: /home/bose/dev_ws/install/serial/share/serial/local_setup.sh
[42.083s] -- Symlinking: /home/bose/dev_ws/install/serial/share/serial/local_setup.zsh
[42.120s] -- Symlinking: /home/bose/dev_ws/install/serial/share/serial/local_setup.dsv
[42.159s] -- Symlinking: /home/bose/dev_ws/install/serial/share/serial/package.dsv
[42.198s] -- Symlinking: /home/bose/dev_ws/install/serial/share/ament_index/resource_index/packages/serial
[42.238s] -- Symlinking: /home/bose/dev_ws/install/serial/share/serial/cmake/ament_cmake_export_include_directories-extras.cmake
[42.276s] -- Symlinking: /home/bose/dev_ws/install/serial/share/serial/cmake/ament_cmake_export_libraries-extras.cmake
[42.314s] -- Symlinking: /home/bose/dev_ws/install/serial/share/serial/cmake/serialConfig.cmake
[42.351s] -- Symlinking: /home/bose/dev_ws/install/serial/share/serial/cmake/serialConfig-version.cmake
[42.391s] -- Symlinking: /home/bose/dev_ws/install/serial/share/serial/package.xml
[42.439s] Invoked command in '/home/bose/dev_ws/build/serial' returned '0': CMAKE_PREFIX_PATH=${CMAKE_PREFIX_PATH}:/home/bose/ros2_ws/install/serial_motor_demo:/opt/ros/humble /usr/bin/cmake --install /home/bose/dev_ws/build/serial
