[0.644s] DEBUG:colcon:Command line arguments: ['/usr/bin/colcon', 'build', '--packages-select', 'my_bot']
[0.644s] DEBUG:colcon:Parsed command line arguments: Namespace(log_base=None, log_level=None, verb_name='build', build_base='build', install_base='install', merge_install=False, symlink_install=False, test_result_base=None, continue_on_error=False, executor='parallel', parallel_workers=4, event_handlers=None, ignore_user_meta=False, metas=['./colcon.meta'], base_paths=['.'], packages_ignore=None, packages_ignore_regex=None, paths=None, packages_up_to=None, packages_up_to_regex=None, packages_above=None, packages_above_and_dependencies=None, packages_above_depth=None, packages_select_by_dep=None, packages_skip_by_dep=None, packages_skip_up_to=None, packages_select_build_failed=False, packages_skip_build_finished=False, packages_select_test_failures=False, packages_skip_test_passed=False, packages_select=['my_bot'], packages_skip=None, packages_select_regex=None, packages_skip_regex=None, packages_start=None, packages_end=None, allow_overriding=[], cmake_args=None, cmake_target=None, cmake_target_skip_unavailable=False, cmake_clean_cache=False, cmake_clean_first=False, cmake_force_configure=False, ament_cmake_args=None, catkin_cmake_args=None, catkin_skip_building_tests=False, verb_parser=<colcon_defaults.argument_parser.defaults.DefaultArgumentsDecorator object at 0xffff9ef28e20>, verb_extension=<colcon_core.verb.build.BuildVerb object at 0xffff9ef289d0>, main=<bound method BuildVerb.main of <colcon_core.verb.build.BuildVerb object at 0xffff9ef289d0>>)
[1.941s] Level 1:colcon.colcon_core.package_discovery:discover_packages(colcon_meta) check parameters
[1.941s] Level 1:colcon.colcon_core.package_discovery:discover_packages(recursive) check parameters
[1.942s] Level 1:colcon.colcon_core.package_discovery:discover_packages(ignore) check parameters
[1.942s] Level 1:colcon.colcon_core.package_discovery:discover_packages(path) check parameters
[1.942s] Level 1:colcon.colcon_core.package_discovery:discover_packages(colcon_meta) discover
[1.942s] Level 1:colcon.colcon_core.package_discovery:discover_packages(recursive) discover
[1.942s] INFO:colcon.colcon_core.package_discovery:Crawling recursively for packages in '/home/bose/dev_ws'
[1.943s] Level 1:colcon.colcon_core.package_identification:_identify(.) by extensions ['ignore', 'ignore_ament_install']
[1.944s] Level 1:colcon.colcon_core.package_identification:_identify(.) by extension 'ignore'
[1.944s] Level 1:colcon.colcon_core.package_identification:_identify(.) by extension 'ignore_ament_install'
[1.945s] Level 1:colcon.colcon_core.package_identification:_identify(.) by extensions ['colcon_pkg']
[1.945s] Level 1:colcon.colcon_core.package_identification:_identify(.) by extension 'colcon_pkg'
[1.945s] Level 1:colcon.colcon_core.package_identification:_identify(.) by extensions ['colcon_meta']
[1.945s] Level 1:colcon.colcon_core.package_identification:_identify(.) by extension 'colcon_meta'
[1.945s] Level 1:colcon.colcon_core.package_identification:_identify(.) by extensions ['ros']
[1.946s] Level 1:colcon.colcon_core.package_identification:_identify(.) by extension 'ros'
[2.055s] Level 1:colcon.colcon_core.package_identification:_identify(.) by extensions ['cmake', 'python']
[2.056s] Level 1:colcon.colcon_core.package_identification:_identify(.) by extension 'cmake'
[2.056s] Level 1:colcon.colcon_core.package_identification:_identify(.) by extension 'python'
[2.056s] Level 1:colcon.colcon_core.package_identification:_identify(.) by extensions ['python_setup_py']
[2.056s] Level 1:colcon.colcon_core.package_identification:_identify(.) by extension 'python_setup_py'
[2.057s] Level 1:colcon.colcon_core.package_identification:_identify(backup) by extensions ['ignore', 'ignore_ament_install']
[2.058s] Level 1:colcon.colcon_core.package_identification:_identify(backup) by extension 'ignore'
[2.058s] Level 1:colcon.colcon_core.package_identification:_identify(backup) by extension 'ignore_ament_install'
[2.058s] Level 1:colcon.colcon_core.package_identification:_identify(backup) by extensions ['colcon_pkg']
[2.058s] Level 1:colcon.colcon_core.package_identification:_identify(backup) by extension 'colcon_pkg'
[2.058s] Level 1:colcon.colcon_core.package_identification:_identify(backup) by extensions ['colcon_meta']
[2.059s] Level 1:colcon.colcon_core.package_identification:_identify(backup) by extension 'colcon_meta'
[2.059s] Level 1:colcon.colcon_core.package_identification:_identify(backup) by extensions ['ros']
[2.059s] Level 1:colcon.colcon_core.package_identification:_identify(backup) by extension 'ros'
[2.059s] Level 1:colcon.colcon_core.package_identification:_identify(backup) by extensions ['cmake', 'python']
[2.059s] Level 1:colcon.colcon_core.package_identification:_identify(backup) by extension 'cmake'
[2.060s] Level 1:colcon.colcon_core.package_identification:_identify(backup) by extension 'python'
[2.060s] Level 1:colcon.colcon_core.package_identification:_identify(backup) by extensions ['python_setup_py']
[2.060s] Level 1:colcon.colcon_core.package_identification:_identify(backup) by extension 'python_setup_py'
[2.060s] Level 1:colcon.colcon_core.package_identification:_identify(build) by extensions ['ignore', 'ignore_ament_install']
[2.061s] Level 1:colcon.colcon_core.package_identification:_identify(build) by extension 'ignore'
[2.061s] Level 1:colcon.colcon_core.package_identification:_identify(build) ignored
[2.062s] Level 1:colcon.colcon_core.package_identification:_identify(install) by extensions ['ignore', 'ignore_ament_install']
[2.062s] Level 1:colcon.colcon_core.package_identification:_identify(install) by extension 'ignore'
[2.062s] Level 1:colcon.colcon_core.package_identification:_identify(install) ignored
[2.062s] Level 1:colcon.colcon_core.package_identification:_identify(log) by extensions ['ignore', 'ignore_ament_install']
[2.063s] Level 1:colcon.colcon_core.package_identification:_identify(log) by extension 'ignore'
[2.063s] Level 1:colcon.colcon_core.package_identification:_identify(log) ignored
[2.063s] Level 1:colcon.colcon_core.package_identification:_identify(src) by extensions ['ignore', 'ignore_ament_install']
[2.064s] Level 1:colcon.colcon_core.package_identification:_identify(src) by extension 'ignore'
[2.064s] Level 1:colcon.colcon_core.package_identification:_identify(src) by extension 'ignore_ament_install'
[2.064s] Level 1:colcon.colcon_core.package_identification:_identify(src) by extensions ['colcon_pkg']
[2.064s] Level 1:colcon.colcon_core.package_identification:_identify(src) by extension 'colcon_pkg'
[2.064s] Level 1:colcon.colcon_core.package_identification:_identify(src) by extensions ['colcon_meta']
[2.065s] Level 1:colcon.colcon_core.package_identification:_identify(src) by extension 'colcon_meta'
[2.065s] Level 1:colcon.colcon_core.package_identification:_identify(src) by extensions ['ros']
[2.065s] Level 1:colcon.colcon_core.package_identification:_identify(src) by extension 'ros'
[2.065s] Level 1:colcon.colcon_core.package_identification:_identify(src) by extensions ['cmake', 'python']
[2.066s] Level 1:colcon.colcon_core.package_identification:_identify(src) by extension 'cmake'
[2.066s] Level 1:colcon.colcon_core.package_identification:_identify(src) by extension 'python'
[2.066s] Level 1:colcon.colcon_core.package_identification:_identify(src) by extensions ['python_setup_py']
[2.066s] Level 1:colcon.colcon_core.package_identification:_identify(src) by extension 'python_setup_py'
[2.068s] Level 1:colcon.colcon_core.package_identification:_identify(src/diffdrive_arduino) by extensions ['ignore', 'ignore_ament_install']
[2.068s] Level 1:colcon.colcon_core.package_identification:_identify(src/diffdrive_arduino) by extension 'ignore'
[2.069s] Level 1:colcon.colcon_core.package_identification:_identify(src/diffdrive_arduino) by extension 'ignore_ament_install'
[2.069s] Level 1:colcon.colcon_core.package_identification:_identify(src/diffdrive_arduino) by extensions ['colcon_pkg']
[2.069s] Level 1:colcon.colcon_core.package_identification:_identify(src/diffdrive_arduino) by extension 'colcon_pkg'
[2.069s] Level 1:colcon.colcon_core.package_identification:_identify(src/diffdrive_arduino) by extensions ['colcon_meta']
[2.070s] Level 1:colcon.colcon_core.package_identification:_identify(src/diffdrive_arduino) by extension 'colcon_meta'
[2.070s] Level 1:colcon.colcon_core.package_identification:_identify(src/diffdrive_arduino) by extensions ['ros']
[2.070s] Level 1:colcon.colcon_core.package_identification:_identify(src/diffdrive_arduino) by extension 'ros'
[2.086s] DEBUG:colcon.colcon_core.package_identification:Package 'src/diffdrive_arduino' with type 'ros.ament_cmake' and name 'diffdrive_arduino'
[2.087s] Level 1:colcon.colcon_core.package_identification:_identify(src/my_bot) by extensions ['ignore', 'ignore_ament_install']
[2.088s] Level 1:colcon.colcon_core.package_identification:_identify(src/my_bot) by extension 'ignore'
[2.088s] Level 1:colcon.colcon_core.package_identification:_identify(src/my_bot) by extension 'ignore_ament_install'
[2.089s] Level 1:colcon.colcon_core.package_identification:_identify(src/my_bot) by extensions ['colcon_pkg']
[2.089s] Level 1:colcon.colcon_core.package_identification:_identify(src/my_bot) by extension 'colcon_pkg'
[2.089s] Level 1:colcon.colcon_core.package_identification:_identify(src/my_bot) by extensions ['colcon_meta']
[2.089s] Level 1:colcon.colcon_core.package_identification:_identify(src/my_bot) by extension 'colcon_meta'
[2.090s] Level 1:colcon.colcon_core.package_identification:_identify(src/my_bot) by extensions ['ros']
[2.090s] Level 1:colcon.colcon_core.package_identification:_identify(src/my_bot) by extension 'ros'
[2.097s] DEBUG:colcon.colcon_core.package_identification:Package 'src/my_bot' with type 'ros.ament_cmake' and name 'my_bot'
[2.098s] Level 1:colcon.colcon_core.package_identification:_identify(src/serial) by extensions ['ignore', 'ignore_ament_install']
[2.099s] Level 1:colcon.colcon_core.package_identification:_identify(src/serial) by extension 'ignore'
[2.099s] Level 1:colcon.colcon_core.package_identification:_identify(src/serial) by extension 'ignore_ament_install'
[2.100s] Level 1:colcon.colcon_core.package_identification:_identify(src/serial) by extensions ['colcon_pkg']
[2.100s] Level 1:colcon.colcon_core.package_identification:_identify(src/serial) by extension 'colcon_pkg'
[2.100s] Level 1:colcon.colcon_core.package_identification:_identify(src/serial) by extensions ['colcon_meta']
[2.100s] Level 1:colcon.colcon_core.package_identification:_identify(src/serial) by extension 'colcon_meta'
[2.100s] Level 1:colcon.colcon_core.package_identification:_identify(src/serial) by extensions ['ros']
[2.101s] Level 1:colcon.colcon_core.package_identification:_identify(src/serial) by extension 'ros'
[2.104s] DEBUG:colcon.colcon_core.package_identification:Package 'src/serial' with type 'ros.ament_cmake' and name 'serial'
[2.104s] Level 1:colcon.colcon_core.package_discovery:discover_packages(recursive) using defaults
[2.104s] Level 1:colcon.colcon_core.package_discovery:discover_packages(ignore) discover
[2.104s] Level 1:colcon.colcon_core.package_discovery:discover_packages(ignore) using defaults
[2.104s] Level 1:colcon.colcon_core.package_discovery:discover_packages(path) discover
[2.105s] Level 1:colcon.colcon_core.package_discovery:discover_packages(path) using defaults
[2.284s] INFO:colcon.colcon_core.package_selection:Skipping not selected package 'diffdrive_arduino' in 'src/diffdrive_arduino'
[2.284s] INFO:colcon.colcon_core.package_selection:Skipping not selected package 'serial' in 'src/serial'
[2.286s] Level 1:colcon.colcon_core.package_discovery:discover_packages(prefix_path) check parameters
[2.286s] Level 1:colcon.colcon_core.package_discovery:discover_packages(prefix_path) discover
[2.294s] WARNING:colcon.colcon_ros.prefix_path.ament:The path '/home/bose/dev_ws/install/my_bot' in the environment variable AMENT_PREFIX_PATH doesn't exist
[2.298s] WARNING:colcon.colcon_ros.prefix_path.catkin:The path '/home/bose/dev_ws/install/my_bot' in the environment variable CMAKE_PREFIX_PATH doesn't exist
[2.305s] DEBUG:colcon.colcon_installed_package_information.package_discovery:Found 3 installed packages in /home/bose/ros2_ws/install
[2.308s] DEBUG:colcon.colcon_installed_package_information.package_discovery:Found 2 installed packages in /home/bose/dev_ws/install
[2.311s] DEBUG:colcon.colcon_installed_package_information.package_discovery:Found 1 installed packages in /home/bose/install
[2.322s] DEBUG:colcon.colcon_installed_package_information.package_discovery:Found 326 installed packages in /opt/ros/humble
[2.329s] Level 1:colcon.colcon_core.package_discovery:discover_packages(prefix_path) using defaults
[2.552s] Level 5:colcon.colcon_core.verb:set package 'my_bot' build argument 'cmake_args' from command line to 'None'
[2.553s] Level 5:colcon.colcon_core.verb:set package 'my_bot' build argument 'cmake_target' from command line to 'None'
[2.553s] Level 5:colcon.colcon_core.verb:set package 'my_bot' build argument 'cmake_target_skip_unavailable' from command line to 'False'
[2.553s] Level 5:colcon.colcon_core.verb:set package 'my_bot' build argument 'cmake_clean_cache' from command line to 'False'
[2.553s] Level 5:colcon.colcon_core.verb:set package 'my_bot' build argument 'cmake_clean_first' from command line to 'False'
[2.553s] Level 5:colcon.colcon_core.verb:set package 'my_bot' build argument 'cmake_force_configure' from command line to 'False'
[2.553s] Level 5:colcon.colcon_core.verb:set package 'my_bot' build argument 'ament_cmake_args' from command line to 'None'
[2.553s] Level 5:colcon.colcon_core.verb:set package 'my_bot' build argument 'catkin_cmake_args' from command line to 'None'
[2.553s] Level 5:colcon.colcon_core.verb:set package 'my_bot' build argument 'catkin_skip_building_tests' from command line to 'False'
[2.553s] DEBUG:colcon.colcon_core.verb:Building package 'my_bot' with the following arguments: {'ament_cmake_args': None, 'build_base': '/home/bose/dev_ws/build/my_bot', 'catkin_cmake_args': None, 'catkin_skip_building_tests': False, 'cmake_args': None, 'cmake_clean_cache': False, 'cmake_clean_first': False, 'cmake_force_configure': False, 'cmake_target': None, 'cmake_target_skip_unavailable': False, 'install_base': '/home/bose/dev_ws/install/my_bot', 'merge_install': False, 'path': '/home/bose/dev_ws/src/my_bot', 'symlink_install': False, 'test_result_base': None}
[2.554s] INFO:colcon.colcon_core.executor:Executing jobs using 'parallel' executor
[2.557s] DEBUG:colcon.colcon_parallel_executor.executor.parallel:run_until_complete
[2.558s] INFO:colcon.colcon_ros.task.ament_cmake.build:Building ROS package in '/home/bose/dev_ws/src/my_bot' with build type 'ament_cmake'
[2.559s] INFO:colcon.colcon_cmake.task.cmake.build:Building CMake package in '/home/bose/dev_ws/src/my_bot'
[2.575s] INFO:colcon.colcon_core.plugin_system:Skipping extension 'colcon_core.shell.bat': Not used on non-Windows systems
[2.576s] INFO:colcon.colcon_core.shell:Skip shell extension 'powershell' for command environment: Not usable outside of PowerShell
[2.576s] DEBUG:colcon.colcon_core.shell:Skip shell extension 'dsv' for command environment
[2.628s] DEBUG:colcon.colcon_core.event_handler.log_command:Invoking command in '/home/bose/dev_ws/build/my_bot': CMAKE_PREFIX_PATH=${CMAKE_PREFIX_PATH}:/home/bose/ros2_ws/install/serial_motor_demo:/opt/ros/humble /usr/bin/cmake /home/bose/dev_ws/src/my_bot -DCMAKE_INSTALL_PREFIX=/home/bose/dev_ws/install/my_bot
[13.512s] DEBUG:colcon.colcon_core.event_handler.log_command:Invoked command in '/home/bose/dev_ws/build/my_bot' returned '0': CMAKE_PREFIX_PATH=${CMAKE_PREFIX_PATH}:/home/bose/ros2_ws/install/serial_motor_demo:/opt/ros/humble /usr/bin/cmake /home/bose/dev_ws/src/my_bot -DCMAKE_INSTALL_PREFIX=/home/bose/dev_ws/install/my_bot
[13.523s] DEBUG:colcon.colcon_core.event_handler.log_command:Invoking command in '/home/bose/dev_ws/build/my_bot': CMAKE_PREFIX_PATH=${CMAKE_PREFIX_PATH}:/home/bose/ros2_ws/install/serial_motor_demo:/opt/ros/humble /usr/bin/cmake --build /home/bose/dev_ws/build/my_bot -- -j4 -l4
[29.534s] DEBUG:colcon.colcon_core.event_handler.log_command:Invoked command in '/home/bose/dev_ws/build/my_bot' returned '0': CMAKE_PREFIX_PATH=${CMAKE_PREFIX_PATH}:/home/bose/ros2_ws/install/serial_motor_demo:/opt/ros/humble /usr/bin/cmake --build /home/bose/dev_ws/build/my_bot -- -j4 -l4
[29.584s] DEBUG:colcon.colcon_core.event_handler.log_command:Invoking command in '/home/bose/dev_ws/build/my_bot': CMAKE_PREFIX_PATH=${CMAKE_PREFIX_PATH}:/home/bose/ros2_ws/install/serial_motor_demo:/opt/ros/humble /usr/bin/cmake --install /home/bose/dev_ws/build/my_bot
[29.683s] Level 1:colcon.colcon_core.environment:create_environment_scripts_only(my_bot)
[29.685s] DEBUG:colcon.colcon_core.event_handler.log_command:Invoked command in '/home/bose/dev_ws/build/my_bot' returned '0': CMAKE_PREFIX_PATH=${CMAKE_PREFIX_PATH}:/home/bose/ros2_ws/install/serial_motor_demo:/opt/ros/humble /usr/bin/cmake --install /home/bose/dev_ws/build/my_bot
[29.705s] Level 1:colcon.colcon_core.environment:checking '/home/bose/dev_ws/install/my_bot' for CMake module files
[29.709s] Level 1:colcon.colcon_core.environment:checking '/home/bose/dev_ws/install/my_bot' for CMake config files
[29.712s] Level 1:colcon.colcon_core.shell:create_environment_hook('my_bot', 'cmake_prefix_path')
[29.713s] INFO:colcon.colcon_core.shell:Creating environment hook '/home/bose/dev_ws/install/my_bot/share/my_bot/hook/cmake_prefix_path.ps1'
[29.717s] INFO:colcon.colcon_core.shell:Creating environment descriptor '/home/bose/dev_ws/install/my_bot/share/my_bot/hook/cmake_prefix_path.dsv'
[29.721s] INFO:colcon.colcon_core.shell:Creating environment hook '/home/bose/dev_ws/install/my_bot/share/my_bot/hook/cmake_prefix_path.sh'
[29.725s] Level 1:colcon.colcon_core.environment:checking '/home/bose/dev_ws/install/my_bot/lib'
[29.727s] Level 1:colcon.colcon_core.shell:create_environment_hook('my_bot', 'ld_library_path_lib')
[29.728s] INFO:colcon.colcon_core.shell:Creating environment hook '/home/bose/dev_ws/install/my_bot/share/my_bot/hook/ld_library_path_lib.ps1'
[29.730s] INFO:colcon.colcon_core.shell:Creating environment descriptor '/home/bose/dev_ws/install/my_bot/share/my_bot/hook/ld_library_path_lib.dsv'
[29.732s] INFO:colcon.colcon_core.shell:Creating environment hook '/home/bose/dev_ws/install/my_bot/share/my_bot/hook/ld_library_path_lib.sh'
[29.735s] Level 1:colcon.colcon_core.environment:checking '/home/bose/dev_ws/install/my_bot/bin'
[29.735s] Level 1:colcon.colcon_core.environment:checking '/home/bose/dev_ws/install/my_bot/lib/pkgconfig/my_bot.pc'
[29.736s] Level 1:colcon.colcon_core.environment:checking '/home/bose/dev_ws/install/my_bot/lib/python3.10/site-packages'
[29.737s] Level 1:colcon.colcon_core.environment:checking '/home/bose/dev_ws/install/my_bot/bin'
[29.738s] INFO:colcon.colcon_core.shell:Creating package script '/home/bose/dev_ws/install/my_bot/share/my_bot/package.ps1'
[29.743s] INFO:colcon.colcon_core.shell:Creating package descriptor '/home/bose/dev_ws/install/my_bot/share/my_bot/package.dsv'
[29.746s] INFO:colcon.colcon_core.shell:Creating package script '/home/bose/dev_ws/install/my_bot/share/my_bot/package.sh'
[29.751s] INFO:colcon.colcon_core.shell:Creating package script '/home/bose/dev_ws/install/my_bot/share/my_bot/package.bash'
[29.757s] INFO:colcon.colcon_core.shell:Creating package script '/home/bose/dev_ws/install/my_bot/share/my_bot/package.zsh'
[29.761s] Level 1:colcon.colcon_core.environment:create_file_with_runtime_dependencies(/home/bose/dev_ws/install/my_bot/share/colcon-core/packages/my_bot)
[29.764s] Level 1:colcon.colcon_core.environment:create_environment_scripts_only(my_bot)
[29.766s] Level 1:colcon.colcon_core.environment:checking '/home/bose/dev_ws/install/my_bot' for CMake module files
[29.769s] Level 1:colcon.colcon_core.environment:checking '/home/bose/dev_ws/install/my_bot' for CMake config files
[29.771s] Level 1:colcon.colcon_core.shell:create_environment_hook('my_bot', 'cmake_prefix_path')
[29.772s] INFO:colcon.colcon_core.shell:Creating environment hook '/home/bose/dev_ws/install/my_bot/share/my_bot/hook/cmake_prefix_path.ps1'
[29.774s] INFO:colcon.colcon_core.shell:Creating environment descriptor '/home/bose/dev_ws/install/my_bot/share/my_bot/hook/cmake_prefix_path.dsv'
[29.776s] INFO:colcon.colcon_core.shell:Creating environment hook '/home/bose/dev_ws/install/my_bot/share/my_bot/hook/cmake_prefix_path.sh'
[29.779s] Level 1:colcon.colcon_core.environment:checking '/home/bose/dev_ws/install/my_bot/lib'
[29.780s] Level 1:colcon.colcon_core.shell:create_environment_hook('my_bot', 'ld_library_path_lib')
[29.781s] INFO:colcon.colcon_core.shell:Creating environment hook '/home/bose/dev_ws/install/my_bot/share/my_bot/hook/ld_library_path_lib.ps1'
[29.783s] INFO:colcon.colcon_core.shell:Creating environment descriptor '/home/bose/dev_ws/install/my_bot/share/my_bot/hook/ld_library_path_lib.dsv'
[29.785s] INFO:colcon.colcon_core.shell:Creating environment hook '/home/bose/dev_ws/install/my_bot/share/my_bot/hook/ld_library_path_lib.sh'
[29.788s] Level 1:colcon.colcon_core.environment:checking '/home/bose/dev_ws/install/my_bot/bin'
[29.788s] Level 1:colcon.colcon_core.environment:checking '/home/bose/dev_ws/install/my_bot/lib/pkgconfig/my_bot.pc'
[29.789s] Level 1:colcon.colcon_core.environment:checking '/home/bose/dev_ws/install/my_bot/lib/python3.10/site-packages'
[29.790s] Level 1:colcon.colcon_core.environment:checking '/home/bose/dev_ws/install/my_bot/bin'
[29.792s] INFO:colcon.colcon_core.shell:Creating package script '/home/bose/dev_ws/install/my_bot/share/my_bot/package.ps1'
[29.795s] INFO:colcon.colcon_core.shell:Creating package descriptor '/home/bose/dev_ws/install/my_bot/share/my_bot/package.dsv'
[29.798s] INFO:colcon.colcon_core.shell:Creating package script '/home/bose/dev_ws/install/my_bot/share/my_bot/package.sh'
[29.801s] INFO:colcon.colcon_core.shell:Creating package script '/home/bose/dev_ws/install/my_bot/share/my_bot/package.bash'
[29.803s] INFO:colcon.colcon_core.shell:Creating package script '/home/bose/dev_ws/install/my_bot/share/my_bot/package.zsh'
[29.806s] Level 1:colcon.colcon_core.environment:create_file_with_runtime_dependencies(/home/bose/dev_ws/install/my_bot/share/colcon-core/packages/my_bot)
[29.807s] DEBUG:colcon.colcon_parallel_executor.executor.parallel:closing loop
[29.809s] DEBUG:colcon.colcon_parallel_executor.executor.parallel:loop closed
[29.809s] DEBUG:colcon.colcon_parallel_executor.executor.parallel:run_until_complete finished with '0'
[29.809s] DEBUG:colcon.colcon_core.event_reactor:joining thread
[29.865s] INFO:colcon.colcon_core.plugin_system:Skipping extension 'colcon_notification.desktop_notification.terminal_notifier': Not used on non-Darwin systems
[29.865s] INFO:colcon.colcon_core.plugin_system:Skipping extension 'colcon_notification.desktop_notification.win32': Not used on non-Windows systems
[29.865s] INFO:colcon.colcon_notification.desktop_notification:Sending desktop notification using 'notify2'
[30.040s] DEBUG:colcon.colcon_core.event_reactor:joined thread
[30.042s] INFO:colcon.colcon_core.shell:Creating prefix script '/home/bose/dev_ws/install/local_setup.ps1'
[30.059s] INFO:colcon.colcon_core.shell:Creating prefix util module '/home/bose/dev_ws/install/_local_setup_util_ps1.py'
[30.110s] INFO:colcon.colcon_core.shell:Creating prefix chain script '/home/bose/dev_ws/install/setup.ps1'
[30.128s] INFO:colcon.colcon_core.shell:Creating prefix script '/home/bose/dev_ws/install/local_setup.sh'
[30.136s] INFO:colcon.colcon_core.shell:Creating prefix util module '/home/bose/dev_ws/install/_local_setup_util_sh.py'
[30.141s] INFO:colcon.colcon_core.shell:Creating prefix chain script '/home/bose/dev_ws/install/setup.sh'
[30.149s] INFO:colcon.colcon_core.shell:Creating prefix script '/home/bose/dev_ws/install/local_setup.bash'
[30.152s] INFO:colcon.colcon_core.shell:Creating prefix chain script '/home/bose/dev_ws/install/setup.bash'
[30.160s] INFO:colcon.colcon_core.shell:Creating prefix script '/home/bose/dev_ws/install/local_setup.zsh'
[30.164s] INFO:colcon.colcon_core.shell:Creating prefix chain script '/home/bose/dev_ws/install/setup.zsh'
