-- Found ament_cmake: 1.3.11 (/opt/ros/humble/share/ament_cmake/cmake)
-- Override CMake install command with custom implementation using symlinks instead of copying resources
-- Found hardware_interface: 2.48.0 (/opt/ros/humble/share/hardware_interface/cmake)
-- Found rosidl_generator_c: 3.1.6 (/opt/ros/humble/share/rosidl_generator_c/cmake)
-- Found rosidl_adapter: 3.1.6 (/opt/ros/humble/share/rosidl_adapter/cmake)
-- Found rosidl_generator_cpp: 3.1.6 (/opt/ros/humble/share/rosidl_generator_cpp/cmake)
-- Using all available rosidl_typesupport_c: rosidl_typesupport_fastrtps_c;rosidl_typesupport_introspection_c
-- Using all available rosidl_typesupport_cpp: rosidl_typesupport_fastrtps_cpp;rosidl_typesupport_introspection_cpp
-- Found rmw_implementation_cmake: 6.1.2 (/opt/ros/humble/share/rmw_implementation_cmake/cmake)
-- Found rmw_fastrtps_cpp: 6.2.7 (/opt/ros/humble/share/rmw_fastrtps_cpp/cmake)
-- Found TinyXML2 via Config file: TinyXML2_DIR-NOTFOUND
-- Found TinyXML2 via Config file: TinyXML2_DIR-NOTFOUND
-- Found TinyXML2 via Config file: TinyXML2_DIR-NOTFOUND
-- Found TinyXML2 via Config file: TinyXML2_DIR-NOTFOUND
-- Using RMW implementation 'rmw_fastrtps_cpp' as default
-- Found ament_lint_auto: 0.12.11 (/opt/ros/humble/share/ament_lint_auto/cmake)
-- Added test 'copyright' to check source files copyright and LICENSE
-- Added test 'cppcheck' to perform static code analysis on C / C++ code
-- Configured cppcheck include dirs: /home/bose/dev_ws/src/my_bot/hardware/include;/home/bose/dev_ws/src/my_bot/include;$<BUILD_INTERFACE:/home/bose/dev_ws/src/my_bot/hardware/include>
-- Configured cppcheck exclude dirs and/or files: 
-- Added test 'cpplint' to check C / C++ code against the Google style
-- Configured cpplint exclude dirs and/or files: 
-- Added test 'flake8' to check Python code syntax and style conventions
-- Added test 'lint_cmake' to check CMake code style
-- Added test 'pep257' to check Python code against some of the docstring style conventions in PEP 257
-- Added test 'uncrustify' to check C / C++ code style
-- Configured uncrustify additional arguments: 
-- Added test 'xmllint' to check XML markup files
-- Configuring done
-- Generating done
-- Build files have been written to: /home/bose/dev_ws/build/my_bot
[35m[1mConsolidate compiler generated dependencies of target my_bot[0m
[ 50%] [32mBuilding CXX object CMakeFiles/my_bot.dir/hardware/diffbot_system.cpp.o[0m
[100%] [32m[1mLinking CXX shared library libmy_bot.so[0m
[100%] Built target my_bot
-- Install configuration: ""
-- Execute custom install script
-- Symlinking: /home/bose/dev_ws/install/my_bot/share/my_bot//my_bot.xml
-- Up-to-date symlink: /home/bose/dev_ws/install/my_bot/share/my_bot/my_bot.xml
-- Symlinking: /home/bose/dev_ws/install/my_bot/include/my_bot/my_bot/arduino_comms.hpp
-- Symlinking: /home/bose/dev_ws/install/my_bot/include/my_bot/my_bot/diffbot_system.hpp
-- Symlinking: /home/bose/dev_ws/install/my_bot/include/my_bot/my_bot/visibility_control.h
-- Symlinking: /home/bose/dev_ws/install/my_bot/include/my_bot/my_bot/wheel.hpp
-- Symlinking: /home/bose/dev_ws/install/my_bot/share/my_bot/config/diffbot_controllers.yaml
-- Symlinking: /home/bose/dev_ws/install/my_bot/share/my_bot/config/drive_ot.rviz
-- Symlinking: /home/bose/dev_ws/install/my_bot/share/my_bot/config/empty.yaml
-- Symlinking: /home/bose/dev_ws/install/my_bot/share/my_bot/config/gazebo_params.yaml
-- Symlinking: /home/bose/dev_ws/install/my_bot/share/my_bot/config/my_controllers.yaml
-- Symlinking: /home/bose/dev_ws/install/my_bot/share/my_bot/config/view_bot.rviz
-- Symlinking: /home/bose/dev_ws/install/my_bot/share/my_bot/description/camera.xacro
-- Symlinking: /home/bose/dev_ws/install/my_bot/share/my_bot/description/gazebo_control.xacro
-- Symlinking: /home/bose/dev_ws/install/my_bot/share/my_bot/description/inertial_macros.xacro
-- Symlinking: /home/bose/dev_ws/install/my_bot/share/my_bot/description/lidar.xacro
-- Symlinking: /home/bose/dev_ws/install/my_bot/share/my_bot/description/robot.urdf.xacro
-- Symlinking: /home/bose/dev_ws/install/my_bot/share/my_bot/description/robot_core.xacro
-- Symlinking: /home/bose/dev_ws/install/my_bot/share/my_bot/description/ros2_control.xacro
-- Symlinking: /home/bose/dev_ws/install/my_bot/share/my_bot/launch/camera.launch.py
-- Symlinking: /home/bose/dev_ws/install/my_bot/share/my_bot/launch/launch_robot.launch.py
-- Symlinking: /home/bose/dev_ws/install/my_bot/share/my_bot/launch/launch_sim.launch.py
-- Symlinking: /home/bose/dev_ws/install/my_bot/share/my_bot/launch/rplidar.launch.py
-- Symlinking: /home/bose/dev_ws/install/my_bot/share/my_bot/launch/rsp.launch.py
-- Symlinking: /home/bose/dev_ws/install/my_bot/share/my_bot/worlds/empty.world
-- Symlinking: /home/bose/dev_ws/install/my_bot/share/my_bot/worlds/lidar.world
-- Symlinking: /home/bose/dev_ws/install/my_bot/share/my_bot/worlds/new.world
-- Symlinking: /home/bose/dev_ws/install/my_bot/share/my_bot/worlds/obstacle.world
-- Symlinking: /home/bose/dev_ws/install/my_bot/share/my_bot/environment/library_path.sh
-- Symlinking: /home/bose/dev_ws/install/my_bot/share/my_bot/environment/library_path.dsv
-- Symlinking: /home/bose/dev_ws/install/my_bot/share/ament_index/resource_index/package_run_dependencies/my_bot
-- Symlinking: /home/bose/dev_ws/install/my_bot/share/ament_index/resource_index/parent_prefix_path/my_bot
-- Symlinking: /home/bose/dev_ws/install/my_bot/share/my_bot/environment/ament_prefix_path.sh
-- Symlinking: /home/bose/dev_ws/install/my_bot/share/my_bot/environment/ament_prefix_path.dsv
-- Symlinking: /home/bose/dev_ws/install/my_bot/share/my_bot/environment/path.sh
-- Symlinking: /home/bose/dev_ws/install/my_bot/share/my_bot/environment/path.dsv
-- Symlinking: /home/bose/dev_ws/install/my_bot/share/my_bot/local_setup.bash
-- Symlinking: /home/bose/dev_ws/install/my_bot/share/my_bot/local_setup.sh
-- Symlinking: /home/bose/dev_ws/install/my_bot/share/my_bot/local_setup.zsh
-- Symlinking: /home/bose/dev_ws/install/my_bot/share/my_bot/local_setup.dsv
-- Symlinking: /home/bose/dev_ws/install/my_bot/share/my_bot/package.dsv
-- Symlinking: /home/bose/dev_ws/install/my_bot/share/ament_index/resource_index/packages/my_bot
-- Symlinking: /home/bose/dev_ws/install/my_bot/share/ament_index/resource_index/my_bot__pluginlib__plugin/my_bot
-- Symlinking: /home/bose/dev_ws/install/my_bot/share/my_bot/cmake/ament_cmake_export_targets-extras.cmake
-- Symlinking: /home/bose/dev_ws/install/my_bot/share/my_bot/cmake/ament_cmake_export_dependencies-extras.cmake
-- Symlinking: /home/bose/dev_ws/install/my_bot/share/my_bot/cmake/my_botConfig.cmake
-- Symlinking: /home/bose/dev_ws/install/my_bot/share/my_bot/cmake/my_botConfig-version.cmake
-- Symlinking: /home/bose/dev_ws/install/my_bot/share/my_bot/package.xml
-- Installing: /home/bose/dev_ws/install/my_bot/lib/libmy_bot.so
-- Set runtime path of "/home/bose/dev_ws/install/my_bot/lib/libmy_bot.so" to ""
-- Up-to-date: /home/bose/dev_ws/install/my_bot/share/my_bot/cmake/export_my_botExport.cmake
-- Up-to-date: /home/bose/dev_ws/install/my_bot/share/my_bot/cmake/export_my_botExport-noconfig.cmake
