[0.059s] Invoking command in '/home/bose/dev_ws/build/my_bot': CMAKE_PREFIX_PATH=${CMAKE_PREFIX_PATH}:/home/bose/ros2_ws/install/serial_motor_demo:/opt/ros/humble /usr/bin/cmake --build /home/bose/dev_ws/build/my_bot -- -j4 -l4
[0.177s] -- Found ament_cmake: 1.3.11 (/opt/ros/humble/share/ament_cmake/cmake)
[0.755s] -- Override CMake install command with custom implementation using symlinks instead of copying resources
[0.790s] -- Found hardware_interface: 2.48.0 (/opt/ros/humble/share/hardware_interface/cmake)
[0.956s] -- Found rosidl_generator_c: 3.1.6 (/opt/ros/humble/share/rosidl_generator_c/cmake)
[0.966s] -- Found rosidl_adapter: 3.1.6 (/opt/ros/humble/share/rosidl_adapter/cmake)
[0.989s] -- Found rosidl_generator_cpp: 3.1.6 (/opt/ros/humble/share/rosidl_generator_cpp/cmake)
[1.028s] -- Using all available rosidl_typesupport_c: rosidl_typesupport_fastrtps_c;rosidl_typesupport_introspection_c
[1.078s] -- Using all available rosidl_typesupport_cpp: rosidl_typesupport_fastrtps_cpp;rosidl_typesupport_introspection_cpp
[1.883s] -- Found rmw_implementation_cmake: 6.1.2 (/opt/ros/humble/share/rmw_implementation_cmake/cmake)
[1.892s] -- Found rmw_fastrtps_cpp: 6.2.7 (/opt/ros/humble/share/rmw_fastrtps_cpp/cmake)
[1.971s] -- Found TinyXML2 via Config file: TinyXML2_DIR-NOTFOUND
[2.005s] -- Found TinyXML2 via Config file: TinyXML2_DIR-NOTFOUND
[2.090s] -- Found TinyXML2 via Config file: TinyXML2_DIR-NOTFOUND
[2.123s] -- Found TinyXML2 via Config file: TinyXML2_DIR-NOTFOUND
[2.162s] -- Using RMW implementation 'rmw_fastrtps_cpp' as default
[2.381s] -- Found ament_lint_auto: 0.12.11 (/opt/ros/humble/share/ament_lint_auto/cmake)
[2.711s] -- Added test 'copyright' to check source files copyright and LICENSE
[2.878s] -- Added test 'cppcheck' to perform static code analysis on C / C++ code
[2.880s] -- Configured cppcheck include dirs: /home/bose/dev_ws/src/my_bot/hardware/include;/home/bose/dev_ws/src/my_bot/include;$<BUILD_INTERFACE:/home/bose/dev_ws/src/my_bot/hardware/include>
[2.880s] -- Configured cppcheck exclude dirs and/or files: 
[3.047s] -- Added test 'cpplint' to check C / C++ code against the Google style
[3.048s] -- Configured cpplint exclude dirs and/or files: 
[3.070s] -- Added test 'flake8' to check Python code syntax and style conventions
[3.113s] -- Added test 'lint_cmake' to check CMake code style
[3.136s] -- Added test 'pep257' to check Python code against some of the docstring style conventions in PEP 257
[3.302s] -- Added test 'uncrustify' to check C / C++ code style
[3.303s] -- Configured uncrustify additional arguments: 
[3.325s] -- Added test 'xmllint' to check XML markup files
[3.332s] -- Configuring done
[3.487s] -- Generating done
[3.515s] -- Build files have been written to: /home/bose/dev_ws/build/my_bot
[3.642s] [35m[1mConsolidate compiler generated dependencies of target my_bot[0m
[3.745s] [ 50%] [32mBuilding CXX object CMakeFiles/my_bot.dir/hardware/diffbot_system.cpp.o[0m
[18.507s] [100%] [32m[1mLinking CXX shared library libmy_bot.so[0m
[19.464s] [100%] Built target my_bot
[19.507s] Invoked command in '/home/bose/dev_ws/build/my_bot' returned '0': CMAKE_PREFIX_PATH=${CMAKE_PREFIX_PATH}:/home/bose/ros2_ws/install/serial_motor_demo:/opt/ros/humble /usr/bin/cmake --build /home/bose/dev_ws/build/my_bot -- -j4 -l4
[19.559s] Invoking command in '/home/bose/dev_ws/build/my_bot': CMAKE_PREFIX_PATH=${CMAKE_PREFIX_PATH}:/home/bose/ros2_ws/install/serial_motor_demo:/opt/ros/humble /usr/bin/cmake --install /home/bose/dev_ws/build/my_bot
[19.593s] -- Install configuration: ""
[19.595s] -- Execute custom install script
[19.596s] -- Symlinking: /home/bose/dev_ws/install/my_bot/share/my_bot//my_bot.xml
[19.633s] -- Up-to-date symlink: /home/bose/dev_ws/install/my_bot/share/my_bot/my_bot.xml
[19.635s] -- Symlinking: /home/bose/dev_ws/install/my_bot/include/my_bot/my_bot/arduino_comms.hpp
[19.672s] -- Symlinking: /home/bose/dev_ws/install/my_bot/include/my_bot/my_bot/diffbot_system.hpp
[19.708s] -- Symlinking: /home/bose/dev_ws/install/my_bot/include/my_bot/my_bot/visibility_control.h
[19.745s] -- Symlinking: /home/bose/dev_ws/install/my_bot/include/my_bot/my_bot/wheel.hpp
[19.782s] -- Symlinking: /home/bose/dev_ws/install/my_bot/share/my_bot/config/diffbot_controllers.yaml
[19.819s] -- Symlinking: /home/bose/dev_ws/install/my_bot/share/my_bot/config/drive_ot.rviz
[19.857s] -- Symlinking: /home/bose/dev_ws/install/my_bot/share/my_bot/config/empty.yaml
[19.892s] -- Symlinking: /home/bose/dev_ws/install/my_bot/share/my_bot/config/gazebo_params.yaml
[19.928s] -- Symlinking: /home/bose/dev_ws/install/my_bot/share/my_bot/config/my_controllers.yaml
[19.966s] -- Symlinking: /home/bose/dev_ws/install/my_bot/share/my_bot/config/view_bot.rviz
[20.005s] -- Symlinking: /home/bose/dev_ws/install/my_bot/share/my_bot/description/camera.xacro
[20.045s] -- Symlinking: /home/bose/dev_ws/install/my_bot/share/my_bot/description/gazebo_control.xacro
[20.080s] -- Symlinking: /home/bose/dev_ws/install/my_bot/share/my_bot/description/inertial_macros.xacro
[20.117s] -- Symlinking: /home/bose/dev_ws/install/my_bot/share/my_bot/description/lidar.xacro
[20.156s] -- Symlinking: /home/bose/dev_ws/install/my_bot/share/my_bot/description/robot.urdf.xacro
[20.196s] -- Symlinking: /home/bose/dev_ws/install/my_bot/share/my_bot/description/robot_core.xacro
[20.232s] -- Symlinking: /home/bose/dev_ws/install/my_bot/share/my_bot/description/ros2_control.xacro
[20.269s] -- Symlinking: /home/bose/dev_ws/install/my_bot/share/my_bot/launch/camera.launch.py
[20.304s] -- Symlinking: /home/bose/dev_ws/install/my_bot/share/my_bot/launch/launch_robot.launch.py
[20.344s] -- Symlinking: /home/bose/dev_ws/install/my_bot/share/my_bot/launch/launch_sim.launch.py
[20.380s] -- Symlinking: /home/bose/dev_ws/install/my_bot/share/my_bot/launch/rplidar.launch.py
[20.417s] -- Symlinking: /home/bose/dev_ws/install/my_bot/share/my_bot/launch/rsp.launch.py
[20.454s] -- Symlinking: /home/bose/dev_ws/install/my_bot/share/my_bot/worlds/empty.world
[20.490s] -- Symlinking: /home/bose/dev_ws/install/my_bot/share/my_bot/worlds/lidar.world
[20.526s] -- Symlinking: /home/bose/dev_ws/install/my_bot/share/my_bot/worlds/new.world
[20.562s] -- Symlinking: /home/bose/dev_ws/install/my_bot/share/my_bot/worlds/obstacle.world
[20.601s] -- Symlinking: /home/bose/dev_ws/install/my_bot/share/my_bot/environment/library_path.sh
[20.638s] -- Symlinking: /home/bose/dev_ws/install/my_bot/share/my_bot/environment/library_path.dsv
[20.676s] -- Symlinking: /home/bose/dev_ws/install/my_bot/share/ament_index/resource_index/package_run_dependencies/my_bot
[20.712s] -- Symlinking: /home/bose/dev_ws/install/my_bot/share/ament_index/resource_index/parent_prefix_path/my_bot
[20.750s] -- Symlinking: /home/bose/dev_ws/install/my_bot/share/my_bot/environment/ament_prefix_path.sh
[20.788s] -- Symlinking: /home/bose/dev_ws/install/my_bot/share/my_bot/environment/ament_prefix_path.dsv
[20.825s] -- Symlinking: /home/bose/dev_ws/install/my_bot/share/my_bot/environment/path.sh
[20.862s] -- Symlinking: /home/bose/dev_ws/install/my_bot/share/my_bot/environment/path.dsv
[20.901s] -- Symlinking: /home/bose/dev_ws/install/my_bot/share/my_bot/local_setup.bash
[20.937s] -- Symlinking: /home/bose/dev_ws/install/my_bot/share/my_bot/local_setup.sh
[20.976s] -- Symlinking: /home/bose/dev_ws/install/my_bot/share/my_bot/local_setup.zsh
[21.015s] -- Symlinking: /home/bose/dev_ws/install/my_bot/share/my_bot/local_setup.dsv
[21.053s] -- Symlinking: /home/bose/dev_ws/install/my_bot/share/my_bot/package.dsv
[21.092s] -- Symlinking: /home/bose/dev_ws/install/my_bot/share/ament_index/resource_index/packages/my_bot
[21.129s] -- Symlinking: /home/bose/dev_ws/install/my_bot/share/ament_index/resource_index/my_bot__pluginlib__plugin/my_bot
[21.166s] -- Symlinking: /home/bose/dev_ws/install/my_bot/share/my_bot/cmake/ament_cmake_export_targets-extras.cmake
[21.203s] -- Symlinking: /home/bose/dev_ws/install/my_bot/share/my_bot/cmake/ament_cmake_export_dependencies-extras.cmake
[21.240s] -- Symlinking: /home/bose/dev_ws/install/my_bot/share/my_bot/cmake/my_botConfig.cmake
[21.280s] -- Symlinking: /home/bose/dev_ws/install/my_bot/share/my_bot/cmake/my_botConfig-version.cmake
[21.316s] -- Symlinking: /home/bose/dev_ws/install/my_bot/share/my_bot/package.xml
[21.353s] -- Installing: /home/bose/dev_ws/install/my_bot/lib/libmy_bot.so
[21.360s] -- Set runtime path of "/home/bose/dev_ws/install/my_bot/lib/libmy_bot.so" to ""
[21.362s] -- Up-to-date: /home/bose/dev_ws/install/my_bot/share/my_bot/cmake/export_my_botExport.cmake
[21.362s] -- Up-to-date: /home/bose/dev_ws/install/my_bot/share/my_bot/cmake/export_my_botExport-noconfig.cmake
[21.369s] Invoked command in '/home/bose/dev_ws/build/my_bot' returned '0': CMAKE_PREFIX_PATH=${CMAKE_PREFIX_PATH}:/home/bose/ros2_ws/install/serial_motor_demo:/opt/ros/humble /usr/bin/cmake --install /home/bose/dev_ws/build/my_bot
