[0.453s] DEBUG:colcon:Command line arguments: ['/usr/bin/colcon', 'build', '--symlink-install']
[0.453s] DEBUG:colcon:Parsed command line arguments: Namespace(log_base=None, log_level=None, verb_name='build', build_base='build', install_base='install', merge_install=False, symlink_install=True, test_result_base=None, continue_on_error=False, executor='parallel', parallel_workers=4, event_handlers=None, ignore_user_meta=False, metas=['./colcon.meta'], base_paths=['.'], packages_ignore=None, packages_ignore_regex=None, paths=None, packages_up_to=None, packages_up_to_regex=None, packages_above=None, packages_above_and_dependencies=None, packages_above_depth=None, packages_select_by_dep=None, packages_skip_by_dep=None, packages_skip_up_to=None, packages_select_build_failed=False, packages_skip_build_finished=False, packages_select_test_failures=False, packages_skip_test_passed=False, packages_select=None, packages_skip=None, packages_select_regex=None, packages_skip_regex=None, packages_start=None, packages_end=None, allow_overriding=[], cmake_args=None, cmake_target=None, cmake_target_skip_unavailable=False, cmake_clean_cache=False, cmake_clean_first=False, cmake_force_configure=False, ament_cmake_args=None, catkin_cmake_args=None, catkin_skip_building_tests=False, verb_parser=<colcon_defaults.argument_parser.defaults.DefaultArgumentsDecorator object at 0xffff8ecd8df0>, verb_extension=<colcon_core.verb.build.BuildVerb object at 0xffff8ecd89a0>, main=<bound method BuildVerb.main of <colcon_core.verb.build.BuildVerb object at 0xffff8ecd89a0>>)
[1.273s] Level 1:colcon.colcon_core.package_discovery:discover_packages(colcon_meta) check parameters
[1.273s] Level 1:colcon.colcon_core.package_discovery:discover_packages(recursive) check parameters
[1.274s] Level 1:colcon.colcon_core.package_discovery:discover_packages(ignore) check parameters
[1.274s] Level 1:colcon.colcon_core.package_discovery:discover_packages(path) check parameters
[1.274s] Level 1:colcon.colcon_core.package_discovery:discover_packages(colcon_meta) discover
[1.274s] Level 1:colcon.colcon_core.package_discovery:discover_packages(recursive) discover
[1.274s] INFO:colcon.colcon_core.package_discovery:Crawling recursively for packages in '/home/bose/dev_ws'
[1.275s] Level 1:colcon.colcon_core.package_identification:_identify(.) by extensions ['ignore', 'ignore_ament_install']
[1.275s] Level 1:colcon.colcon_core.package_identification:_identify(.) by extension 'ignore'
[1.275s] Level 1:colcon.colcon_core.package_identification:_identify(.) by extension 'ignore_ament_install'
[1.276s] Level 1:colcon.colcon_core.package_identification:_identify(.) by extensions ['colcon_pkg']
[1.276s] Level 1:colcon.colcon_core.package_identification:_identify(.) by extension 'colcon_pkg'
[1.276s] Level 1:colcon.colcon_core.package_identification:_identify(.) by extensions ['colcon_meta']
[1.276s] Level 1:colcon.colcon_core.package_identification:_identify(.) by extension 'colcon_meta'
[1.276s] Level 1:colcon.colcon_core.package_identification:_identify(.) by extensions ['ros']
[1.276s] Level 1:colcon.colcon_core.package_identification:_identify(.) by extension 'ros'
[1.322s] Level 1:colcon.colcon_core.package_identification:_identify(.) by extensions ['cmake', 'python']
[1.322s] Level 1:colcon.colcon_core.package_identification:_identify(.) by extension 'cmake'
[1.322s] Level 1:colcon.colcon_core.package_identification:_identify(.) by extension 'python'
[1.322s] Level 1:colcon.colcon_core.package_identification:_identify(.) by extensions ['python_setup_py']
[1.322s] Level 1:colcon.colcon_core.package_identification:_identify(.) by extension 'python_setup_py'
[1.323s] Level 1:colcon.colcon_core.package_identification:_identify(backup) by extensions ['ignore', 'ignore_ament_install']
[1.323s] Level 1:colcon.colcon_core.package_identification:_identify(backup) by extension 'ignore'
[1.323s] Level 1:colcon.colcon_core.package_identification:_identify(backup) by extension 'ignore_ament_install'
[1.324s] Level 1:colcon.colcon_core.package_identification:_identify(backup) by extensions ['colcon_pkg']
[1.324s] Level 1:colcon.colcon_core.package_identification:_identify(backup) by extension 'colcon_pkg'
[1.324s] Level 1:colcon.colcon_core.package_identification:_identify(backup) by extensions ['colcon_meta']
[1.324s] Level 1:colcon.colcon_core.package_identification:_identify(backup) by extension 'colcon_meta'
[1.324s] Level 1:colcon.colcon_core.package_identification:_identify(backup) by extensions ['ros']
[1.324s] Level 1:colcon.colcon_core.package_identification:_identify(backup) by extension 'ros'
[1.325s] Level 1:colcon.colcon_core.package_identification:_identify(backup) by extensions ['cmake', 'python']
[1.325s] Level 1:colcon.colcon_core.package_identification:_identify(backup) by extension 'cmake'
[1.325s] Level 1:colcon.colcon_core.package_identification:_identify(backup) by extension 'python'
[1.325s] Level 1:colcon.colcon_core.package_identification:_identify(backup) by extensions ['python_setup_py']
[1.325s] Level 1:colcon.colcon_core.package_identification:_identify(backup) by extension 'python_setup_py'
[1.326s] Level 1:colcon.colcon_core.package_identification:_identify(build) by extensions ['ignore', 'ignore_ament_install']
[1.326s] Level 1:colcon.colcon_core.package_identification:_identify(build) by extension 'ignore'
[1.326s] Level 1:colcon.colcon_core.package_identification:_identify(build) ignored
[1.327s] Level 1:colcon.colcon_core.package_identification:_identify(install) by extensions ['ignore', 'ignore_ament_install']
[1.327s] Level 1:colcon.colcon_core.package_identification:_identify(install) by extension 'ignore'
[1.327s] Level 1:colcon.colcon_core.package_identification:_identify(install) ignored
[1.328s] Level 1:colcon.colcon_core.package_identification:_identify(log) by extensions ['ignore', 'ignore_ament_install']
[1.328s] Level 1:colcon.colcon_core.package_identification:_identify(log) by extension 'ignore'
[1.328s] Level 1:colcon.colcon_core.package_identification:_identify(log) ignored
[1.328s] Level 1:colcon.colcon_core.package_identification:_identify(src) by extensions ['ignore', 'ignore_ament_install']
[1.329s] Level 1:colcon.colcon_core.package_identification:_identify(src) by extension 'ignore'
[1.329s] Level 1:colcon.colcon_core.package_identification:_identify(src) by extension 'ignore_ament_install'
[1.329s] Level 1:colcon.colcon_core.package_identification:_identify(src) by extensions ['colcon_pkg']
[1.329s] Level 1:colcon.colcon_core.package_identification:_identify(src) by extension 'colcon_pkg'
[1.329s] Level 1:colcon.colcon_core.package_identification:_identify(src) by extensions ['colcon_meta']
[1.329s] Level 1:colcon.colcon_core.package_identification:_identify(src) by extension 'colcon_meta'
[1.330s] Level 1:colcon.colcon_core.package_identification:_identify(src) by extensions ['ros']
[1.330s] Level 1:colcon.colcon_core.package_identification:_identify(src) by extension 'ros'
[1.330s] Level 1:colcon.colcon_core.package_identification:_identify(src) by extensions ['cmake', 'python']
[1.330s] Level 1:colcon.colcon_core.package_identification:_identify(src) by extension 'cmake'
[1.330s] Level 1:colcon.colcon_core.package_identification:_identify(src) by extension 'python'
[1.330s] Level 1:colcon.colcon_core.package_identification:_identify(src) by extensions ['python_setup_py']
[1.331s] Level 1:colcon.colcon_core.package_identification:_identify(src) by extension 'python_setup_py'
[1.331s] Level 1:colcon.colcon_core.package_identification:_identify(src/diffdrive_arduino) by extensions ['ignore', 'ignore_ament_install']
[1.331s] Level 1:colcon.colcon_core.package_identification:_identify(src/diffdrive_arduino) by extension 'ignore'
[1.332s] Level 1:colcon.colcon_core.package_identification:_identify(src/diffdrive_arduino) by extension 'ignore_ament_install'
[1.332s] Level 1:colcon.colcon_core.package_identification:_identify(src/diffdrive_arduino) by extensions ['colcon_pkg']
[1.332s] Level 1:colcon.colcon_core.package_identification:_identify(src/diffdrive_arduino) by extension 'colcon_pkg'
[1.332s] Level 1:colcon.colcon_core.package_identification:_identify(src/diffdrive_arduino) by extensions ['colcon_meta']
[1.332s] Level 1:colcon.colcon_core.package_identification:_identify(src/diffdrive_arduino) by extension 'colcon_meta'
[1.332s] Level 1:colcon.colcon_core.package_identification:_identify(src/diffdrive_arduino) by extensions ['ros']
[1.333s] Level 1:colcon.colcon_core.package_identification:_identify(src/diffdrive_arduino) by extension 'ros'
[1.343s] DEBUG:colcon.colcon_core.package_identification:Package 'src/diffdrive_arduino' with type 'ros.ament_cmake' and name 'diffdrive_arduino'
[1.343s] Level 1:colcon.colcon_core.package_identification:_identify(src/my_bot) by extensions ['ignore', 'ignore_ament_install']
[1.344s] Level 1:colcon.colcon_core.package_identification:_identify(src/my_bot) by extension 'ignore'
[1.345s] Level 1:colcon.colcon_core.package_identification:_identify(src/my_bot) by extension 'ignore_ament_install'
[1.345s] Level 1:colcon.colcon_core.package_identification:_identify(src/my_bot) by extensions ['colcon_pkg']
[1.345s] Level 1:colcon.colcon_core.package_identification:_identify(src/my_bot) by extension 'colcon_pkg'
[1.345s] Level 1:colcon.colcon_core.package_identification:_identify(src/my_bot) by extensions ['colcon_meta']
[1.345s] Level 1:colcon.colcon_core.package_identification:_identify(src/my_bot) by extension 'colcon_meta'
[1.345s] Level 1:colcon.colcon_core.package_identification:_identify(src/my_bot) by extensions ['ros']
[1.346s] Level 1:colcon.colcon_core.package_identification:_identify(src/my_bot) by extension 'ros'
[1.352s] DEBUG:colcon.colcon_core.package_identification:Package 'src/my_bot' with type 'ros.ament_cmake' and name 'my_bot'
[1.353s] Level 1:colcon.colcon_core.package_identification:_identify(src/serial) by extensions ['ignore', 'ignore_ament_install']
[1.353s] Level 1:colcon.colcon_core.package_identification:_identify(src/serial) by extension 'ignore'
[1.354s] Level 1:colcon.colcon_core.package_identification:_identify(src/serial) by extension 'ignore_ament_install'
[1.354s] Level 1:colcon.colcon_core.package_identification:_identify(src/serial) by extensions ['colcon_pkg']
[1.354s] Level 1:colcon.colcon_core.package_identification:_identify(src/serial) by extension 'colcon_pkg'
[1.354s] Level 1:colcon.colcon_core.package_identification:_identify(src/serial) by extensions ['colcon_meta']
[1.354s] Level 1:colcon.colcon_core.package_identification:_identify(src/serial) by extension 'colcon_meta'
[1.354s] Level 1:colcon.colcon_core.package_identification:_identify(src/serial) by extensions ['ros']
[1.354s] Level 1:colcon.colcon_core.package_identification:_identify(src/serial) by extension 'ros'
[1.357s] DEBUG:colcon.colcon_core.package_identification:Package 'src/serial' with type 'ros.ament_cmake' and name 'serial'
[1.357s] Level 1:colcon.colcon_core.package_discovery:discover_packages(recursive) using defaults
[1.357s] Level 1:colcon.colcon_core.package_discovery:discover_packages(ignore) discover
[1.357s] Level 1:colcon.colcon_core.package_discovery:discover_packages(ignore) using defaults
[1.357s] Level 1:colcon.colcon_core.package_discovery:discover_packages(path) discover
[1.357s] Level 1:colcon.colcon_core.package_discovery:discover_packages(path) using defaults
[1.475s] Level 1:colcon.colcon_core.package_discovery:discover_packages(prefix_path) check parameters
[1.475s] Level 1:colcon.colcon_core.package_discovery:discover_packages(prefix_path) discover
[1.479s] WARNING:colcon.colcon_ros.prefix_path.ament:The path '/home/bose/dev_ws/install/my_bot' in the environment variable AMENT_PREFIX_PATH doesn't exist
[1.480s] WARNING:colcon.colcon_ros.prefix_path.ament:The path '/home/bose/dev_ws/install/serial' in the environment variable AMENT_PREFIX_PATH doesn't exist
[1.480s] WARNING:colcon.colcon_ros.prefix_path.ament:The path '/home/bose/dev_ws/install/diffdrive_arduino' in the environment variable AMENT_PREFIX_PATH doesn't exist
[1.482s] WARNING:colcon.colcon_ros.prefix_path.catkin:The path '/home/bose/dev_ws/install/my_bot' in the environment variable CMAKE_PREFIX_PATH doesn't exist
[1.482s] WARNING:colcon.colcon_ros.prefix_path.catkin:The path '/home/bose/dev_ws/install/serial' in the environment variable CMAKE_PREFIX_PATH doesn't exist
[1.482s] WARNING:colcon.colcon_ros.prefix_path.catkin:The path '/home/bose/dev_ws/install/diffdrive_arduino' in the environment variable CMAKE_PREFIX_PATH doesn't exist
[1.485s] DEBUG:colcon.colcon_installed_package_information.package_discovery:Found 0 installed packages in /home/bose/dev_ws/install
[1.488s] DEBUG:colcon.colcon_installed_package_information.package_discovery:Found 3 installed packages in /home/bose/ros2_ws/install
[1.490s] DEBUG:colcon.colcon_installed_package_information.package_discovery:Found 1 installed packages in /home/bose/install
[1.500s] DEBUG:colcon.colcon_installed_package_information.package_discovery:Found 326 installed packages in /opt/ros/humble
[1.507s] Level 1:colcon.colcon_core.package_discovery:discover_packages(prefix_path) using defaults
[1.700s] Level 5:colcon.colcon_core.verb:set package 'diffdrive_arduino' build argument 'cmake_args' from command line to 'None'
[1.701s] Level 5:colcon.colcon_core.verb:set package 'diffdrive_arduino' build argument 'cmake_target' from command line to 'None'
[1.701s] Level 5:colcon.colcon_core.verb:set package 'diffdrive_arduino' build argument 'cmake_target_skip_unavailable' from command line to 'False'
[1.701s] Level 5:colcon.colcon_core.verb:set package 'diffdrive_arduino' build argument 'cmake_clean_cache' from command line to 'False'
[1.701s] Level 5:colcon.colcon_core.verb:set package 'diffdrive_arduino' build argument 'cmake_clean_first' from command line to 'False'
[1.701s] Level 5:colcon.colcon_core.verb:set package 'diffdrive_arduino' build argument 'cmake_force_configure' from command line to 'False'
[1.701s] Level 5:colcon.colcon_core.verb:set package 'diffdrive_arduino' build argument 'ament_cmake_args' from command line to 'None'
[1.701s] Level 5:colcon.colcon_core.verb:set package 'diffdrive_arduino' build argument 'catkin_cmake_args' from command line to 'None'
[1.701s] Level 5:colcon.colcon_core.verb:set package 'diffdrive_arduino' build argument 'catkin_skip_building_tests' from command line to 'False'
[1.702s] DEBUG:colcon.colcon_core.verb:Building package 'diffdrive_arduino' with the following arguments: {'ament_cmake_args': None, 'build_base': '/home/bose/dev_ws/build/diffdrive_arduino', 'catkin_cmake_args': None, 'catkin_skip_building_tests': False, 'cmake_args': None, 'cmake_clean_cache': False, 'cmake_clean_first': False, 'cmake_force_configure': False, 'cmake_target': None, 'cmake_target_skip_unavailable': False, 'install_base': '/home/bose/dev_ws/install/diffdrive_arduino', 'merge_install': False, 'path': '/home/bose/dev_ws/src/diffdrive_arduino', 'symlink_install': True, 'test_result_base': None}
[1.703s] Level 5:colcon.colcon_core.verb:set package 'my_bot' build argument 'cmake_args' from command line to 'None'
[1.704s] Level 5:colcon.colcon_core.verb:set package 'my_bot' build argument 'cmake_target' from command line to 'None'
[1.704s] Level 5:colcon.colcon_core.verb:set package 'my_bot' build argument 'cmake_target_skip_unavailable' from command line to 'False'
[1.704s] Level 5:colcon.colcon_core.verb:set package 'my_bot' build argument 'cmake_clean_cache' from command line to 'False'
[1.704s] Level 5:colcon.colcon_core.verb:set package 'my_bot' build argument 'cmake_clean_first' from command line to 'False'
[1.704s] Level 5:colcon.colcon_core.verb:set package 'my_bot' build argument 'cmake_force_configure' from command line to 'False'
[1.704s] Level 5:colcon.colcon_core.verb:set package 'my_bot' build argument 'ament_cmake_args' from command line to 'None'
[1.704s] Level 5:colcon.colcon_core.verb:set package 'my_bot' build argument 'catkin_cmake_args' from command line to 'None'
[1.704s] Level 5:colcon.colcon_core.verb:set package 'my_bot' build argument 'catkin_skip_building_tests' from command line to 'False'
[1.705s] DEBUG:colcon.colcon_core.verb:Building package 'my_bot' with the following arguments: {'ament_cmake_args': None, 'build_base': '/home/bose/dev_ws/build/my_bot', 'catkin_cmake_args': None, 'catkin_skip_building_tests': False, 'cmake_args': None, 'cmake_clean_cache': False, 'cmake_clean_first': False, 'cmake_force_configure': False, 'cmake_target': None, 'cmake_target_skip_unavailable': False, 'install_base': '/home/bose/dev_ws/install/my_bot', 'merge_install': False, 'path': '/home/bose/dev_ws/src/my_bot', 'symlink_install': True, 'test_result_base': None}
[1.706s] Level 5:colcon.colcon_core.verb:set package 'serial' build argument 'cmake_args' from command line to 'None'
[1.707s] Level 5:colcon.colcon_core.verb:set package 'serial' build argument 'cmake_target' from command line to 'None'
[1.707s] Level 5:colcon.colcon_core.verb:set package 'serial' build argument 'cmake_target_skip_unavailable' from command line to 'False'
[1.707s] Level 5:colcon.colcon_core.verb:set package 'serial' build argument 'cmake_clean_cache' from command line to 'False'
[1.707s] Level 5:colcon.colcon_core.verb:set package 'serial' build argument 'cmake_clean_first' from command line to 'False'
[1.707s] Level 5:colcon.colcon_core.verb:set package 'serial' build argument 'cmake_force_configure' from command line to 'False'
[1.707s] Level 5:colcon.colcon_core.verb:set package 'serial' build argument 'ament_cmake_args' from command line to 'None'
[1.707s] Level 5:colcon.colcon_core.verb:set package 'serial' build argument 'catkin_cmake_args' from command line to 'None'
[1.708s] Level 5:colcon.colcon_core.verb:set package 'serial' build argument 'catkin_skip_building_tests' from command line to 'False'
[1.708s] DEBUG:colcon.colcon_core.verb:Building package 'serial' with the following arguments: {'ament_cmake_args': None, 'build_base': '/home/bose/dev_ws/build/serial', 'catkin_cmake_args': None, 'catkin_skip_building_tests': False, 'cmake_args': None, 'cmake_clean_cache': False, 'cmake_clean_first': False, 'cmake_force_configure': False, 'cmake_target': None, 'cmake_target_skip_unavailable': False, 'install_base': '/home/bose/dev_ws/install/serial', 'merge_install': False, 'path': '/home/bose/dev_ws/src/serial', 'symlink_install': True, 'test_result_base': None}
[1.708s] INFO:colcon.colcon_core.executor:Executing jobs using 'parallel' executor
[1.711s] DEBUG:colcon.colcon_parallel_executor.executor.parallel:run_until_complete
[1.712s] INFO:colcon.colcon_ros.task.ament_cmake.build:Building ROS package in '/home/bose/dev_ws/src/diffdrive_arduino' with build type 'ament_cmake'
[1.713s] INFO:colcon.colcon_cmake.task.cmake.build:Building CMake package in '/home/bose/dev_ws/src/diffdrive_arduino'
[1.723s] INFO:colcon.colcon_core.plugin_system:Skipping extension 'colcon_core.shell.bat': Not used on non-Windows systems
[1.723s] INFO:colcon.colcon_core.shell:Skip shell extension 'powershell' for command environment: Not usable outside of PowerShell
[1.724s] DEBUG:colcon.colcon_core.shell:Skip shell extension 'dsv' for command environment
[1.747s] INFO:colcon.colcon_ros.task.ament_cmake.build:Building ROS package in '/home/bose/dev_ws/src/my_bot' with build type 'ament_cmake'
[1.748s] INFO:colcon.colcon_cmake.task.cmake.build:Building CMake package in '/home/bose/dev_ws/src/my_bot'
[1.749s] INFO:colcon.colcon_core.shell:Skip shell extension 'powershell' for command environment: Not usable outside of PowerShell
[1.749s] DEBUG:colcon.colcon_core.shell:Skip shell extension 'dsv' for command environment
[1.774s] INFO:colcon.colcon_ros.task.ament_cmake.build:Building ROS package in '/home/bose/dev_ws/src/serial' with build type 'ament_cmake'
[1.775s] INFO:colcon.colcon_cmake.task.cmake.build:Building CMake package in '/home/bose/dev_ws/src/serial'
[1.776s] INFO:colcon.colcon_core.shell:Skip shell extension 'powershell' for command environment: Not usable outside of PowerShell
[1.777s] DEBUG:colcon.colcon_core.shell:Skip shell extension 'dsv' for command environment
[1.814s] DEBUG:colcon.colcon_core.event_handler.log_command:Invoking command in '/home/bose/dev_ws/build/diffdrive_arduino': CMAKE_PREFIX_PATH=${CMAKE_PREFIX_PATH}:/home/bose/ros2_ws/install/serial_motor_demo:/opt/ros/humble /usr/bin/cmake /home/bose/dev_ws/src/diffdrive_arduino -DAMENT_CMAKE_SYMLINK_INSTALL=1 -DCMAKE_INSTALL_PREFIX=/home/bose/dev_ws/install/diffdrive_arduino
[1.840s] DEBUG:colcon.colcon_core.event_handler.log_command:Invoking command in '/home/bose/dev_ws/build/my_bot': CMAKE_PREFIX_PATH=${CMAKE_PREFIX_PATH}:/home/bose/ros2_ws/install/serial_motor_demo:/opt/ros/humble /usr/bin/cmake /home/bose/dev_ws/src/my_bot -DAMENT_CMAKE_SYMLINK_INSTALL=1 -DCMAKE_INSTALL_PREFIX=/home/bose/dev_ws/install/my_bot
[1.859s] DEBUG:colcon.colcon_core.event_handler.log_command:Invoking command in '/home/bose/dev_ws/build/serial': CMAKE_PREFIX_PATH=${CMAKE_PREFIX_PATH}:/home/bose/ros2_ws/install/serial_motor_demo:/opt/ros/humble /usr/bin/cmake /home/bose/dev_ws/src/serial -DAMENT_CMAKE_SYMLINK_INSTALL=1 -DCMAKE_INSTALL_PREFIX=/home/bose/dev_ws/install/serial
[6.449s] DEBUG:colcon.colcon_core.event_handler.log_command:Invoked command in '/home/bose/dev_ws/build/serial' returned '0': CMAKE_PREFIX_PATH=${CMAKE_PREFIX_PATH}:/home/bose/ros2_ws/install/serial_motor_demo:/opt/ros/humble /usr/bin/cmake /home/bose/dev_ws/src/serial -DAMENT_CMAKE_SYMLINK_INSTALL=1 -DCMAKE_INSTALL_PREFIX=/home/bose/dev_ws/install/serial
[6.450s] DEBUG:colcon.colcon_core.event_handler.log_command:Invoking command in '/home/bose/dev_ws/build/serial': CMAKE_PREFIX_PATH=${CMAKE_PREFIX_PATH}:/home/bose/ros2_ws/install/serial_motor_demo:/opt/ros/humble /usr/bin/cmake --build /home/bose/dev_ws/build/serial -- -j4 -l4
[12.616s] DEBUG:colcon.colcon_core.event_handler.log_command:Invoked command in '/home/bose/dev_ws/build/diffdrive_arduino' returned '0': CMAKE_PREFIX_PATH=${CMAKE_PREFIX_PATH}:/home/bose/ros2_ws/install/serial_motor_demo:/opt/ros/humble /usr/bin/cmake /home/bose/dev_ws/src/diffdrive_arduino -DAMENT_CMAKE_SYMLINK_INSTALL=1 -DCMAKE_INSTALL_PREFIX=/home/bose/dev_ws/install/diffdrive_arduino
[12.632s] DEBUG:colcon.colcon_core.event_handler.log_command:Invoking command in '/home/bose/dev_ws/build/diffdrive_arduino': CMAKE_PREFIX_PATH=${CMAKE_PREFIX_PATH}:/home/bose/ros2_ws/install/serial_motor_demo:/opt/ros/humble /usr/bin/cmake --build /home/bose/dev_ws/build/diffdrive_arduino -- -j4 -l4
[14.675s] DEBUG:colcon.colcon_core.event_handler.log_command:Invoked command in '/home/bose/dev_ws/build/my_bot' returned '0': CMAKE_PREFIX_PATH=${CMAKE_PREFIX_PATH}:/home/bose/ros2_ws/install/serial_motor_demo:/opt/ros/humble /usr/bin/cmake /home/bose/dev_ws/src/my_bot -DAMENT_CMAKE_SYMLINK_INSTALL=1 -DCMAKE_INSTALL_PREFIX=/home/bose/dev_ws/install/my_bot
[14.682s] DEBUG:colcon.colcon_core.event_handler.log_command:Invoking command in '/home/bose/dev_ws/build/my_bot': CMAKE_PREFIX_PATH=${CMAKE_PREFIX_PATH}:/home/bose/ros2_ws/install/serial_motor_demo:/opt/ros/humble /usr/bin/cmake --build /home/bose/dev_ws/build/my_bot -- -j4 -l4
[41.932s] DEBUG:colcon.colcon_core.event_handler.log_command:Invoked command in '/home/bose/dev_ws/build/diffdrive_arduino' returned '0': CMAKE_PREFIX_PATH=${CMAKE_PREFIX_PATH}:/home/bose/ros2_ws/install/serial_motor_demo:/opt/ros/humble /usr/bin/cmake --build /home/bose/dev_ws/build/diffdrive_arduino -- -j4 -l4
[41.999s] DEBUG:colcon.colcon_core.event_handler.log_command:Invoking command in '/home/bose/dev_ws/build/diffdrive_arduino': CMAKE_PREFIX_PATH=${CMAKE_PREFIX_PATH}:/home/bose/ros2_ws/install/serial_motor_demo:/opt/ros/humble /usr/bin/cmake --install /home/bose/dev_ws/build/diffdrive_arduino
[42.579s] DEBUG:colcon.colcon_core.event_handler.log_command:Invoked command in '/home/bose/dev_ws/build/my_bot' returned '0': CMAKE_PREFIX_PATH=${CMAKE_PREFIX_PATH}:/home/bose/ros2_ws/install/serial_motor_demo:/opt/ros/humble /usr/bin/cmake --build /home/bose/dev_ws/build/my_bot -- -j4 -l4
[42.589s] DEBUG:colcon.colcon_core.event_handler.log_command:Invoking command in '/home/bose/dev_ws/build/my_bot': CMAKE_PREFIX_PATH=${CMAKE_PREFIX_PATH}:/home/bose/ros2_ws/install/serial_motor_demo:/opt/ros/humble /usr/bin/cmake --install /home/bose/dev_ws/build/my_bot
[43.273s] DEBUG:colcon.colcon_core.event_handler.log_command:Invoked command in '/home/bose/dev_ws/build/serial' returned '0': CMAKE_PREFIX_PATH=${CMAKE_PREFIX_PATH}:/home/bose/ros2_ws/install/serial_motor_demo:/opt/ros/humble /usr/bin/cmake --build /home/bose/dev_ws/build/serial -- -j4 -l4
[43.284s] DEBUG:colcon.colcon_core.event_handler.log_command:Invoking command in '/home/bose/dev_ws/build/serial': CMAKE_PREFIX_PATH=${CMAKE_PREFIX_PATH}:/home/bose/ros2_ws/install/serial_motor_demo:/opt/ros/humble /usr/bin/cmake --install /home/bose/dev_ws/build/serial
[43.627s] Level 1:colcon.colcon_core.environment:create_environment_scripts_only(diffdrive_arduino)
[43.630s] DEBUG:colcon.colcon_core.event_handler.log_command:Invoked command in '/home/bose/dev_ws/build/diffdrive_arduino' returned '0': CMAKE_PREFIX_PATH=${CMAKE_PREFIX_PATH}:/home/bose/ros2_ws/install/serial_motor_demo:/opt/ros/humble /usr/bin/cmake --install /home/bose/dev_ws/build/diffdrive_arduino
[43.645s] Level 1:colcon.colcon_core.environment:checking '/home/bose/dev_ws/install/diffdrive_arduino' for CMake module files
[43.649s] Level 1:colcon.colcon_core.environment:checking '/home/bose/dev_ws/install/diffdrive_arduino' for CMake config files
[43.655s] Level 1:colcon.colcon_core.shell:create_environment_hook('diffdrive_arduino', 'cmake_prefix_path')
[43.656s] INFO:colcon.colcon_core.shell:Creating environment hook '/home/bose/dev_ws/install/diffdrive_arduino/share/diffdrive_arduino/hook/cmake_prefix_path.ps1'
[43.661s] INFO:colcon.colcon_core.shell:Creating environment descriptor '/home/bose/dev_ws/install/diffdrive_arduino/share/diffdrive_arduino/hook/cmake_prefix_path.dsv'
[43.664s] INFO:colcon.colcon_core.shell:Creating environment hook '/home/bose/dev_ws/install/diffdrive_arduino/share/diffdrive_arduino/hook/cmake_prefix_path.sh'
[43.668s] Level 1:colcon.colcon_core.environment:checking '/home/bose/dev_ws/install/diffdrive_arduino/lib'
[43.669s] Level 1:colcon.colcon_core.shell:create_environment_hook('diffdrive_arduino', 'ld_library_path_lib')
[43.671s] INFO:colcon.colcon_core.shell:Creating environment hook '/home/bose/dev_ws/install/diffdrive_arduino/share/diffdrive_arduino/hook/ld_library_path_lib.ps1'
[43.673s] INFO:colcon.colcon_core.shell:Creating environment descriptor '/home/bose/dev_ws/install/diffdrive_arduino/share/diffdrive_arduino/hook/ld_library_path_lib.dsv'
[43.676s] INFO:colcon.colcon_core.shell:Creating environment hook '/home/bose/dev_ws/install/diffdrive_arduino/share/diffdrive_arduino/hook/ld_library_path_lib.sh'
[43.678s] Level 1:colcon.colcon_core.environment:checking '/home/bose/dev_ws/install/diffdrive_arduino/bin'
[43.679s] Level 1:colcon.colcon_core.environment:checking '/home/bose/dev_ws/install/diffdrive_arduino/lib/pkgconfig/diffdrive_arduino.pc'
[43.680s] Level 1:colcon.colcon_core.environment:checking '/home/bose/dev_ws/install/diffdrive_arduino/lib/python3.10/site-packages'
[43.681s] Level 1:colcon.colcon_core.environment:checking '/home/bose/dev_ws/install/diffdrive_arduino/bin'
[43.683s] INFO:colcon.colcon_core.shell:Creating package script '/home/bose/dev_ws/install/diffdrive_arduino/share/diffdrive_arduino/package.ps1'
[43.688s] INFO:colcon.colcon_core.shell:Creating package descriptor '/home/bose/dev_ws/install/diffdrive_arduino/share/diffdrive_arduino/package.dsv'
[43.691s] INFO:colcon.colcon_core.shell:Creating package script '/home/bose/dev_ws/install/diffdrive_arduino/share/diffdrive_arduino/package.sh'
[43.695s] INFO:colcon.colcon_core.shell:Creating package script '/home/bose/dev_ws/install/diffdrive_arduino/share/diffdrive_arduino/package.bash'
[43.700s] INFO:colcon.colcon_core.shell:Creating package script '/home/bose/dev_ws/install/diffdrive_arduino/share/diffdrive_arduino/package.zsh'
[43.705s] Level 1:colcon.colcon_core.environment:create_file_with_runtime_dependencies(/home/bose/dev_ws/install/diffdrive_arduino/share/colcon-core/packages/diffdrive_arduino)
[43.709s] Level 1:colcon.colcon_core.environment:create_environment_scripts_only(diffdrive_arduino)
[43.710s] Level 1:colcon.colcon_core.environment:checking '/home/bose/dev_ws/install/diffdrive_arduino' for CMake module files
[43.714s] Level 1:colcon.colcon_core.environment:checking '/home/bose/dev_ws/install/diffdrive_arduino' for CMake config files
[43.720s] Level 1:colcon.colcon_core.shell:create_environment_hook('diffdrive_arduino', 'cmake_prefix_path')
[43.721s] INFO:colcon.colcon_core.shell:Creating environment hook '/home/bose/dev_ws/install/diffdrive_arduino/share/diffdrive_arduino/hook/cmake_prefix_path.ps1'
[43.724s] INFO:colcon.colcon_core.shell:Creating environment descriptor '/home/bose/dev_ws/install/diffdrive_arduino/share/diffdrive_arduino/hook/cmake_prefix_path.dsv'
[43.727s] INFO:colcon.colcon_core.shell:Creating environment hook '/home/bose/dev_ws/install/diffdrive_arduino/share/diffdrive_arduino/hook/cmake_prefix_path.sh'
[43.730s] Level 1:colcon.colcon_core.environment:checking '/home/bose/dev_ws/install/diffdrive_arduino/lib'
[43.731s] Level 1:colcon.colcon_core.shell:create_environment_hook('diffdrive_arduino', 'ld_library_path_lib')
[43.733s] INFO:colcon.colcon_core.shell:Creating environment hook '/home/bose/dev_ws/install/diffdrive_arduino/share/diffdrive_arduino/hook/ld_library_path_lib.ps1'
[43.735s] INFO:colcon.colcon_core.shell:Creating environment descriptor '/home/bose/dev_ws/install/diffdrive_arduino/share/diffdrive_arduino/hook/ld_library_path_lib.dsv'
[43.738s] INFO:colcon.colcon_core.shell:Creating environment hook '/home/bose/dev_ws/install/diffdrive_arduino/share/diffdrive_arduino/hook/ld_library_path_lib.sh'
[43.741s] Level 1:colcon.colcon_core.environment:checking '/home/bose/dev_ws/install/diffdrive_arduino/bin'
[43.741s] Level 1:colcon.colcon_core.environment:checking '/home/bose/dev_ws/install/diffdrive_arduino/lib/pkgconfig/diffdrive_arduino.pc'
[43.744s] Level 1:colcon.colcon_core.environment:checking '/home/bose/dev_ws/install/diffdrive_arduino/lib/python3.10/site-packages'
[43.745s] Level 1:colcon.colcon_core.environment:checking '/home/bose/dev_ws/install/diffdrive_arduino/bin'
[43.748s] INFO:colcon.colcon_core.shell:Creating package script '/home/bose/dev_ws/install/diffdrive_arduino/share/diffdrive_arduino/package.ps1'
[43.751s] INFO:colcon.colcon_core.shell:Creating package descriptor '/home/bose/dev_ws/install/diffdrive_arduino/share/diffdrive_arduino/package.dsv'
[43.755s] INFO:colcon.colcon_core.shell:Creating package script '/home/bose/dev_ws/install/diffdrive_arduino/share/diffdrive_arduino/package.sh'
[43.758s] INFO:colcon.colcon_core.shell:Creating package script '/home/bose/dev_ws/install/diffdrive_arduino/share/diffdrive_arduino/package.bash'
[43.762s] INFO:colcon.colcon_core.shell:Creating package script '/home/bose/dev_ws/install/diffdrive_arduino/share/diffdrive_arduino/package.zsh'
[43.765s] Level 1:colcon.colcon_core.environment:create_file_with_runtime_dependencies(/home/bose/dev_ws/install/diffdrive_arduino/share/colcon-core/packages/diffdrive_arduino)
[44.211s] Level 1:colcon.colcon_core.environment:create_environment_scripts_only(serial)
[44.212s] Level 1:colcon.colcon_core.environment:checking '/home/bose/dev_ws/install/serial' for CMake module files
[44.214s] DEBUG:colcon.colcon_core.event_handler.log_command:Invoked command in '/home/bose/dev_ws/build/serial' returned '0': CMAKE_PREFIX_PATH=${CMAKE_PREFIX_PATH}:/home/bose/ros2_ws/install/serial_motor_demo:/opt/ros/humble /usr/bin/cmake --install /home/bose/dev_ws/build/serial
[44.217s] Level 1:colcon.colcon_core.environment:checking '/home/bose/dev_ws/install/serial' for CMake config files
[44.219s] Level 1:colcon.colcon_core.shell:create_environment_hook('serial', 'cmake_prefix_path')
[44.220s] INFO:colcon.colcon_core.shell:Creating environment hook '/home/bose/dev_ws/install/serial/share/serial/hook/cmake_prefix_path.ps1'
[44.223s] INFO:colcon.colcon_core.shell:Creating environment descriptor '/home/bose/dev_ws/install/serial/share/serial/hook/cmake_prefix_path.dsv'
[44.225s] INFO:colcon.colcon_core.shell:Creating environment hook '/home/bose/dev_ws/install/serial/share/serial/hook/cmake_prefix_path.sh'
[44.228s] Level 1:colcon.colcon_core.environment:checking '/home/bose/dev_ws/install/serial/lib'
[44.228s] Level 1:colcon.colcon_core.environment:checking '/home/bose/dev_ws/install/serial/bin'
[44.229s] Level 1:colcon.colcon_core.environment:checking '/home/bose/dev_ws/install/serial/lib/pkgconfig/serial.pc'
[44.230s] Level 1:colcon.colcon_core.environment:checking '/home/bose/dev_ws/install/serial/lib/python3.10/site-packages'
[44.231s] Level 1:colcon.colcon_core.environment:checking '/home/bose/dev_ws/install/serial/bin'
[44.232s] INFO:colcon.colcon_core.shell:Creating package script '/home/bose/dev_ws/install/serial/share/serial/package.ps1'
[44.234s] INFO:colcon.colcon_core.shell:Creating package descriptor '/home/bose/dev_ws/install/serial/share/serial/package.dsv'
[44.237s] INFO:colcon.colcon_core.shell:Creating package script '/home/bose/dev_ws/install/serial/share/serial/package.sh'
[44.239s] INFO:colcon.colcon_core.shell:Creating package script '/home/bose/dev_ws/install/serial/share/serial/package.bash'
[44.241s] INFO:colcon.colcon_core.shell:Creating package script '/home/bose/dev_ws/install/serial/share/serial/package.zsh'
[44.243s] Level 1:colcon.colcon_core.environment:create_file_with_runtime_dependencies(/home/bose/dev_ws/install/serial/share/colcon-core/packages/serial)
[44.246s] Level 1:colcon.colcon_core.environment:create_environment_scripts_only(serial)
[44.247s] Level 1:colcon.colcon_core.environment:checking '/home/bose/dev_ws/install/serial' for CMake module files
[44.250s] Level 1:colcon.colcon_core.environment:checking '/home/bose/dev_ws/install/serial' for CMake config files
[44.253s] Level 1:colcon.colcon_core.shell:create_environment_hook('serial', 'cmake_prefix_path')
[44.254s] INFO:colcon.colcon_core.shell:Creating environment hook '/home/bose/dev_ws/install/serial/share/serial/hook/cmake_prefix_path.ps1'
[44.256s] INFO:colcon.colcon_core.shell:Creating environment descriptor '/home/bose/dev_ws/install/serial/share/serial/hook/cmake_prefix_path.dsv'
[44.258s] INFO:colcon.colcon_core.shell:Creating environment hook '/home/bose/dev_ws/install/serial/share/serial/hook/cmake_prefix_path.sh'
[44.262s] Level 1:colcon.colcon_core.environment:checking '/home/bose/dev_ws/install/serial/lib'
[44.262s] Level 1:colcon.colcon_core.environment:checking '/home/bose/dev_ws/install/serial/bin'
[44.263s] Level 1:colcon.colcon_core.environment:checking '/home/bose/dev_ws/install/serial/lib/pkgconfig/serial.pc'
[44.264s] Level 1:colcon.colcon_core.environment:checking '/home/bose/dev_ws/install/serial/lib/python3.10/site-packages'
[44.265s] Level 1:colcon.colcon_core.environment:checking '/home/bose/dev_ws/install/serial/bin'
[44.267s] INFO:colcon.colcon_core.shell:Creating package script '/home/bose/dev_ws/install/serial/share/serial/package.ps1'
[44.269s] INFO:colcon.colcon_core.shell:Creating package descriptor '/home/bose/dev_ws/install/serial/share/serial/package.dsv'
[44.272s] INFO:colcon.colcon_core.shell:Creating package script '/home/bose/dev_ws/install/serial/share/serial/package.sh'
[44.274s] INFO:colcon.colcon_core.shell:Creating package script '/home/bose/dev_ws/install/serial/share/serial/package.bash'
[44.277s] INFO:colcon.colcon_core.shell:Creating package script '/home/bose/dev_ws/install/serial/share/serial/package.zsh'
[44.279s] Level 1:colcon.colcon_core.environment:create_file_with_runtime_dependencies(/home/bose/dev_ws/install/serial/share/colcon-core/packages/serial)
[44.579s] Level 1:colcon.colcon_core.environment:create_environment_scripts_only(my_bot)
[44.580s] Level 1:colcon.colcon_core.environment:checking '/home/bose/dev_ws/install/my_bot' for CMake module files
[44.583s] DEBUG:colcon.colcon_core.event_handler.log_command:Invoked command in '/home/bose/dev_ws/build/my_bot' returned '0': CMAKE_PREFIX_PATH=${CMAKE_PREFIX_PATH}:/home/bose/ros2_ws/install/serial_motor_demo:/opt/ros/humble /usr/bin/cmake --install /home/bose/dev_ws/build/my_bot
[44.585s] Level 1:colcon.colcon_core.environment:checking '/home/bose/dev_ws/install/my_bot' for CMake config files
[44.589s] Level 1:colcon.colcon_core.shell:create_environment_hook('my_bot', 'cmake_prefix_path')
[44.590s] INFO:colcon.colcon_core.shell:Creating environment hook '/home/bose/dev_ws/install/my_bot/share/my_bot/hook/cmake_prefix_path.ps1'
[44.592s] INFO:colcon.colcon_core.shell:Creating environment descriptor '/home/bose/dev_ws/install/my_bot/share/my_bot/hook/cmake_prefix_path.dsv'
[44.593s] INFO:colcon.colcon_core.shell:Creating environment hook '/home/bose/dev_ws/install/my_bot/share/my_bot/hook/cmake_prefix_path.sh'
[44.596s] Level 1:colcon.colcon_core.environment:checking '/home/bose/dev_ws/install/my_bot/lib'
[44.596s] Level 1:colcon.colcon_core.shell:create_environment_hook('my_bot', 'ld_library_path_lib')
[44.597s] INFO:colcon.colcon_core.shell:Creating environment hook '/home/bose/dev_ws/install/my_bot/share/my_bot/hook/ld_library_path_lib.ps1'
[44.599s] INFO:colcon.colcon_core.shell:Creating environment descriptor '/home/bose/dev_ws/install/my_bot/share/my_bot/hook/ld_library_path_lib.dsv'
[44.600s] INFO:colcon.colcon_core.shell:Creating environment hook '/home/bose/dev_ws/install/my_bot/share/my_bot/hook/ld_library_path_lib.sh'
[44.602s] Level 1:colcon.colcon_core.environment:checking '/home/bose/dev_ws/install/my_bot/bin'
[44.602s] Level 1:colcon.colcon_core.environment:checking '/home/bose/dev_ws/install/my_bot/lib/pkgconfig/my_bot.pc'
[44.604s] Level 1:colcon.colcon_core.environment:checking '/home/bose/dev_ws/install/my_bot/lib/python3.10/site-packages'
[44.604s] Level 1:colcon.colcon_core.environment:checking '/home/bose/dev_ws/install/my_bot/bin'
[44.606s] INFO:colcon.colcon_core.shell:Creating package script '/home/bose/dev_ws/install/my_bot/share/my_bot/package.ps1'
[44.608s] INFO:colcon.colcon_core.shell:Creating package descriptor '/home/bose/dev_ws/install/my_bot/share/my_bot/package.dsv'
[44.610s] INFO:colcon.colcon_core.shell:Creating package script '/home/bose/dev_ws/install/my_bot/share/my_bot/package.sh'
[44.612s] INFO:colcon.colcon_core.shell:Creating package script '/home/bose/dev_ws/install/my_bot/share/my_bot/package.bash'
[44.614s] INFO:colcon.colcon_core.shell:Creating package script '/home/bose/dev_ws/install/my_bot/share/my_bot/package.zsh'
[44.616s] Level 1:colcon.colcon_core.environment:create_file_with_runtime_dependencies(/home/bose/dev_ws/install/my_bot/share/colcon-core/packages/my_bot)
[44.618s] Level 1:colcon.colcon_core.environment:create_environment_scripts_only(my_bot)
[44.619s] Level 1:colcon.colcon_core.environment:checking '/home/bose/dev_ws/install/my_bot' for CMake module files
[44.622s] Level 1:colcon.colcon_core.environment:checking '/home/bose/dev_ws/install/my_bot' for CMake config files
[44.625s] Level 1:colcon.colcon_core.shell:create_environment_hook('my_bot', 'cmake_prefix_path')
[44.626s] INFO:colcon.colcon_core.shell:Creating environment hook '/home/bose/dev_ws/install/my_bot/share/my_bot/hook/cmake_prefix_path.ps1'
[44.628s] INFO:colcon.colcon_core.shell:Creating environment descriptor '/home/bose/dev_ws/install/my_bot/share/my_bot/hook/cmake_prefix_path.dsv'
[44.630s] INFO:colcon.colcon_core.shell:Creating environment hook '/home/bose/dev_ws/install/my_bot/share/my_bot/hook/cmake_prefix_path.sh'
[44.632s] Level 1:colcon.colcon_core.environment:checking '/home/bose/dev_ws/install/my_bot/lib'
[44.633s] Level 1:colcon.colcon_core.shell:create_environment_hook('my_bot', 'ld_library_path_lib')
[44.634s] INFO:colcon.colcon_core.shell:Creating environment hook '/home/bose/dev_ws/install/my_bot/share/my_bot/hook/ld_library_path_lib.ps1'
[44.636s] INFO:colcon.colcon_core.shell:Creating environment descriptor '/home/bose/dev_ws/install/my_bot/share/my_bot/hook/ld_library_path_lib.dsv'
[44.637s] INFO:colcon.colcon_core.shell:Creating environment hook '/home/bose/dev_ws/install/my_bot/share/my_bot/hook/ld_library_path_lib.sh'
[44.639s] Level 1:colcon.colcon_core.environment:checking '/home/bose/dev_ws/install/my_bot/bin'
[44.640s] Level 1:colcon.colcon_core.environment:checking '/home/bose/dev_ws/install/my_bot/lib/pkgconfig/my_bot.pc'
[44.640s] Level 1:colcon.colcon_core.environment:checking '/home/bose/dev_ws/install/my_bot/lib/python3.10/site-packages'
[44.641s] Level 1:colcon.colcon_core.environment:checking '/home/bose/dev_ws/install/my_bot/bin'
[44.642s] INFO:colcon.colcon_core.shell:Creating package script '/home/bose/dev_ws/install/my_bot/share/my_bot/package.ps1'
[44.645s] INFO:colcon.colcon_core.shell:Creating package descriptor '/home/bose/dev_ws/install/my_bot/share/my_bot/package.dsv'
[44.647s] INFO:colcon.colcon_core.shell:Creating package script '/home/bose/dev_ws/install/my_bot/share/my_bot/package.sh'
[44.649s] INFO:colcon.colcon_core.shell:Creating package script '/home/bose/dev_ws/install/my_bot/share/my_bot/package.bash'
[44.652s] INFO:colcon.colcon_core.shell:Creating package script '/home/bose/dev_ws/install/my_bot/share/my_bot/package.zsh'
[44.654s] Level 1:colcon.colcon_core.environment:create_file_with_runtime_dependencies(/home/bose/dev_ws/install/my_bot/share/colcon-core/packages/my_bot)
[44.655s] DEBUG:colcon.colcon_parallel_executor.executor.parallel:closing loop
[44.656s] DEBUG:colcon.colcon_parallel_executor.executor.parallel:loop closed
[44.657s] DEBUG:colcon.colcon_parallel_executor.executor.parallel:run_until_complete finished with '0'
[44.657s] DEBUG:colcon.colcon_core.event_reactor:joining thread
[44.680s] INFO:colcon.colcon_core.plugin_system:Skipping extension 'colcon_notification.desktop_notification.terminal_notifier': Not used on non-Darwin systems
[44.681s] INFO:colcon.colcon_core.plugin_system:Skipping extension 'colcon_notification.desktop_notification.win32': Not used on non-Windows systems
[44.681s] INFO:colcon.colcon_notification.desktop_notification:Sending desktop notification using 'notify2'
[44.738s] DEBUG:colcon.colcon_core.event_reactor:joined thread
[44.739s] INFO:colcon.colcon_core.shell:Creating prefix script '/home/bose/dev_ws/install/local_setup.ps1'
[44.744s] INFO:colcon.colcon_core.shell:Creating prefix util module '/home/bose/dev_ws/install/_local_setup_util_ps1.py'
[44.756s] INFO:colcon.colcon_core.shell:Creating prefix chain script '/home/bose/dev_ws/install/setup.ps1'
[44.764s] INFO:colcon.colcon_core.shell:Creating prefix script '/home/bose/dev_ws/install/local_setup.sh'
[44.767s] INFO:colcon.colcon_core.shell:Creating prefix util module '/home/bose/dev_ws/install/_local_setup_util_sh.py'
[44.769s] INFO:colcon.colcon_core.shell:Creating prefix chain script '/home/bose/dev_ws/install/setup.sh'
[44.775s] INFO:colcon.colcon_core.shell:Creating prefix script '/home/bose/dev_ws/install/local_setup.bash'
[44.777s] INFO:colcon.colcon_core.shell:Creating prefix chain script '/home/bose/dev_ws/install/setup.bash'
[44.783s] INFO:colcon.colcon_core.shell:Creating prefix script '/home/bose/dev_ws/install/local_setup.zsh'
[44.785s] INFO:colcon.colcon_core.shell:Creating prefix chain script '/home/bose/dev_ws/install/setup.zsh'
