[0.117s] Invoking command in '/home/bose/dev_ws/build/diffdrive_arduino': CMAKE_PREFIX_PATH=${CMAKE_PREFIX_PATH}:/home/bose/ros2_ws/install/serial_motor_demo:/opt/ros/humble /usr/bin/cmake --build /home/bose/dev_ws/build/diffdrive_arduino -- -j4 -l4
[0.530s] [100%] Built target diffdrive_arduino
[0.705s] Invoked command in '/home/bose/dev_ws/build/diffdrive_arduino' returned '0': CMAKE_PREFIX_PATH=${CMAKE_PREFIX_PATH}:/home/bose/ros2_ws/install/serial_motor_demo:/opt/ros/humble /usr/bin/cmake --build /home/bose/dev_ws/build/diffdrive_arduino -- -j4 -l4
[0.719s] Invoking command in '/home/bose/dev_ws/build/diffdrive_arduino': CMAKE_PREFIX_PATH=${CMAKE_PREFIX_PATH}:/home/bose/ros2_ws/install/serial_motor_demo:/opt/ros/humble /usr/bin/cmake --install /home/bose/dev_ws/build/diffdrive_arduino
[0.867s] -- Install configuration: ""
[0.867s] -- Execute custom install script
[0.868s] -- Up-to-date symlink: /home/bose/dev_ws/install/diffdrive_arduino/share/diffdrive_arduino//diffdrive_arduino.xml
[0.871s] -- Up-to-date symlink: /home/bose/dev_ws/install/diffdrive_arduino/include/diffdrive_arduino/diffdrive_arduino/arduino_comms.hpp
[0.871s] -- Up-to-date symlink: /home/bose/dev_ws/install/diffdrive_arduino/include/diffdrive_arduino/diffdrive_arduino/diffbot_system.hpp
[0.872s] -- Up-to-date symlink: /home/bose/dev_ws/install/diffdrive_arduino/include/diffdrive_arduino/diffdrive_arduino/visibility_control.h
[0.875s] -- Up-to-date symlink: /home/bose/dev_ws/install/diffdrive_arduino/include/diffdrive_arduino/diffdrive_arduino/wheel.hpp
[0.881s] -- Up-to-date symlink: /home/bose/dev_ws/install/diffdrive_arduino/share/diffdrive_arduino/launch/view_robot.launch.py
[0.883s] -- Up-to-date symlink: /home/bose/dev_ws/install/diffdrive_arduino/share/diffdrive_arduino/ros2_control/diffbot.ros2_control.xacro
[0.889s] -- Up-to-date symlink: /home/bose/dev_ws/install/diffdrive_arduino/share/diffdrive_arduino/urdf/diffbot.materials.xacro
[0.889s] -- Up-to-date symlink: /home/bose/dev_ws/install/diffdrive_arduino/share/diffdrive_arduino/urdf/diffbot.urdf.xacro
[0.890s] -- Up-to-date symlink: /home/bose/dev_ws/install/diffdrive_arduino/share/diffdrive_arduino/urdf/diffbot_description.urdf.xacro
[0.894s] -- Up-to-date symlink: /home/bose/dev_ws/install/diffdrive_arduino/share/diffdrive_arduino/rviz/diffbot.rviz
[0.898s] -- Up-to-date symlink: /home/bose/dev_ws/install/diffdrive_arduino/share/diffdrive_arduino/rviz/diffbot_view.rviz
[0.901s] -- Up-to-date symlink: /home/bose/dev_ws/install/diffdrive_arduino/share/diffdrive_arduino/launch/diffbot.launch.py
[0.909s] -- Up-to-date symlink: /home/bose/dev_ws/install/diffdrive_arduino/share/diffdrive_arduino/config/diffbot_controllers.yaml
[0.916s] -- Up-to-date symlink: /home/bose/dev_ws/install/diffdrive_arduino/share/diffdrive_arduino/environment/library_path.sh
[0.918s] -- Up-to-date symlink: /home/bose/dev_ws/install/diffdrive_arduino/share/diffdrive_arduino/environment/library_path.dsv
[0.919s] -- Up-to-date symlink: /home/bose/dev_ws/install/diffdrive_arduino/share/ament_index/resource_index/package_run_dependencies/diffdrive_arduino
[0.920s] -- Up-to-date symlink: /home/bose/dev_ws/install/diffdrive_arduino/share/ament_index/resource_index/parent_prefix_path/diffdrive_arduino
[0.922s] -- Up-to-date symlink: /home/bose/dev_ws/install/diffdrive_arduino/share/diffdrive_arduino/environment/ament_prefix_path.sh
[0.924s] -- Up-to-date symlink: /home/bose/dev_ws/install/diffdrive_arduino/share/diffdrive_arduino/environment/ament_prefix_path.dsv
[0.929s] -- Up-to-date symlink: /home/bose/dev_ws/install/diffdrive_arduino/share/diffdrive_arduino/environment/path.sh
[0.931s] -- Up-to-date symlink: /home/bose/dev_ws/install/diffdrive_arduino/share/diffdrive_arduino/environment/path.dsv
[0.932s] -- Up-to-date symlink: /home/bose/dev_ws/install/diffdrive_arduino/share/diffdrive_arduino/local_setup.bash
[0.937s] -- Up-to-date symlink: /home/bose/dev_ws/install/diffdrive_arduino/share/diffdrive_arduino/local_setup.sh
[0.941s] -- Up-to-date symlink: /home/bose/dev_ws/install/diffdrive_arduino/share/diffdrive_arduino/local_setup.zsh
[0.941s] -- Up-to-date symlink: /home/bose/dev_ws/install/diffdrive_arduino/share/diffdrive_arduino/local_setup.dsv
[0.942s] -- Symlinking: /home/bose/dev_ws/install/diffdrive_arduino/share/diffdrive_arduino/package.dsv
[0.964s] -- Up-to-date symlink: /home/bose/dev_ws/install/diffdrive_arduino/share/ament_index/resource_index/packages/diffdrive_arduino
[0.965s] -- Up-to-date symlink: /home/bose/dev_ws/install/diffdrive_arduino/share/ament_index/resource_index/hardware_interface__pluginlib__plugin/diffdrive_arduino
[0.965s] -- Up-to-date symlink: /home/bose/dev_ws/install/diffdrive_arduino/share/diffdrive_arduino/cmake/ament_cmake_export_targets-extras.cmake
[0.967s] -- Up-to-date symlink: /home/bose/dev_ws/install/diffdrive_arduino/share/diffdrive_arduino/cmake/ament_cmake_export_dependencies-extras.cmake
[0.967s] -- Up-to-date symlink: /home/bose/dev_ws/install/diffdrive_arduino/share/diffdrive_arduino/cmake/diffdrive_arduinoConfig.cmake
[0.969s] -- Up-to-date symlink: /home/bose/dev_ws/install/diffdrive_arduino/share/diffdrive_arduino/cmake/diffdrive_arduinoConfig-version.cmake
[0.970s] -- Up-to-date symlink: /home/bose/dev_ws/install/diffdrive_arduino/share/diffdrive_arduino/package.xml
[0.971s] -- Up-to-date: /home/bose/dev_ws/install/diffdrive_arduino/lib/libdiffdrive_arduino.so
[0.972s] -- Up-to-date: /home/bose/dev_ws/install/diffdrive_arduino/share/diffdrive_arduino/cmake/export_diffdrive_arduinoExport.cmake
[0.975s] -- Up-to-date: /home/bose/dev_ws/install/diffdrive_arduino/share/diffdrive_arduino/cmake/export_diffdrive_arduinoExport-noconfig.cmake
[1.043s] Invoked command in '/home/bose/dev_ws/build/diffdrive_arduino' returned '0': CMAKE_PREFIX_PATH=${CMAKE_PREFIX_PATH}:/home/bose/ros2_ws/install/serial_motor_demo:/opt/ros/humble /usr/bin/cmake --install /home/bose/dev_ws/build/diffdrive_arduino
