[0.110s] Invoking command in '/home/bose/dev_ws/build/my_bot': CMAKE_PREFIX_PATH=${CMAKE_PREFIX_PATH}:/home/bose/ros2_ws/install/serial_motor_demo:/opt/ros/humble /usr/bin/cmake --build /home/bose/dev_ws/build/my_bot -- -j4 -l4
[0.492s] [100%] Built target my_bot
[0.555s] Invoked command in '/home/bose/dev_ws/build/my_bot' returned '0': CMAKE_PREFIX_PATH=${CMAKE_PREFIX_PATH}:/home/bose/ros2_ws/install/serial_motor_demo:/opt/ros/humble /usr/bin/cmake --build /home/bose/dev_ws/build/my_bot -- -j4 -l4
[0.627s] Invoking command in '/home/bose/dev_ws/build/my_bot': CMAKE_PREFIX_PATH=${CMAKE_PREFIX_PATH}:/home/bose/ros2_ws/install/serial_motor_demo:/opt/ros/humble /usr/bin/cmake --install /home/bose/dev_ws/build/my_bot
[0.679s] -- Install configuration: ""
[0.688s] -- Execute custom install script
[0.690s] -- Up-to-date symlink: /home/bose/dev_ws/install/my_bot/share/my_bot//my_bot.xml
[0.693s] -- Up-to-date symlink: /home/bose/dev_ws/install/my_bot/share/my_bot/my_bot.xml
[0.696s] -- Up-to-date symlink: /home/bose/dev_ws/install/my_bot/include/my_bot/my_bot/arduino_comms.hpp
[0.700s] -- Up-to-date symlink: /home/bose/dev_ws/install/my_bot/include/my_bot/my_bot/diffbot_system.hpp
[0.704s] -- Up-to-date symlink: /home/bose/dev_ws/install/my_bot/include/my_bot/my_bot/visibility_control.h
[0.706s] -- Up-to-date symlink: /home/bose/dev_ws/install/my_bot/include/my_bot/my_bot/wheel.hpp
[0.711s] -- Up-to-date symlink: /home/bose/dev_ws/install/my_bot/share/my_bot/config/diffbot_controllers.yaml
[0.717s] -- Up-to-date symlink: /home/bose/dev_ws/install/my_bot/share/my_bot/config/drive_ot.rviz
[0.719s] -- Up-to-date symlink: /home/bose/dev_ws/install/my_bot/share/my_bot/config/empty.yaml
[0.721s] -- Up-to-date symlink: /home/bose/dev_ws/install/my_bot/share/my_bot/config/gazebo_params.yaml
[0.723s] -- Up-to-date symlink: /home/bose/dev_ws/install/my_bot/share/my_bot/config/my_controllers.yaml
[0.726s] -- Up-to-date symlink: /home/bose/dev_ws/install/my_bot/share/my_bot/config/view_bot.rviz
[0.728s] -- Up-to-date symlink: /home/bose/dev_ws/install/my_bot/share/my_bot/description/camera.xacro
[0.731s] -- Up-to-date symlink: /home/bose/dev_ws/install/my_bot/share/my_bot/description/gazebo_control.xacro
[0.745s] -- Up-to-date symlink: /home/bose/dev_ws/install/my_bot/share/my_bot/description/inertial_macros.xacro
[0.747s] -- Up-to-date symlink: /home/bose/dev_ws/install/my_bot/share/my_bot/description/lidar.xacro
[0.749s] -- Up-to-date symlink: /home/bose/dev_ws/install/my_bot/share/my_bot/description/robot.urdf.xacro
[0.752s] -- Up-to-date symlink: /home/bose/dev_ws/install/my_bot/share/my_bot/description/robot_core.xacro
[0.756s] -- Up-to-date symlink: /home/bose/dev_ws/install/my_bot/share/my_bot/description/ros2_control.xacro
[0.759s] -- Up-to-date symlink: /home/bose/dev_ws/install/my_bot/share/my_bot/launch/camera.launch.py
[0.762s] -- Up-to-date symlink: /home/bose/dev_ws/install/my_bot/share/my_bot/launch/launch_robot.launch.py
[0.765s] -- Up-to-date symlink: /home/bose/dev_ws/install/my_bot/share/my_bot/launch/launch_sim.launch.py
[0.770s] -- Up-to-date symlink: /home/bose/dev_ws/install/my_bot/share/my_bot/launch/rplidar.launch.py
[0.775s] -- Up-to-date symlink: /home/bose/dev_ws/install/my_bot/share/my_bot/launch/rsp.launch.py
[0.780s] -- Up-to-date symlink: /home/bose/dev_ws/install/my_bot/share/my_bot/worlds/empty.world
[0.783s] -- Up-to-date symlink: /home/bose/dev_ws/install/my_bot/share/my_bot/worlds/lidar.world
[0.788s] -- Up-to-date symlink: /home/bose/dev_ws/install/my_bot/share/my_bot/worlds/new.world
[0.793s] -- Up-to-date symlink: /home/bose/dev_ws/install/my_bot/share/my_bot/worlds/obstacle.world
[0.797s] -- Up-to-date symlink: /home/bose/dev_ws/install/my_bot/share/my_bot/environment/library_path.sh
[0.801s] -- Up-to-date symlink: /home/bose/dev_ws/install/my_bot/share/my_bot/environment/library_path.dsv
[0.804s] -- Up-to-date symlink: /home/bose/dev_ws/install/my_bot/share/ament_index/resource_index/package_run_dependencies/my_bot
[0.805s] -- Up-to-date symlink: /home/bose/dev_ws/install/my_bot/share/ament_index/resource_index/parent_prefix_path/my_bot
[0.806s] -- Up-to-date symlink: /home/bose/dev_ws/install/my_bot/share/my_bot/environment/ament_prefix_path.sh
[0.808s] -- Up-to-date symlink: /home/bose/dev_ws/install/my_bot/share/my_bot/environment/ament_prefix_path.dsv
[0.809s] -- Up-to-date symlink: /home/bose/dev_ws/install/my_bot/share/my_bot/environment/path.sh
[0.811s] -- Up-to-date symlink: /home/bose/dev_ws/install/my_bot/share/my_bot/environment/path.dsv
[0.811s] -- Up-to-date symlink: /home/bose/dev_ws/install/my_bot/share/my_bot/local_setup.bash
[0.812s] -- Up-to-date symlink: /home/bose/dev_ws/install/my_bot/share/my_bot/local_setup.sh
[0.813s] -- Up-to-date symlink: /home/bose/dev_ws/install/my_bot/share/my_bot/local_setup.zsh
[0.814s] -- Up-to-date symlink: /home/bose/dev_ws/install/my_bot/share/my_bot/local_setup.dsv
[0.815s] -- Symlinking: /home/bose/dev_ws/install/my_bot/share/my_bot/package.dsv
[0.832s] -- Up-to-date symlink: /home/bose/dev_ws/install/my_bot/share/ament_index/resource_index/packages/my_bot
[0.838s] -- Up-to-date symlink: /home/bose/dev_ws/install/my_bot/share/ament_index/resource_index/my_bot__pluginlib__plugin/my_bot
[0.839s] -- Up-to-date symlink: /home/bose/dev_ws/install/my_bot/share/my_bot/cmake/ament_cmake_export_targets-extras.cmake
[0.841s] -- Up-to-date symlink: /home/bose/dev_ws/install/my_bot/share/my_bot/cmake/ament_cmake_export_dependencies-extras.cmake
[0.842s] -- Up-to-date symlink: /home/bose/dev_ws/install/my_bot/share/my_bot/cmake/my_botConfig.cmake
[0.843s] -- Up-to-date symlink: /home/bose/dev_ws/install/my_bot/share/my_bot/cmake/my_botConfig-version.cmake
[0.844s] -- Up-to-date symlink: /home/bose/dev_ws/install/my_bot/share/my_bot/package.xml
[0.847s] -- Up-to-date: /home/bose/dev_ws/install/my_bot/lib/libmy_bot.so
[0.849s] -- Up-to-date: /home/bose/dev_ws/install/my_bot/share/my_bot/cmake/export_my_botExport.cmake
[0.852s] -- Up-to-date: /home/bose/dev_ws/install/my_bot/share/my_bot/cmake/export_my_botExport-noconfig.cmake
[0.859s] Invoked command in '/home/bose/dev_ws/build/my_bot' returned '0': CMAKE_PREFIX_PATH=${CMAKE_PREFIX_PATH}:/home/bose/ros2_ws/install/serial_motor_demo:/opt/ros/humble /usr/bin/cmake --install /home/bose/dev_ws/build/my_bot
