[0.114s] Invoking command in '/home/bose/dev_ws/build/serial': CMAKE_PREFIX_PATH=${CMAKE_PREFIX_PATH}:/home/bose/ros2_ws/install/serial_motor_demo:/opt/ros/humble /usr/bin/cmake --build /home/bose/dev_ws/build/serial -- -j4 -l4
[0.425s] [ 14%] Built target gtest_main
[0.440s] [ 42%] Built target serial
[0.470s] [ 57%] Built target gtest
[0.590s] [ 71%] Built target serial_example
[0.624s] [ 85%] Built target serial-test
[0.644s] [100%] Built target serial-test-timer
[0.788s] Invoked command in '/home/bose/dev_ws/build/serial' returned '0': CMAKE_PREFIX_PATH=${CMAKE_PREFIX_PATH}:/home/bose/ros2_ws/install/serial_motor_demo:/opt/ros/humble /usr/bin/cmake --build /home/bose/dev_ws/build/serial -- -j4 -l4
[0.791s] Invoking command in '/home/bose/dev_ws/build/serial': CMAKE_PREFIX_PATH=${CMAKE_PREFIX_PATH}:/home/bose/ros2_ws/install/serial_motor_demo:/opt/ros/humble /usr/bin/cmake --install /home/bose/dev_ws/build/serial
[0.864s] -- Install configuration: ""
[0.868s] -- Execute custom install script
[0.870s] -- Up-to-date symlink: /home/bose/dev_ws/install/serial/lib/libserial.a
[0.871s] -- Up-to-date symlink: /home/bose/dev_ws/install/serial/include/serial/serial.h
[0.871s] -- Up-to-date symlink: /home/bose/dev_ws/install/serial/include/serial/v8stdint.h
[0.872s] -- Up-to-date symlink: /home/bose/dev_ws/install/serial/share/serial/environment/library_path.sh
[0.872s] -- Up-to-date symlink: /home/bose/dev_ws/install/serial/share/serial/environment/library_path.dsv
[0.872s] -- Up-to-date symlink: /home/bose/dev_ws/install/serial/share/ament_index/resource_index/package_run_dependencies/serial
[0.873s] -- Up-to-date symlink: /home/bose/dev_ws/install/serial/share/ament_index/resource_index/parent_prefix_path/serial
[0.873s] -- Up-to-date symlink: /home/bose/dev_ws/install/serial/share/serial/environment/ament_prefix_path.sh
[0.873s] -- Up-to-date symlink: /home/bose/dev_ws/install/serial/share/serial/environment/ament_prefix_path.dsv
[0.875s] -- Up-to-date symlink: /home/bose/dev_ws/install/serial/share/serial/environment/path.sh
[0.878s] -- Up-to-date symlink: /home/bose/dev_ws/install/serial/share/serial/environment/path.dsv
[0.879s] -- Up-to-date symlink: /home/bose/dev_ws/install/serial/share/serial/local_setup.bash
[0.882s] -- Up-to-date symlink: /home/bose/dev_ws/install/serial/share/serial/local_setup.sh
[0.887s] -- Up-to-date symlink: /home/bose/dev_ws/install/serial/share/serial/local_setup.zsh
[0.888s] -- Up-to-date symlink: /home/bose/dev_ws/install/serial/share/serial/local_setup.dsv
[0.888s] -- Symlinking: /home/bose/dev_ws/install/serial/share/serial/package.dsv
[0.903s] -- Up-to-date symlink: /home/bose/dev_ws/install/serial/share/ament_index/resource_index/packages/serial
[0.905s] -- Up-to-date symlink: /home/bose/dev_ws/install/serial/share/serial/cmake/ament_cmake_export_include_directories-extras.cmake
[0.906s] -- Up-to-date symlink: /home/bose/dev_ws/install/serial/share/serial/cmake/ament_cmake_export_libraries-extras.cmake
[0.910s] -- Up-to-date symlink: /home/bose/dev_ws/install/serial/share/serial/cmake/serialConfig.cmake
[0.911s] -- Up-to-date symlink: /home/bose/dev_ws/install/serial/share/serial/cmake/serialConfig-version.cmake
[0.916s] -- Up-to-date symlink: /home/bose/dev_ws/install/serial/share/serial/package.xml
[1.076s] Invoked command in '/home/bose/dev_ws/build/serial' returned '0': CMAKE_PREFIX_PATH=${CMAKE_PREFIX_PATH}:/home/bose/ros2_ws/install/serial_motor_demo:/opt/ros/humble /usr/bin/cmake --install /home/bose/dev_ws/build/serial
