[0.151s] Invoking command in '/home/bose/dev_ws/build/my_bot': CMAKE_PREFIX_PATH=${CMAKE_PREFIX_PATH}:/home/bose/ros2_ws/install/serial_motor_demo:/opt/ros/humble /usr/bin/cmake /home/bose/dev_ws/src/my_bot -DAMENT_CMAKE_SYMLINK_INSTALL=1 -DCMAKE_INSTALL_PREFIX=/home/bose/dev_ws/install/my_bot
[0.384s] -- Found ament_cmake: 1.3.11 (/opt/ros/humble/share/ament_cmake/cmake)
[1.115s] -- Override CMake install command with custom implementation using symlinks instead of copying resources
[1.295s] -- Found hardware_interface: 2.48.0 (/opt/ros/humble/share/hardware_interface/cmake)
[1.653s] -- Found rosidl_generator_c: 3.1.6 (/opt/ros/humble/share/rosidl_generator_c/cmake)
[1.676s] -- Found rosidl_adapter: 3.1.6 (/opt/ros/humble/share/rosidl_adapter/cmake)
[1.740s] -- Found rosidl_generator_cpp: 3.1.6 (/opt/ros/humble/share/rosidl_generator_cpp/cmake)
[1.792s] -- Using all available rosidl_typesupport_c: rosidl_typesupport_fastrtps_c;rosidl_typesupport_introspection_c
[1.889s] -- Using all available rosidl_typesupport_cpp: rosidl_typesupport_fastrtps_cpp;rosidl_typesupport_introspection_cpp
[2.858s] -- Found rmw_implementation_cmake: 6.1.2 (/opt/ros/humble/share/rmw_implementation_cmake/cmake)
[2.865s] -- Found rmw_fastrtps_cpp: 6.2.7 (/opt/ros/humble/share/rmw_fastrtps_cpp/cmake)
[2.948s] -- Found TinyXML2 via Config file: TinyXML2_DIR-NOTFOUND
[2.988s] -- Found TinyXML2 via Config file: TinyXML2_DIR-NOTFOUND
[3.073s] -- Found TinyXML2 via Config file: TinyXML2_DIR-NOTFOUND
[3.108s] -- Found TinyXML2 via Config file: TinyXML2_DIR-NOTFOUND
[3.148s] -- Using RMW implementation 'rmw_fastrtps_cpp' as default
[3.381s] -- Found ament_lint_auto: 0.12.11 (/opt/ros/humble/share/ament_lint_auto/cmake)
[3.793s] -- Added test 'copyright' to check source files copyright and LICENSE
[3.961s] -- Added test 'cppcheck' to perform static code analysis on C / C++ code
[3.962s] -- Configured cppcheck include dirs: /home/bose/dev_ws/src/my_bot/hardware/include;/home/bose/dev_ws/src/my_bot/include;$<BUILD_INTERFACE:/home/bose/dev_ws/src/my_bot/hardware/include>
[3.963s] -- Configured cppcheck exclude dirs and/or files: 
[4.128s] -- Added test 'cpplint' to check C / C++ code against the Google style
[4.129s] -- Configured cpplint exclude dirs and/or files: 
[4.151s] -- Added test 'flake8' to check Python code syntax and style conventions
[4.194s] -- Added test 'lint_cmake' to check CMake code style
[4.216s] -- Added test 'pep257' to check Python code against some of the docstring style conventions in PEP 257
[4.382s] -- Added test 'uncrustify' to check C / C++ code style
[4.382s] -- Configured uncrustify additional arguments: 
[4.404s] -- Added test 'xmllint' to check XML markup files
[4.419s] -- Configuring done
[4.614s] -- Generating done
[4.638s] -- Build files have been written to: /home/bose/dev_ws/build/my_bot
[4.674s] Invoked command in '/home/bose/dev_ws/build/my_bot' returned '0': CMAKE_PREFIX_PATH=${CMAKE_PREFIX_PATH}:/home/bose/ros2_ws/install/serial_motor_demo:/opt/ros/humble /usr/bin/cmake /home/bose/dev_ws/src/my_bot -DAMENT_CMAKE_SYMLINK_INSTALL=1 -DCMAKE_INSTALL_PREFIX=/home/bose/dev_ws/install/my_bot
[4.685s] Invoking command in '/home/bose/dev_ws/build/my_bot': CMAKE_PREFIX_PATH=${CMAKE_PREFIX_PATH}:/home/bose/ros2_ws/install/serial_motor_demo:/opt/ros/humble /usr/bin/cmake --build /home/bose/dev_ws/build/my_bot -- -j4 -l4
[4.891s] [35m[1mConsolidate compiler generated dependencies of target my_bot[0m
[5.005s] [ 50%] [32mBuilding CXX object CMakeFiles/my_bot.dir/hardware/diffbot_system.cpp.o[0m
[5.129s] [01m[K/home/bose/dev_ws/src/my_bot/hardware/diffbot_system.cpp:1:10:[m[K [01;31m[Kfatal error: [m[Khardware/include/my_bot/diffbot_system.hpp: No such file or directory
[5.130s]     1 | #include [01;31m[K"hardware/include/my_bot/diffbot_system.hpp"[m[K
[5.131s]       |          [01;31m[K^~~~~~~~~~~~~~~~~~~~~~~~~~~~~~~~~~~~~~~~~~~~[m[K
[5.132s] compilation terminated.
[5.137s] gmake[2]: *** [CMakeFiles/my_bot.dir/build.make:76: CMakeFiles/my_bot.dir/hardware/diffbot_system.cpp.o] Error 1
[5.138s] gmake[1]: *** [CMakeFiles/Makefile2:137: CMakeFiles/my_bot.dir/all] Error 2
[5.139s] gmake: *** [Makefile:146: all] Error 2
[5.149s] Invoked command in '/home/bose/dev_ws/build/my_bot' returned '2': CMAKE_PREFIX_PATH=${CMAKE_PREFIX_PATH}:/home/bose/ros2_ws/install/serial_motor_demo:/opt/ros/humble /usr/bin/cmake --build /home/bose/dev_ws/build/my_bot -- -j4 -l4
