[0.554s] DEBUG:colcon:Command line arguments: ['/usr/bin/colcon', 'build', '--symlink-install', '--packages-select', 'my_bot']
[0.554s] DEBUG:colcon:Parsed command line arguments: Namespace(log_base=None, log_level=None, verb_name='build', build_base='build', install_base='install', merge_install=False, symlink_install=True, test_result_base=None, continue_on_error=False, executor='parallel', parallel_workers=4, event_handlers=None, ignore_user_meta=False, metas=['./colcon.meta'], base_paths=['.'], packages_ignore=None, packages_ignore_regex=None, paths=None, packages_up_to=None, packages_up_to_regex=None, packages_above=None, packages_above_and_dependencies=None, packages_above_depth=None, packages_select_by_dep=None, packages_skip_by_dep=None, packages_skip_up_to=None, packages_select_build_failed=False, packages_skip_build_finished=False, packages_select_test_failures=False, packages_skip_test_passed=False, packages_select=['my_bot'], packages_skip=None, packages_select_regex=None, packages_skip_regex=None, packages_start=None, packages_end=None, allow_overriding=[], cmake_args=None, cmake_target=None, cmake_target_skip_unavailable=False, cmake_clean_cache=False, cmake_clean_first=False, cmake_force_configure=False, ament_cmake_args=None, catkin_cmake_args=None, catkin_skip_building_tests=False, verb_parser=<colcon_defaults.argument_parser.defaults.DefaultArgumentsDecorator object at 0xffff86508e20>, verb_extension=<colcon_core.verb.build.BuildVerb object at 0xffff865089d0>, main=<bound method BuildVerb.main of <colcon_core.verb.build.BuildVerb object at 0xffff865089d0>>)
[1.939s] Level 1:colcon.colcon_core.package_discovery:discover_packages(colcon_meta) check parameters
[1.940s] Level 1:colcon.colcon_core.package_discovery:discover_packages(recursive) check parameters
[1.941s] Level 1:colcon.colcon_core.package_discovery:discover_packages(ignore) check parameters
[1.941s] Level 1:colcon.colcon_core.package_discovery:discover_packages(path) check parameters
[1.942s] Level 1:colcon.colcon_core.package_discovery:discover_packages(colcon_meta) discover
[1.942s] Level 1:colcon.colcon_core.package_discovery:discover_packages(recursive) discover
[1.943s] INFO:colcon.colcon_core.package_discovery:Crawling recursively for packages in '/home/bose/dev_ws/src/my_bot'
[1.944s] Level 1:colcon.colcon_core.package_identification:_identify(.) by extensions ['ignore', 'ignore_ament_install']
[1.945s] Level 1:colcon.colcon_core.package_identification:_identify(.) by extension 'ignore'
[1.946s] Level 1:colcon.colcon_core.package_identification:_identify(.) by extension 'ignore_ament_install'
[1.946s] Level 1:colcon.colcon_core.package_identification:_identify(.) by extensions ['colcon_pkg']
[1.947s] Level 1:colcon.colcon_core.package_identification:_identify(.) by extension 'colcon_pkg'
[1.947s] Level 1:colcon.colcon_core.package_identification:_identify(.) by extensions ['colcon_meta']
[1.948s] Level 1:colcon.colcon_core.package_identification:_identify(.) by extension 'colcon_meta'
[1.948s] Level 1:colcon.colcon_core.package_identification:_identify(.) by extensions ['ros']
[1.949s] Level 1:colcon.colcon_core.package_identification:_identify(.) by extension 'ros'
[2.024s] DEBUG:colcon.colcon_core.package_identification:Package '.' with type 'ros.ament_cmake' and name 'my_bot'
[2.024s] Level 1:colcon.colcon_core.package_discovery:discover_packages(recursive) using defaults
[2.025s] Level 1:colcon.colcon_core.package_discovery:discover_packages(ignore) discover
[2.025s] Level 1:colcon.colcon_core.package_discovery:discover_packages(ignore) using defaults
[2.025s] Level 1:colcon.colcon_core.package_discovery:discover_packages(path) discover
[2.025s] Level 1:colcon.colcon_core.package_discovery:discover_packages(path) using defaults
[2.194s] Level 1:colcon.colcon_core.package_discovery:discover_packages(prefix_path) check parameters
[2.195s] Level 1:colcon.colcon_core.package_discovery:discover_packages(prefix_path) discover
[2.211s] DEBUG:colcon.colcon_installed_package_information.package_discovery:Found 3 installed packages in /home/bose/ros2_ws/install
[2.215s] DEBUG:colcon.colcon_installed_package_information.package_discovery:Found 3 installed packages in /home/bose/dev_ws/install
[2.219s] DEBUG:colcon.colcon_installed_package_information.package_discovery:Found 1 installed packages in /home/bose/install
[2.231s] DEBUG:colcon.colcon_installed_package_information.package_discovery:Found 326 installed packages in /opt/ros/humble
[2.241s] Level 1:colcon.colcon_core.package_discovery:discover_packages(prefix_path) using defaults
[2.581s] Level 5:colcon.colcon_core.verb:set package 'my_bot' build argument 'cmake_args' from command line to 'None'
[2.582s] Level 5:colcon.colcon_core.verb:set package 'my_bot' build argument 'cmake_target' from command line to 'None'
[2.582s] Level 5:colcon.colcon_core.verb:set package 'my_bot' build argument 'cmake_target_skip_unavailable' from command line to 'False'
[2.582s] Level 5:colcon.colcon_core.verb:set package 'my_bot' build argument 'cmake_clean_cache' from command line to 'False'
[2.582s] Level 5:colcon.colcon_core.verb:set package 'my_bot' build argument 'cmake_clean_first' from command line to 'False'
[2.582s] Level 5:colcon.colcon_core.verb:set package 'my_bot' build argument 'cmake_force_configure' from command line to 'False'
[2.583s] Level 5:colcon.colcon_core.verb:set package 'my_bot' build argument 'ament_cmake_args' from command line to 'None'
[2.583s] Level 5:colcon.colcon_core.verb:set package 'my_bot' build argument 'catkin_cmake_args' from command line to 'None'
[2.583s] Level 5:colcon.colcon_core.verb:set package 'my_bot' build argument 'catkin_skip_building_tests' from command line to 'False'
[2.583s] DEBUG:colcon.colcon_core.verb:Building package 'my_bot' with the following arguments: {'ament_cmake_args': None, 'build_base': '/home/bose/dev_ws/src/my_bot/build/my_bot', 'catkin_cmake_args': None, 'catkin_skip_building_tests': False, 'cmake_args': None, 'cmake_clean_cache': False, 'cmake_clean_first': False, 'cmake_force_configure': False, 'cmake_target': None, 'cmake_target_skip_unavailable': False, 'install_base': '/home/bose/dev_ws/src/my_bot/install/my_bot', 'merge_install': False, 'path': '/home/bose/dev_ws/src/my_bot', 'symlink_install': True, 'test_result_base': None}
[2.584s] INFO:colcon.colcon_core.executor:Executing jobs using 'parallel' executor
[2.589s] DEBUG:colcon.colcon_parallel_executor.executor.parallel:run_until_complete
[2.592s] INFO:colcon.colcon_ros.task.ament_cmake.build:Building ROS package in '/home/bose/dev_ws/src/my_bot' with build type 'ament_cmake'
[2.593s] INFO:colcon.colcon_cmake.task.cmake.build:Building CMake package in '/home/bose/dev_ws/src/my_bot'
[2.609s] INFO:colcon.colcon_core.plugin_system:Skipping extension 'colcon_core.shell.bat': Not used on non-Windows systems
[2.610s] INFO:colcon.colcon_core.shell:Skip shell extension 'powershell' for command environment: Not usable outside of PowerShell
[2.610s] DEBUG:colcon.colcon_core.shell:Skip shell extension 'dsv' for command environment
[2.674s] DEBUG:colcon.colcon_core.event_handler.log_command:Invoking command in '/home/bose/dev_ws/src/my_bot/build/my_bot': CMAKE_PREFIX_PATH=${CMAKE_PREFIX_PATH}:/home/bose/ros2_ws/install/serial_motor_demo:/opt/ros/humble /usr/bin/cmake /home/bose/dev_ws/src/my_bot -DAMENT_CMAKE_SYMLINK_INSTALL=1 -DCMAKE_INSTALL_PREFIX=/home/bose/dev_ws/src/my_bot/install/my_bot
[11.282s] DEBUG:colcon.colcon_core.event_handler.log_command:Invoked command in '/home/bose/dev_ws/src/my_bot/build/my_bot' returned '0': CMAKE_PREFIX_PATH=${CMAKE_PREFIX_PATH}:/home/bose/ros2_ws/install/serial_motor_demo:/opt/ros/humble /usr/bin/cmake /home/bose/dev_ws/src/my_bot -DAMENT_CMAKE_SYMLINK_INSTALL=1 -DCMAKE_INSTALL_PREFIX=/home/bose/dev_ws/src/my_bot/install/my_bot
[11.294s] DEBUG:colcon.colcon_core.event_handler.log_command:Invoking command in '/home/bose/dev_ws/src/my_bot/build/my_bot': CMAKE_PREFIX_PATH=${CMAKE_PREFIX_PATH}:/home/bose/ros2_ws/install/serial_motor_demo:/opt/ros/humble /usr/bin/cmake --build /home/bose/dev_ws/src/my_bot/build/my_bot -- -j4 -l4
[27.598s] DEBUG:colcon.colcon_core.event_handler.log_command:Invoked command in '/home/bose/dev_ws/src/my_bot/build/my_bot' returned '0': CMAKE_PREFIX_PATH=${CMAKE_PREFIX_PATH}:/home/bose/ros2_ws/install/serial_motor_demo:/opt/ros/humble /usr/bin/cmake --build /home/bose/dev_ws/src/my_bot/build/my_bot -- -j4 -l4
[27.649s] DEBUG:colcon.colcon_core.event_handler.log_command:Invoking command in '/home/bose/dev_ws/src/my_bot/build/my_bot': CMAKE_PREFIX_PATH=${CMAKE_PREFIX_PATH}:/home/bose/ros2_ws/install/serial_motor_demo:/opt/ros/humble /usr/bin/cmake --install /home/bose/dev_ws/src/my_bot/build/my_bot
[29.520s] Level 1:colcon.colcon_core.environment:create_environment_scripts_only(my_bot)
[29.522s] DEBUG:colcon.colcon_core.event_handler.log_command:Invoked command in '/home/bose/dev_ws/src/my_bot/build/my_bot' returned '0': CMAKE_PREFIX_PATH=${CMAKE_PREFIX_PATH}:/home/bose/ros2_ws/install/serial_motor_demo:/opt/ros/humble /usr/bin/cmake --install /home/bose/dev_ws/src/my_bot/build/my_bot
[29.533s] Level 1:colcon.colcon_core.environment:checking '/home/bose/dev_ws/src/my_bot/install/my_bot' for CMake module files
[29.536s] Level 1:colcon.colcon_core.environment:checking '/home/bose/dev_ws/src/my_bot/install/my_bot' for CMake config files
[29.540s] Level 1:colcon.colcon_core.shell:create_environment_hook('my_bot', 'cmake_prefix_path')
[29.541s] INFO:colcon.colcon_core.shell:Creating environment hook '/home/bose/dev_ws/src/my_bot/install/my_bot/share/my_bot/hook/cmake_prefix_path.ps1'
[29.544s] INFO:colcon.colcon_core.shell:Creating environment descriptor '/home/bose/dev_ws/src/my_bot/install/my_bot/share/my_bot/hook/cmake_prefix_path.dsv'
[29.546s] INFO:colcon.colcon_core.shell:Creating environment hook '/home/bose/dev_ws/src/my_bot/install/my_bot/share/my_bot/hook/cmake_prefix_path.sh'
[29.550s] Level 1:colcon.colcon_core.environment:checking '/home/bose/dev_ws/src/my_bot/install/my_bot/lib'
[29.550s] Level 1:colcon.colcon_core.shell:create_environment_hook('my_bot', 'ld_library_path_lib')
[29.551s] INFO:colcon.colcon_core.shell:Creating environment hook '/home/bose/dev_ws/src/my_bot/install/my_bot/share/my_bot/hook/ld_library_path_lib.ps1'
[29.553s] INFO:colcon.colcon_core.shell:Creating environment descriptor '/home/bose/dev_ws/src/my_bot/install/my_bot/share/my_bot/hook/ld_library_path_lib.dsv'
[29.555s] INFO:colcon.colcon_core.shell:Creating environment hook '/home/bose/dev_ws/src/my_bot/install/my_bot/share/my_bot/hook/ld_library_path_lib.sh'
[29.556s] Level 1:colcon.colcon_core.environment:checking '/home/bose/dev_ws/src/my_bot/install/my_bot/bin'
[29.557s] Level 1:colcon.colcon_core.environment:checking '/home/bose/dev_ws/src/my_bot/install/my_bot/lib/pkgconfig/my_bot.pc'
[29.558s] Level 1:colcon.colcon_core.environment:checking '/home/bose/dev_ws/src/my_bot/install/my_bot/lib/python3.10/site-packages'
[29.559s] Level 1:colcon.colcon_core.environment:checking '/home/bose/dev_ws/src/my_bot/install/my_bot/bin'
[29.560s] INFO:colcon.colcon_core.shell:Creating package script '/home/bose/dev_ws/src/my_bot/install/my_bot/share/my_bot/package.ps1'
[29.563s] INFO:colcon.colcon_core.shell:Creating package descriptor '/home/bose/dev_ws/src/my_bot/install/my_bot/share/my_bot/package.dsv'
[29.566s] INFO:colcon.colcon_core.shell:Creating package script '/home/bose/dev_ws/src/my_bot/install/my_bot/share/my_bot/package.sh'
[29.569s] INFO:colcon.colcon_core.shell:Creating package script '/home/bose/dev_ws/src/my_bot/install/my_bot/share/my_bot/package.bash'
[29.572s] INFO:colcon.colcon_core.shell:Creating package script '/home/bose/dev_ws/src/my_bot/install/my_bot/share/my_bot/package.zsh'
[29.575s] Level 1:colcon.colcon_core.environment:create_file_with_runtime_dependencies(/home/bose/dev_ws/src/my_bot/install/my_bot/share/colcon-core/packages/my_bot)
[29.578s] Level 1:colcon.colcon_core.environment:create_environment_scripts_only(my_bot)
[29.579s] Level 1:colcon.colcon_core.environment:checking '/home/bose/dev_ws/src/my_bot/install/my_bot' for CMake module files
[29.582s] Level 1:colcon.colcon_core.environment:checking '/home/bose/dev_ws/src/my_bot/install/my_bot' for CMake config files
[29.585s] Level 1:colcon.colcon_core.shell:create_environment_hook('my_bot', 'cmake_prefix_path')
[29.586s] INFO:colcon.colcon_core.shell:Creating environment hook '/home/bose/dev_ws/src/my_bot/install/my_bot/share/my_bot/hook/cmake_prefix_path.ps1'
[29.588s] INFO:colcon.colcon_core.shell:Creating environment descriptor '/home/bose/dev_ws/src/my_bot/install/my_bot/share/my_bot/hook/cmake_prefix_path.dsv'
[29.590s] INFO:colcon.colcon_core.shell:Creating environment hook '/home/bose/dev_ws/src/my_bot/install/my_bot/share/my_bot/hook/cmake_prefix_path.sh'
[29.593s] Level 1:colcon.colcon_core.environment:checking '/home/bose/dev_ws/src/my_bot/install/my_bot/lib'
[29.593s] Level 1:colcon.colcon_core.shell:create_environment_hook('my_bot', 'ld_library_path_lib')
[29.594s] INFO:colcon.colcon_core.shell:Creating environment hook '/home/bose/dev_ws/src/my_bot/install/my_bot/share/my_bot/hook/ld_library_path_lib.ps1'
[29.596s] INFO:colcon.colcon_core.shell:Creating environment descriptor '/home/bose/dev_ws/src/my_bot/install/my_bot/share/my_bot/hook/ld_library_path_lib.dsv'
[29.598s] INFO:colcon.colcon_core.shell:Creating environment hook '/home/bose/dev_ws/src/my_bot/install/my_bot/share/my_bot/hook/ld_library_path_lib.sh'
[29.601s] Level 1:colcon.colcon_core.environment:checking '/home/bose/dev_ws/src/my_bot/install/my_bot/bin'
[29.601s] Level 1:colcon.colcon_core.environment:checking '/home/bose/dev_ws/src/my_bot/install/my_bot/lib/pkgconfig/my_bot.pc'
[29.602s] Level 1:colcon.colcon_core.environment:checking '/home/bose/dev_ws/src/my_bot/install/my_bot/lib/python3.10/site-packages'
[29.603s] Level 1:colcon.colcon_core.environment:checking '/home/bose/dev_ws/src/my_bot/install/my_bot/bin'
[29.604s] INFO:colcon.colcon_core.shell:Creating package script '/home/bose/dev_ws/src/my_bot/install/my_bot/share/my_bot/package.ps1'
[29.607s] INFO:colcon.colcon_core.shell:Creating package descriptor '/home/bose/dev_ws/src/my_bot/install/my_bot/share/my_bot/package.dsv'
[29.610s] INFO:colcon.colcon_core.shell:Creating package script '/home/bose/dev_ws/src/my_bot/install/my_bot/share/my_bot/package.sh'
[29.612s] INFO:colcon.colcon_core.shell:Creating package script '/home/bose/dev_ws/src/my_bot/install/my_bot/share/my_bot/package.bash'
[29.614s] INFO:colcon.colcon_core.shell:Creating package script '/home/bose/dev_ws/src/my_bot/install/my_bot/share/my_bot/package.zsh'
[29.616s] Level 1:colcon.colcon_core.environment:create_file_with_runtime_dependencies(/home/bose/dev_ws/src/my_bot/install/my_bot/share/colcon-core/packages/my_bot)
[29.618s] DEBUG:colcon.colcon_parallel_executor.executor.parallel:closing loop
[29.619s] DEBUG:colcon.colcon_parallel_executor.executor.parallel:loop closed
[29.619s] DEBUG:colcon.colcon_parallel_executor.executor.parallel:run_until_complete finished with '0'
[29.620s] DEBUG:colcon.colcon_core.event_reactor:joining thread
[29.642s] INFO:colcon.colcon_core.plugin_system:Skipping extension 'colcon_notification.desktop_notification.terminal_notifier': Not used on non-Darwin systems
[29.642s] INFO:colcon.colcon_core.plugin_system:Skipping extension 'colcon_notification.desktop_notification.win32': Not used on non-Windows systems
[29.643s] INFO:colcon.colcon_notification.desktop_notification:Sending desktop notification using 'notify2'
[29.698s] DEBUG:colcon.colcon_core.event_reactor:joined thread
[29.700s] INFO:colcon.colcon_core.shell:Creating prefix script '/home/bose/dev_ws/src/my_bot/install/local_setup.ps1'
[29.705s] INFO:colcon.colcon_core.shell:Creating prefix util module '/home/bose/dev_ws/src/my_bot/install/_local_setup_util_ps1.py'
[29.713s] INFO:colcon.colcon_core.shell:Creating prefix chain script '/home/bose/dev_ws/src/my_bot/install/setup.ps1'
[29.721s] INFO:colcon.colcon_core.shell:Creating prefix script '/home/bose/dev_ws/src/my_bot/install/local_setup.sh'
[29.725s] INFO:colcon.colcon_core.shell:Creating prefix util module '/home/bose/dev_ws/src/my_bot/install/_local_setup_util_sh.py'
[29.729s] INFO:colcon.colcon_core.shell:Creating prefix chain script '/home/bose/dev_ws/src/my_bot/install/setup.sh'
[29.736s] INFO:colcon.colcon_core.shell:Creating prefix script '/home/bose/dev_ws/src/my_bot/install/local_setup.bash'
[29.740s] INFO:colcon.colcon_core.shell:Creating prefix chain script '/home/bose/dev_ws/src/my_bot/install/setup.bash'
[29.753s] INFO:colcon.colcon_core.shell:Creating prefix script '/home/bose/dev_ws/src/my_bot/install/local_setup.zsh'
[29.759s] INFO:colcon.colcon_core.shell:Creating prefix chain script '/home/bose/dev_ws/src/my_bot/install/setup.zsh'
