[0.071s] Invoking command in '/home/bose/dev_ws/build/my_bot': CMAKE_PREFIX_PATH=${CMAKE_PREFIX_PATH}:/home/bose/ros2_ws/install/serial_motor_demo:/opt/ros/humble /usr/bin/cmake --build /home/bose/dev_ws/build/my_bot -- -j4 -l4
[0.402s] [100%] Built target my_bot
[0.448s] Invoked command in '/home/bose/dev_ws/build/my_bot' returned '0': CMAKE_PREFIX_PATH=${CMAKE_PREFIX_PATH}:/home/bose/ros2_ws/install/serial_motor_demo:/opt/ros/humble /usr/bin/cmake --build /home/bose/dev_ws/build/my_bot -- -j4 -l4
[0.495s] Invoking command in '/home/bose/dev_ws/build/my_bot': CMAKE_PREFIX_PATH=${CMAKE_PREFIX_PATH}:/home/bose/ros2_ws/install/serial_motor_demo:/opt/ros/humble /usr/bin/cmake --install /home/bose/dev_ws/build/my_bot
[0.529s] -- Install configuration: ""
[0.531s] -- Execute custom install script
[0.532s] -- Up-to-date symlink: /home/bose/dev_ws/install/my_bot/share/my_bot//my_bot.xml
[0.534s] -- Up-to-date symlink: /home/bose/dev_ws/install/my_bot/share/my_bot/my_bot.xml
[0.547s] -- Up-to-date symlink: /home/bose/dev_ws/install/my_bot/include/my_bot/my_bot/arduino_comms.hpp
[0.548s] -- Up-to-date symlink: /home/bose/dev_ws/install/my_bot/include/my_bot/my_bot/diffbot_system.hpp
[0.550s] -- Up-to-date symlink: /home/bose/dev_ws/install/my_bot/include/my_bot/my_bot/visibility_control.h
[0.551s] -- Up-to-date symlink: /home/bose/dev_ws/install/my_bot/include/my_bot/my_bot/wheel.hpp
[0.555s] -- Up-to-date symlink: /home/bose/dev_ws/install/my_bot/share/my_bot/config/diffbot_controllers.yaml
[0.556s] -- Up-to-date symlink: /home/bose/dev_ws/install/my_bot/share/my_bot/config/drive_ot.rviz
[0.557s] -- Up-to-date symlink: /home/bose/dev_ws/install/my_bot/share/my_bot/config/empty.yaml
[0.558s] -- Up-to-date symlink: /home/bose/dev_ws/install/my_bot/share/my_bot/config/gazebo_params.yaml
[0.558s] -- Up-to-date symlink: /home/bose/dev_ws/install/my_bot/share/my_bot/config/my_controllers.yaml
[0.559s] -- Up-to-date symlink: /home/bose/dev_ws/install/my_bot/share/my_bot/config/view_bot.rviz
[0.561s] -- Up-to-date symlink: /home/bose/dev_ws/install/my_bot/share/my_bot/description/camera.xacro
[0.561s] -- Up-to-date symlink: /home/bose/dev_ws/install/my_bot/share/my_bot/description/gazebo_control.xacro
[0.562s] -- Up-to-date symlink: /home/bose/dev_ws/install/my_bot/share/my_bot/description/inertial_macros.xacro
[0.562s] -- Up-to-date symlink: /home/bose/dev_ws/install/my_bot/share/my_bot/description/lidar.xacro
[0.563s] -- Up-to-date symlink: /home/bose/dev_ws/install/my_bot/share/my_bot/description/robot.urdf.xacro
[0.564s] -- Up-to-date symlink: /home/bose/dev_ws/install/my_bot/share/my_bot/description/robot_core.xacro
[0.565s] -- Up-to-date symlink: /home/bose/dev_ws/install/my_bot/share/my_bot/description/ros2_control.xacro
[0.566s] -- Up-to-date symlink: /home/bose/dev_ws/install/my_bot/share/my_bot/launch/camera.launch.py
[0.567s] -- Up-to-date symlink: /home/bose/dev_ws/install/my_bot/share/my_bot/launch/launch_robot.launch.py
[0.567s] -- Up-to-date symlink: /home/bose/dev_ws/install/my_bot/share/my_bot/launch/launch_sim.launch.py
[0.568s] -- Up-to-date symlink: /home/bose/dev_ws/install/my_bot/share/my_bot/launch/rplidar.launch.py
[0.569s] -- Up-to-date symlink: /home/bose/dev_ws/install/my_bot/share/my_bot/launch/rsp.launch.py
[0.570s] -- Up-to-date symlink: /home/bose/dev_ws/install/my_bot/share/my_bot/worlds/empty.world
[0.571s] -- Up-to-date symlink: /home/bose/dev_ws/install/my_bot/share/my_bot/worlds/lidar.world
[0.571s] -- Up-to-date symlink: /home/bose/dev_ws/install/my_bot/share/my_bot/worlds/new.world
[0.572s] -- Up-to-date symlink: /home/bose/dev_ws/install/my_bot/share/my_bot/worlds/obstacle.world
[0.573s] -- Up-to-date symlink: /home/bose/dev_ws/install/my_bot/share/my_bot/environment/library_path.sh
[0.574s] -- Up-to-date symlink: /home/bose/dev_ws/install/my_bot/share/my_bot/environment/library_path.dsv
[0.575s] -- Up-to-date symlink: /home/bose/dev_ws/install/my_bot/share/ament_index/resource_index/package_run_dependencies/my_bot
[0.576s] -- Up-to-date symlink: /home/bose/dev_ws/install/my_bot/share/ament_index/resource_index/parent_prefix_path/my_bot
[0.577s] -- Up-to-date symlink: /home/bose/dev_ws/install/my_bot/share/my_bot/environment/ament_prefix_path.sh
[0.578s] -- Up-to-date symlink: /home/bose/dev_ws/install/my_bot/share/my_bot/environment/ament_prefix_path.dsv
[0.580s] -- Up-to-date symlink: /home/bose/dev_ws/install/my_bot/share/my_bot/environment/path.sh
[0.581s] -- Up-to-date symlink: /home/bose/dev_ws/install/my_bot/share/my_bot/environment/path.dsv
[0.582s] -- Up-to-date symlink: /home/bose/dev_ws/install/my_bot/share/my_bot/local_setup.bash
[0.583s] -- Up-to-date symlink: /home/bose/dev_ws/install/my_bot/share/my_bot/local_setup.sh
[0.585s] -- Up-to-date symlink: /home/bose/dev_ws/install/my_bot/share/my_bot/local_setup.zsh
[0.586s] -- Up-to-date symlink: /home/bose/dev_ws/install/my_bot/share/my_bot/local_setup.dsv
[0.587s] -- Symlinking: /home/bose/dev_ws/install/my_bot/share/my_bot/package.dsv
[0.625s] -- Up-to-date symlink: /home/bose/dev_ws/install/my_bot/share/ament_index/resource_index/packages/my_bot
[0.626s] -- Up-to-date symlink: /home/bose/dev_ws/install/my_bot/share/ament_index/resource_index/my_bot__pluginlib__plugin/my_bot
[0.627s] -- Up-to-date symlink: /home/bose/dev_ws/install/my_bot/share/my_bot/cmake/ament_cmake_export_targets-extras.cmake
[0.629s] -- Up-to-date symlink: /home/bose/dev_ws/install/my_bot/share/my_bot/cmake/ament_cmake_export_dependencies-extras.cmake
[0.629s] -- Up-to-date symlink: /home/bose/dev_ws/install/my_bot/share/my_bot/cmake/my_botConfig.cmake
[0.630s] -- Up-to-date symlink: /home/bose/dev_ws/install/my_bot/share/my_bot/cmake/my_botConfig-version.cmake
[0.631s] -- Up-to-date symlink: /home/bose/dev_ws/install/my_bot/share/my_bot/package.xml
[0.633s] -- Up-to-date: /home/bose/dev_ws/install/my_bot/lib/libmy_bot.so
[0.635s] -- Up-to-date: /home/bose/dev_ws/install/my_bot/share/my_bot/cmake/export_my_botExport.cmake
[0.636s] -- Up-to-date: /home/bose/dev_ws/install/my_bot/share/my_bot/cmake/export_my_botExport-noconfig.cmake
[0.643s] Invoked command in '/home/bose/dev_ws/build/my_bot' returned '0': CMAKE_PREFIX_PATH=${CMAKE_PREFIX_PATH}:/home/bose/ros2_ws/install/serial_motor_demo:/opt/ros/humble /usr/bin/cmake --install /home/bose/dev_ws/build/my_bot
