[0.099s] Invoking command in '/home/bose/dev_ws/build/diffdrive_arduino': CMAKE_PREFIX_PATH=${CMAKE_PREFIX_PATH}:/home/bose/ros2_ws/install/serial_motor_demo:/opt/ros/humble /usr/bin/cmake /home/bose/dev_ws/src/diffdrive_arduino -DAMENT_CMAKE_SYMLINK_INSTALL=1 -DCMAKE_INSTALL_PREFIX=/home/bose/dev_ws/install/diffdrive_arduino
[0.461s] -- The CXX compiler identification is GNU 11.4.0
[0.493s] -- Detecting CXX compiler ABI info
[0.920s] -- Detecting CXX compiler ABI info - done
[0.948s] -- Check for working CXX compiler: /usr/bin/c++ - skipped
[0.949s] -- Detecting CXX compile features
[0.951s] -- Detecting CXX compile features - done
[0.986s] -- Found ament_cmake: 1.3.11 (/opt/ros/humble/share/ament_cmake/cmake)
[1.955s] -- Found Python3: /usr/bin/python3 (found version "3.10.12") found components: Interpreter 
[2.368s] -- Override CMake install command with custom implementation using symlinks instead of copying resources
[2.753s] -- Found hardware_interface: 2.48.0 (/opt/ros/humble/share/hardware_interface/cmake)
[3.183s] -- Found rosidl_generator_c: 3.1.6 (/opt/ros/humble/share/rosidl_generator_c/cmake)
[3.240s] -- Found rosidl_adapter: 3.1.6 (/opt/ros/humble/share/rosidl_adapter/cmake)
[3.310s] -- Found rosidl_generator_cpp: 3.1.6 (/opt/ros/humble/share/rosidl_generator_cpp/cmake)
[3.399s] -- Using all available rosidl_typesupport_c: rosidl_typesupport_fastrtps_c;rosidl_typesupport_introspection_c
[3.523s] -- Using all available rosidl_typesupport_cpp: rosidl_typesupport_fastrtps_cpp;rosidl_typesupport_introspection_cpp
[5.205s] -- Found rmw_implementation_cmake: 6.1.2 (/opt/ros/humble/share/rmw_implementation_cmake/cmake)
[5.275s] -- Found rmw_fastrtps_cpp: 6.2.7 (/opt/ros/humble/share/rmw_fastrtps_cpp/cmake)
[5.727s] -- Found TinyXML2 via Config file: TinyXML2_DIR-NOTFOUND
[6.409s] -- Found OpenSSL: /usr/lib/aarch64-linux-gnu/libcrypto.so (found version "3.0.2")  
[6.430s] -- Found TinyXML2 via Config file: TinyXML2_DIR-NOTFOUND
[6.606s] -- Found FastRTPS: /opt/ros/humble/include  
[6.635s] -- Found TinyXML2 via Config file: TinyXML2_DIR-NOTFOUND
[6.682s] -- Found TinyXML2 via Config file: TinyXML2_DIR-NOTFOUND
[6.738s] -- Using RMW implementation 'rmw_fastrtps_cpp' as default
[6.906s] -- Looking for C++ include pthread.h
[7.744s] -- Looking for C++ include pthread.h - found
[7.747s] -- Performing Test CMAKE_HAVE_LIBC_PTHREAD
[8.976s] -- Performing Test CMAKE_HAVE_LIBC_PTHREAD - Success
[8.981s] -- Found Threads: TRUE  
[9.715s] -- Found ament_cmake_gtest: 1.3.11 (/opt/ros/humble/share/ament_cmake_gtest/cmake)
[10.453s] -- Configuring done
[10.778s] -- Generating done
[10.823s] -- Build files have been written to: /home/bose/dev_ws/build/diffdrive_arduino
[10.901s] Invoked command in '/home/bose/dev_ws/build/diffdrive_arduino' returned '0': CMAKE_PREFIX_PATH=${CMAKE_PREFIX_PATH}:/home/bose/ros2_ws/install/serial_motor_demo:/opt/ros/humble /usr/bin/cmake /home/bose/dev_ws/src/diffdrive_arduino -DAMENT_CMAKE_SYMLINK_INSTALL=1 -DCMAKE_INSTALL_PREFIX=/home/bose/dev_ws/install/diffdrive_arduino
[10.917s] Invoking command in '/home/bose/dev_ws/build/diffdrive_arduino': CMAKE_PREFIX_PATH=${CMAKE_PREFIX_PATH}:/home/bose/ros2_ws/install/serial_motor_demo:/opt/ros/humble /usr/bin/cmake --build /home/bose/dev_ws/build/diffdrive_arduino -- -j4 -l4
[11.625s] [ 50%] [32mBuilding CXX object CMakeFiles/diffdrive_arduino.dir/hardware/diffbot_system.cpp.o[0m
[38.318s] [100%] [32m[1mLinking CXX shared library libdiffdrive_arduino.so[0m
[40.134s] [100%] Built target diffdrive_arduino
[40.217s] Invoked command in '/home/bose/dev_ws/build/diffdrive_arduino' returned '0': CMAKE_PREFIX_PATH=${CMAKE_PREFIX_PATH}:/home/bose/ros2_ws/install/serial_motor_demo:/opt/ros/humble /usr/bin/cmake --build /home/bose/dev_ws/build/diffdrive_arduino -- -j4 -l4
[40.284s] Invoking command in '/home/bose/dev_ws/build/diffdrive_arduino': CMAKE_PREFIX_PATH=${CMAKE_PREFIX_PATH}:/home/bose/ros2_ws/install/serial_motor_demo:/opt/ros/humble /usr/bin/cmake --install /home/bose/dev_ws/build/diffdrive_arduino
[40.354s] -- Install configuration: ""
[40.356s] -- Execute custom install script
[40.360s] -- Symlinking: /home/bose/dev_ws/install/diffdrive_arduino/share/diffdrive_arduino//diffdrive_arduino.xml
[40.423s] -- Symlinking: /home/bose/dev_ws/install/diffdrive_arduino/include/diffdrive_arduino/diffdrive_arduino/arduino_comms.hpp
[40.481s] -- Symlinking: /home/bose/dev_ws/install/diffdrive_arduino/include/diffdrive_arduino/diffdrive_arduino/diffbot_system.hpp
[40.533s] -- Symlinking: /home/bose/dev_ws/install/diffdrive_arduino/include/diffdrive_arduino/diffdrive_arduino/visibility_control.h
[40.582s] -- Symlinking: /home/bose/dev_ws/install/diffdrive_arduino/include/diffdrive_arduino/diffdrive_arduino/wheel.hpp
[40.628s] -- Symlinking: /home/bose/dev_ws/install/diffdrive_arduino/share/diffdrive_arduino/launch/view_robot.launch.py
[40.684s] -- Symlinking: /home/bose/dev_ws/install/diffdrive_arduino/share/diffdrive_arduino/ros2_control/diffbot.ros2_control.xacro
[40.738s] -- Symlinking: /home/bose/dev_ws/install/diffdrive_arduino/share/diffdrive_arduino/urdf/diffbot.materials.xacro
[40.778s] -- Symlinking: /home/bose/dev_ws/install/diffdrive_arduino/share/diffdrive_arduino/urdf/diffbot.urdf.xacro
[40.819s] -- Symlinking: /home/bose/dev_ws/install/diffdrive_arduino/share/diffdrive_arduino/urdf/diffbot_description.urdf.xacro
[40.866s] -- Symlinking: /home/bose/dev_ws/install/diffdrive_arduino/share/diffdrive_arduino/rviz/diffbot.rviz
[40.904s] -- Symlinking: /home/bose/dev_ws/install/diffdrive_arduino/share/diffdrive_arduino/rviz/diffbot_view.rviz
[40.946s] -- Symlinking: /home/bose/dev_ws/install/diffdrive_arduino/share/diffdrive_arduino/launch/diffbot.launch.py
[40.994s] -- Symlinking: /home/bose/dev_ws/install/diffdrive_arduino/share/diffdrive_arduino/config/diffbot_controllers.yaml
[41.041s] -- Symlinking: /home/bose/dev_ws/install/diffdrive_arduino/share/diffdrive_arduino/environment/library_path.sh
[41.088s] -- Symlinking: /home/bose/dev_ws/install/diffdrive_arduino/share/diffdrive_arduino/environment/library_path.dsv
[41.133s] -- Symlinking: /home/bose/dev_ws/install/diffdrive_arduino/share/ament_index/resource_index/package_run_dependencies/diffdrive_arduino
[41.176s] -- Symlinking: /home/bose/dev_ws/install/diffdrive_arduino/share/ament_index/resource_index/parent_prefix_path/diffdrive_arduino
[41.220s] -- Symlinking: /home/bose/dev_ws/install/diffdrive_arduino/share/diffdrive_arduino/environment/ament_prefix_path.sh
[41.262s] -- Symlinking: /home/bose/dev_ws/install/diffdrive_arduino/share/diffdrive_arduino/environment/ament_prefix_path.dsv
[41.307s] -- Symlinking: /home/bose/dev_ws/install/diffdrive_arduino/share/diffdrive_arduino/environment/path.sh
[41.354s] -- Symlinking: /home/bose/dev_ws/install/diffdrive_arduino/share/diffdrive_arduino/environment/path.dsv
[41.396s] -- Symlinking: /home/bose/dev_ws/install/diffdrive_arduino/share/diffdrive_arduino/local_setup.bash
[41.439s] -- Symlinking: /home/bose/dev_ws/install/diffdrive_arduino/share/diffdrive_arduino/local_setup.sh
[41.484s] -- Symlinking: /home/bose/dev_ws/install/diffdrive_arduino/share/diffdrive_arduino/local_setup.zsh
[41.524s] -- Symlinking: /home/bose/dev_ws/install/diffdrive_arduino/share/diffdrive_arduino/local_setup.dsv
[41.570s] -- Symlinking: /home/bose/dev_ws/install/diffdrive_arduino/share/diffdrive_arduino/package.dsv
[41.609s] -- Symlinking: /home/bose/dev_ws/install/diffdrive_arduino/share/ament_index/resource_index/packages/diffdrive_arduino
[41.652s] -- Symlinking: /home/bose/dev_ws/install/diffdrive_arduino/share/ament_index/resource_index/hardware_interface__pluginlib__plugin/diffdrive_arduino
[41.692s] -- Symlinking: /home/bose/dev_ws/install/diffdrive_arduino/share/diffdrive_arduino/cmake/ament_cmake_export_targets-extras.cmake
[41.732s] -- Symlinking: /home/bose/dev_ws/install/diffdrive_arduino/share/diffdrive_arduino/cmake/ament_cmake_export_dependencies-extras.cmake
[41.772s] -- Symlinking: /home/bose/dev_ws/install/diffdrive_arduino/share/diffdrive_arduino/cmake/diffdrive_arduinoConfig.cmake
[41.818s] -- Symlinking: /home/bose/dev_ws/install/diffdrive_arduino/share/diffdrive_arduino/cmake/diffdrive_arduinoConfig-version.cmake
[41.855s] -- Symlinking: /home/bose/dev_ws/install/diffdrive_arduino/share/diffdrive_arduino/package.xml
[41.895s] -- Installing: /home/bose/dev_ws/install/diffdrive_arduino/lib/libdiffdrive_arduino.so
[41.903s] -- Set runtime path of "/home/bose/dev_ws/install/diffdrive_arduino/lib/libdiffdrive_arduino.so" to ""
[41.904s] -- Installing: /home/bose/dev_ws/install/diffdrive_arduino/share/diffdrive_arduino/cmake/export_diffdrive_arduinoExport.cmake
[41.906s] -- Installing: /home/bose/dev_ws/install/diffdrive_arduino/share/diffdrive_arduino/cmake/export_diffdrive_arduinoExport-noconfig.cmake
[41.915s] Invoked command in '/home/bose/dev_ws/build/diffdrive_arduino' returned '0': CMAKE_PREFIX_PATH=${CMAKE_PREFIX_PATH}:/home/bose/ros2_ws/install/serial_motor_demo:/opt/ros/humble /usr/bin/cmake --install /home/bose/dev_ws/build/diffdrive_arduino
