[0.112s] Invoking command in '/home/bose/dev_ws/build/serial': CMAKE_PREFIX_PATH=${CMAKE_PREFIX_PATH}:/home/bose/ros2_ws/install/serial_motor_demo:/opt/ros/humble /usr/bin/cmake --build /home/bose/dev_ws/build/serial -- -j4 -l4
[0.413s] [35m[1mConsolidate compiler generated dependencies of target gtest[0m
[0.457s] [35m[1mConsolidate compiler generated dependencies of target serial[0m
[0.483s] [35m[1mConsolidate compiler generated dependencies of target gtest_main[0m
[0.646s] [ 14%] Built target gtest_main
[0.659s] [ 28%] Built target gtest
[0.702s] [ 57%] Built target serial
[0.789s] [35m[1mConsolidate compiler generated dependencies of target serial_example[0m
[0.803s] [35m[1mConsolidate compiler generated dependencies of target serial-test-timer[0m
[0.851s] [35m[1mConsolidate compiler generated dependencies of target serial-test[0m
[0.921s] [ 71%] Built target serial_example
[0.965s] [ 85%] Built target serial-test-timer
[1.019s] [100%] Built target serial-test
[1.087s] Invoked command in '/home/bose/dev_ws/build/serial' returned '0': CMAKE_PREFIX_PATH=${CMAKE_PREFIX_PATH}:/home/bose/ros2_ws/install/serial_motor_demo:/opt/ros/humble /usr/bin/cmake --build /home/bose/dev_ws/build/serial -- -j4 -l4
[1.099s] Invoking command in '/home/bose/dev_ws/build/serial': CMAKE_PREFIX_PATH=${CMAKE_PREFIX_PATH}:/home/bose/ros2_ws/install/serial_motor_demo:/opt/ros/humble /usr/bin/cmake --install /home/bose/dev_ws/build/serial
[1.156s] -- Install configuration: ""
[1.158s] -- Execute custom install script
[1.162s] -- Up-to-date symlink: /home/bose/dev_ws/install/serial/lib/libserial.a
[1.164s] -- Up-to-date symlink: /home/bose/dev_ws/install/serial/include/serial/serial.h
[1.166s] -- Up-to-date symlink: /home/bose/dev_ws/install/serial/include/serial/v8stdint.h
[1.169s] -- Up-to-date symlink: /home/bose/dev_ws/install/serial/share/serial/environment/library_path.sh
[1.172s] -- Up-to-date symlink: /home/bose/dev_ws/install/serial/share/serial/environment/library_path.dsv
[1.174s] -- Up-to-date symlink: /home/bose/dev_ws/install/serial/share/ament_index/resource_index/package_run_dependencies/serial
[1.177s] -- Up-to-date symlink: /home/bose/dev_ws/install/serial/share/ament_index/resource_index/parent_prefix_path/serial
[1.181s] -- Up-to-date symlink: /home/bose/dev_ws/install/serial/share/serial/environment/ament_prefix_path.sh
[1.186s] -- Up-to-date symlink: /home/bose/dev_ws/install/serial/share/serial/environment/ament_prefix_path.dsv
[1.190s] -- Up-to-date symlink: /home/bose/dev_ws/install/serial/share/serial/environment/path.sh
[1.192s] -- Up-to-date symlink: /home/bose/dev_ws/install/serial/share/serial/environment/path.dsv
[1.194s] -- Up-to-date symlink: /home/bose/dev_ws/install/serial/share/serial/local_setup.bash
[1.200s] -- Up-to-date symlink: /home/bose/dev_ws/install/serial/share/serial/local_setup.sh
[1.203s] -- Up-to-date symlink: /home/bose/dev_ws/install/serial/share/serial/local_setup.zsh
[1.206s] -- Up-to-date symlink: /home/bose/dev_ws/install/serial/share/serial/local_setup.dsv
[1.211s] -- Symlinking: /home/bose/dev_ws/install/serial/share/serial/package.dsv
[1.269s] -- Up-to-date symlink: /home/bose/dev_ws/install/serial/share/ament_index/resource_index/packages/serial
[1.277s] -- Up-to-date symlink: /home/bose/dev_ws/install/serial/share/serial/cmake/ament_cmake_export_include_directories-extras.cmake
[1.279s] -- Up-to-date symlink: /home/bose/dev_ws/install/serial/share/serial/cmake/ament_cmake_export_libraries-extras.cmake
[1.280s] -- Up-to-date symlink: /home/bose/dev_ws/install/serial/share/serial/cmake/serialConfig.cmake
[1.280s] -- Up-to-date symlink: /home/bose/dev_ws/install/serial/share/serial/cmake/serialConfig-version.cmake
[1.287s] -- Up-to-date symlink: /home/bose/dev_ws/install/serial/share/serial/package.xml
[1.362s] Invoked command in '/home/bose/dev_ws/build/serial' returned '0': CMAKE_PREFIX_PATH=${CMAKE_PREFIX_PATH}:/home/bose/ros2_ws/install/serial_motor_demo:/opt/ros/humble /usr/bin/cmake --install /home/bose/dev_ws/build/serial
