[0.448s] DEBUG:colcon:Command line arguments: ['/usr/bin/colcon', 'build', '--symlink-install', '--packages-select', 'my_bot']
[0.449s] DEBUG:colcon:Parsed command line arguments: Namespace(log_base=None, log_level=None, verb_name='build', build_base='build', install_base='install', merge_install=False, symlink_install=True, test_result_base=None, continue_on_error=False, executor='parallel', parallel_workers=4, event_handlers=None, ignore_user_meta=False, metas=['./colcon.meta'], base_paths=['.'], packages_ignore=None, packages_ignore_regex=None, paths=None, packages_up_to=None, packages_up_to_regex=None, packages_above=None, packages_above_and_dependencies=None, packages_above_depth=None, packages_select_by_dep=None, packages_skip_by_dep=None, packages_skip_up_to=None, packages_select_build_failed=False, packages_skip_build_finished=False, packages_select_test_failures=False, packages_skip_test_passed=False, packages_select=['my_bot'], packages_skip=None, packages_select_regex=None, packages_skip_regex=None, packages_start=None, packages_end=None, allow_overriding=[], cmake_args=None, cmake_target=None, cmake_target_skip_unavailable=False, cmake_clean_cache=False, cmake_clean_first=False, cmake_force_configure=False, ament_cmake_args=None, catkin_cmake_args=None, catkin_skip_building_tests=False, verb_parser=<colcon_defaults.argument_parser.defaults.DefaultArgumentsDecorator object at 0xffff91d3ce50>, verb_extension=<colcon_core.verb.build.BuildVerb object at 0xffff91d3ca00>, main=<bound method BuildVerb.main of <colcon_core.verb.build.BuildVerb object at 0xffff91d3ca00>>)
[1.269s] Level 1:colcon.colcon_core.package_discovery:discover_packages(colcon_meta) check parameters
[1.270s] Level 1:colcon.colcon_core.package_discovery:discover_packages(recursive) check parameters
[1.270s] Level 1:colcon.colcon_core.package_discovery:discover_packages(ignore) check parameters
[1.270s] Level 1:colcon.colcon_core.package_discovery:discover_packages(path) check parameters
[1.271s] Level 1:colcon.colcon_core.package_discovery:discover_packages(colcon_meta) discover
[1.271s] Level 1:colcon.colcon_core.package_discovery:discover_packages(recursive) discover
[1.271s] INFO:colcon.colcon_core.package_discovery:Crawling recursively for packages in '/home/bose/dev_ws'
[1.272s] Level 1:colcon.colcon_core.package_identification:_identify(.) by extensions ['ignore', 'ignore_ament_install']
[1.272s] Level 1:colcon.colcon_core.package_identification:_identify(.) by extension 'ignore'
[1.272s] Level 1:colcon.colcon_core.package_identification:_identify(.) by extension 'ignore_ament_install'
[1.273s] Level 1:colcon.colcon_core.package_identification:_identify(.) by extensions ['colcon_pkg']
[1.273s] Level 1:colcon.colcon_core.package_identification:_identify(.) by extension 'colcon_pkg'
[1.273s] Level 1:colcon.colcon_core.package_identification:_identify(.) by extensions ['colcon_meta']
[1.273s] Level 1:colcon.colcon_core.package_identification:_identify(.) by extension 'colcon_meta'
[1.273s] Level 1:colcon.colcon_core.package_identification:_identify(.) by extensions ['ros']
[1.273s] Level 1:colcon.colcon_core.package_identification:_identify(.) by extension 'ros'
[1.319s] Level 1:colcon.colcon_core.package_identification:_identify(.) by extensions ['cmake', 'python']
[1.320s] Level 1:colcon.colcon_core.package_identification:_identify(.) by extension 'cmake'
[1.320s] Level 1:colcon.colcon_core.package_identification:_identify(.) by extension 'python'
[1.320s] Level 1:colcon.colcon_core.package_identification:_identify(.) by extensions ['python_setup_py']
[1.320s] Level 1:colcon.colcon_core.package_identification:_identify(.) by extension 'python_setup_py'
[1.321s] Level 1:colcon.colcon_core.package_identification:_identify(backup) by extensions ['ignore', 'ignore_ament_install']
[1.321s] Level 1:colcon.colcon_core.package_identification:_identify(backup) by extension 'ignore'
[1.321s] Level 1:colcon.colcon_core.package_identification:_identify(backup) by extension 'ignore_ament_install'
[1.322s] Level 1:colcon.colcon_core.package_identification:_identify(backup) by extensions ['colcon_pkg']
[1.322s] Level 1:colcon.colcon_core.package_identification:_identify(backup) by extension 'colcon_pkg'
[1.322s] Level 1:colcon.colcon_core.package_identification:_identify(backup) by extensions ['colcon_meta']
[1.322s] Level 1:colcon.colcon_core.package_identification:_identify(backup) by extension 'colcon_meta'
[1.322s] Level 1:colcon.colcon_core.package_identification:_identify(backup) by extensions ['ros']
[1.323s] Level 1:colcon.colcon_core.package_identification:_identify(backup) by extension 'ros'
[1.323s] Level 1:colcon.colcon_core.package_identification:_identify(backup) by extensions ['cmake', 'python']
[1.323s] Level 1:colcon.colcon_core.package_identification:_identify(backup) by extension 'cmake'
[1.323s] Level 1:colcon.colcon_core.package_identification:_identify(backup) by extension 'python'
[1.323s] Level 1:colcon.colcon_core.package_identification:_identify(backup) by extensions ['python_setup_py']
[1.324s] Level 1:colcon.colcon_core.package_identification:_identify(backup) by extension 'python_setup_py'
[1.324s] Level 1:colcon.colcon_core.package_identification:_identify(build) by extensions ['ignore', 'ignore_ament_install']
[1.324s] Level 1:colcon.colcon_core.package_identification:_identify(build) by extension 'ignore'
[1.325s] Level 1:colcon.colcon_core.package_identification:_identify(build) ignored
[1.325s] Level 1:colcon.colcon_core.package_identification:_identify(install) by extensions ['ignore', 'ignore_ament_install']
[1.326s] Level 1:colcon.colcon_core.package_identification:_identify(install) by extension 'ignore'
[1.326s] Level 1:colcon.colcon_core.package_identification:_identify(install) ignored
[1.326s] Level 1:colcon.colcon_core.package_identification:_identify(log) by extensions ['ignore', 'ignore_ament_install']
[1.327s] Level 1:colcon.colcon_core.package_identification:_identify(log) by extension 'ignore'
[1.327s] Level 1:colcon.colcon_core.package_identification:_identify(log) ignored
[1.327s] Level 1:colcon.colcon_core.package_identification:_identify(src) by extensions ['ignore', 'ignore_ament_install']
[1.328s] Level 1:colcon.colcon_core.package_identification:_identify(src) by extension 'ignore'
[1.328s] Level 1:colcon.colcon_core.package_identification:_identify(src) by extension 'ignore_ament_install'
[1.328s] Level 1:colcon.colcon_core.package_identification:_identify(src) by extensions ['colcon_pkg']
[1.328s] Level 1:colcon.colcon_core.package_identification:_identify(src) by extension 'colcon_pkg'
[1.328s] Level 1:colcon.colcon_core.package_identification:_identify(src) by extensions ['colcon_meta']
[1.329s] Level 1:colcon.colcon_core.package_identification:_identify(src) by extension 'colcon_meta'
[1.329s] Level 1:colcon.colcon_core.package_identification:_identify(src) by extensions ['ros']
[1.329s] Level 1:colcon.colcon_core.package_identification:_identify(src) by extension 'ros'
[1.329s] Level 1:colcon.colcon_core.package_identification:_identify(src) by extensions ['cmake', 'python']
[1.329s] Level 1:colcon.colcon_core.package_identification:_identify(src) by extension 'cmake'
[1.330s] Level 1:colcon.colcon_core.package_identification:_identify(src) by extension 'python'
[1.330s] Level 1:colcon.colcon_core.package_identification:_identify(src) by extensions ['python_setup_py']
[1.330s] Level 1:colcon.colcon_core.package_identification:_identify(src) by extension 'python_setup_py'
[1.330s] Level 1:colcon.colcon_core.package_identification:_identify(src/diffdrive_arduino) by extensions ['ignore', 'ignore_ament_install']
[1.331s] Level 1:colcon.colcon_core.package_identification:_identify(src/diffdrive_arduino) by extension 'ignore'
[1.331s] Level 1:colcon.colcon_core.package_identification:_identify(src/diffdrive_arduino) by extension 'ignore_ament_install'
[1.331s] Level 1:colcon.colcon_core.package_identification:_identify(src/diffdrive_arduino) by extensions ['colcon_pkg']
[1.331s] Level 1:colcon.colcon_core.package_identification:_identify(src/diffdrive_arduino) by extension 'colcon_pkg'
[1.332s] Level 1:colcon.colcon_core.package_identification:_identify(src/diffdrive_arduino) by extensions ['colcon_meta']
[1.332s] Level 1:colcon.colcon_core.package_identification:_identify(src/diffdrive_arduino) by extension 'colcon_meta'
[1.332s] Level 1:colcon.colcon_core.package_identification:_identify(src/diffdrive_arduino) by extensions ['ros']
[1.332s] Level 1:colcon.colcon_core.package_identification:_identify(src/diffdrive_arduino) by extension 'ros'
[1.342s] DEBUG:colcon.colcon_core.package_identification:Package 'src/diffdrive_arduino' with type 'ros.ament_cmake' and name 'diffdrive_arduino'
[1.343s] Level 1:colcon.colcon_core.package_identification:_identify(src/my_bot) by extensions ['ignore', 'ignore_ament_install']
[1.344s] Level 1:colcon.colcon_core.package_identification:_identify(src/my_bot) by extension 'ignore'
[1.345s] Level 1:colcon.colcon_core.package_identification:_identify(src/my_bot) by extension 'ignore_ament_install'
[1.345s] Level 1:colcon.colcon_core.package_identification:_identify(src/my_bot) by extensions ['colcon_pkg']
[1.345s] Level 1:colcon.colcon_core.package_identification:_identify(src/my_bot) by extension 'colcon_pkg'
[1.345s] Level 1:colcon.colcon_core.package_identification:_identify(src/my_bot) by extensions ['colcon_meta']
[1.345s] Level 1:colcon.colcon_core.package_identification:_identify(src/my_bot) by extension 'colcon_meta'
[1.346s] Level 1:colcon.colcon_core.package_identification:_identify(src/my_bot) by extensions ['ros']
[1.346s] Level 1:colcon.colcon_core.package_identification:_identify(src/my_bot) by extension 'ros'
[1.353s] DEBUG:colcon.colcon_core.package_identification:Package 'src/my_bot' with type 'ros.ament_cmake' and name 'my_bot'
[1.353s] Level 1:colcon.colcon_core.package_identification:_identify(src/ros_arduino_bridge) by extensions ['ignore', 'ignore_ament_install']
[1.354s] Level 1:colcon.colcon_core.package_identification:_identify(src/ros_arduino_bridge) by extension 'ignore'
[1.354s] Level 1:colcon.colcon_core.package_identification:_identify(src/ros_arduino_bridge) by extension 'ignore_ament_install'
[1.354s] Level 1:colcon.colcon_core.package_identification:_identify(src/ros_arduino_bridge) by extensions ['colcon_pkg']
[1.354s] Level 1:colcon.colcon_core.package_identification:_identify(src/ros_arduino_bridge) by extension 'colcon_pkg'
[1.355s] Level 1:colcon.colcon_core.package_identification:_identify(src/ros_arduino_bridge) by extensions ['colcon_meta']
[1.355s] Level 1:colcon.colcon_core.package_identification:_identify(src/ros_arduino_bridge) by extension 'colcon_meta'
[1.355s] Level 1:colcon.colcon_core.package_identification:_identify(src/ros_arduino_bridge) by extensions ['ros']
[1.355s] Level 1:colcon.colcon_core.package_identification:_identify(src/ros_arduino_bridge) by extension 'ros'
[1.355s] Level 1:colcon.colcon_core.package_identification:_identify(src/ros_arduino_bridge) by extensions ['cmake', 'python']
[1.356s] Level 1:colcon.colcon_core.package_identification:_identify(src/ros_arduino_bridge) by extension 'cmake'
[1.356s] Level 1:colcon.colcon_core.package_identification:_identify(src/ros_arduino_bridge) by extension 'python'
[1.356s] Level 1:colcon.colcon_core.package_identification:_identify(src/ros_arduino_bridge) by extensions ['python_setup_py']
[1.356s] Level 1:colcon.colcon_core.package_identification:_identify(src/ros_arduino_bridge) by extension 'python_setup_py'
[1.357s] Level 1:colcon.colcon_core.package_identification:_identify(src/ros_arduino_bridge/ROSArduinoBridge) by extensions ['ignore', 'ignore_ament_install']
[1.357s] Level 1:colcon.colcon_core.package_identification:_identify(src/ros_arduino_bridge/ROSArduinoBridge) by extension 'ignore'
[1.357s] Level 1:colcon.colcon_core.package_identification:_identify(src/ros_arduino_bridge/ROSArduinoBridge) by extension 'ignore_ament_install'
[1.358s] Level 1:colcon.colcon_core.package_identification:_identify(src/ros_arduino_bridge/ROSArduinoBridge) by extensions ['colcon_pkg']
[1.358s] Level 1:colcon.colcon_core.package_identification:_identify(src/ros_arduino_bridge/ROSArduinoBridge) by extension 'colcon_pkg'
[1.358s] Level 1:colcon.colcon_core.package_identification:_identify(src/ros_arduino_bridge/ROSArduinoBridge) by extensions ['colcon_meta']
[1.358s] Level 1:colcon.colcon_core.package_identification:_identify(src/ros_arduino_bridge/ROSArduinoBridge) by extension 'colcon_meta'
[1.358s] Level 1:colcon.colcon_core.package_identification:_identify(src/ros_arduino_bridge/ROSArduinoBridge) by extensions ['ros']
[1.359s] Level 1:colcon.colcon_core.package_identification:_identify(src/ros_arduino_bridge/ROSArduinoBridge) by extension 'ros'
[1.359s] Level 1:colcon.colcon_core.package_identification:_identify(src/ros_arduino_bridge/ROSArduinoBridge) by extensions ['cmake', 'python']
[1.359s] Level 1:colcon.colcon_core.package_identification:_identify(src/ros_arduino_bridge/ROSArduinoBridge) by extension 'cmake'
[1.359s] Level 1:colcon.colcon_core.package_identification:_identify(src/ros_arduino_bridge/ROSArduinoBridge) by extension 'python'
[1.359s] Level 1:colcon.colcon_core.package_identification:_identify(src/ros_arduino_bridge/ROSArduinoBridge) by extensions ['python_setup_py']
[1.360s] Level 1:colcon.colcon_core.package_identification:_identify(src/ros_arduino_bridge/ROSArduinoBridge) by extension 'python_setup_py'
[1.360s] Level 1:colcon.colcon_core.package_identification:_identify(src/serial) by extensions ['ignore', 'ignore_ament_install']
[1.361s] Level 1:colcon.colcon_core.package_identification:_identify(src/serial) by extension 'ignore'
[1.361s] Level 1:colcon.colcon_core.package_identification:_identify(src/serial) by extension 'ignore_ament_install'
[1.361s] Level 1:colcon.colcon_core.package_identification:_identify(src/serial) by extensions ['colcon_pkg']
[1.361s] Level 1:colcon.colcon_core.package_identification:_identify(src/serial) by extension 'colcon_pkg'
[1.361s] Level 1:colcon.colcon_core.package_identification:_identify(src/serial) by extensions ['colcon_meta']
[1.361s] Level 1:colcon.colcon_core.package_identification:_identify(src/serial) by extension 'colcon_meta'
[1.362s] Level 1:colcon.colcon_core.package_identification:_identify(src/serial) by extensions ['ros']
[1.362s] Level 1:colcon.colcon_core.package_identification:_identify(src/serial) by extension 'ros'
[1.364s] DEBUG:colcon.colcon_core.package_identification:Package 'src/serial' with type 'ros.ament_cmake' and name 'serial'
[1.364s] Level 1:colcon.colcon_core.package_discovery:discover_packages(recursive) using defaults
[1.365s] Level 1:colcon.colcon_core.package_discovery:discover_packages(ignore) discover
[1.365s] Level 1:colcon.colcon_core.package_discovery:discover_packages(ignore) using defaults
[1.365s] Level 1:colcon.colcon_core.package_discovery:discover_packages(path) discover
[1.365s] Level 1:colcon.colcon_core.package_discovery:discover_packages(path) using defaults
[1.481s] INFO:colcon.colcon_core.package_selection:Skipping not selected package 'diffdrive_arduino' in 'src/diffdrive_arduino'
[1.481s] INFO:colcon.colcon_core.package_selection:Skipping not selected package 'serial' in 'src/serial'
[1.483s] Level 1:colcon.colcon_core.package_discovery:discover_packages(prefix_path) check parameters
[1.483s] Level 1:colcon.colcon_core.package_discovery:discover_packages(prefix_path) discover
[1.493s] DEBUG:colcon.colcon_installed_package_information.package_discovery:Found 3 installed packages in /home/bose/ros2_ws/install
[1.496s] DEBUG:colcon.colcon_installed_package_information.package_discovery:Found 3 installed packages in /home/bose/dev_ws/install
[1.499s] DEBUG:colcon.colcon_installed_package_information.package_discovery:Found 1 installed packages in /home/bose/install
[1.509s] DEBUG:colcon.colcon_installed_package_information.package_discovery:Found 326 installed packages in /opt/ros/humble
[1.516s] Level 1:colcon.colcon_core.package_discovery:discover_packages(prefix_path) using defaults
[1.708s] Level 5:colcon.colcon_core.verb:set package 'my_bot' build argument 'cmake_args' from command line to 'None'
[1.708s] Level 5:colcon.colcon_core.verb:set package 'my_bot' build argument 'cmake_target' from command line to 'None'
[1.708s] Level 5:colcon.colcon_core.verb:set package 'my_bot' build argument 'cmake_target_skip_unavailable' from command line to 'False'
[1.708s] Level 5:colcon.colcon_core.verb:set package 'my_bot' build argument 'cmake_clean_cache' from command line to 'False'
[1.708s] Level 5:colcon.colcon_core.verb:set package 'my_bot' build argument 'cmake_clean_first' from command line to 'False'
[1.709s] Level 5:colcon.colcon_core.verb:set package 'my_bot' build argument 'cmake_force_configure' from command line to 'False'
[1.709s] Level 5:colcon.colcon_core.verb:set package 'my_bot' build argument 'ament_cmake_args' from command line to 'None'
[1.709s] Level 5:colcon.colcon_core.verb:set package 'my_bot' build argument 'catkin_cmake_args' from command line to 'None'
[1.709s] Level 5:colcon.colcon_core.verb:set package 'my_bot' build argument 'catkin_skip_building_tests' from command line to 'False'
[1.709s] DEBUG:colcon.colcon_core.verb:Building package 'my_bot' with the following arguments: {'ament_cmake_args': None, 'build_base': '/home/bose/dev_ws/build/my_bot', 'catkin_cmake_args': None, 'catkin_skip_building_tests': False, 'cmake_args': None, 'cmake_clean_cache': False, 'cmake_clean_first': False, 'cmake_force_configure': False, 'cmake_target': None, 'cmake_target_skip_unavailable': False, 'install_base': '/home/bose/dev_ws/install/my_bot', 'merge_install': False, 'path': '/home/bose/dev_ws/src/my_bot', 'symlink_install': True, 'test_result_base': None}
[1.710s] INFO:colcon.colcon_core.executor:Executing jobs using 'parallel' executor
[1.713s] DEBUG:colcon.colcon_parallel_executor.executor.parallel:run_until_complete
[1.714s] INFO:colcon.colcon_ros.task.ament_cmake.build:Building ROS package in '/home/bose/dev_ws/src/my_bot' with build type 'ament_cmake'
[1.714s] INFO:colcon.colcon_cmake.task.cmake.build:Building CMake package in '/home/bose/dev_ws/src/my_bot'
[1.724s] INFO:colcon.colcon_core.plugin_system:Skipping extension 'colcon_core.shell.bat': Not used on non-Windows systems
[1.725s] INFO:colcon.colcon_core.shell:Skip shell extension 'powershell' for command environment: Not usable outside of PowerShell
[1.725s] DEBUG:colcon.colcon_core.shell:Skip shell extension 'dsv' for command environment
[1.774s] DEBUG:colcon.colcon_core.event_handler.log_command:Invoking command in '/home/bose/dev_ws/build/my_bot': CMAKE_PREFIX_PATH=${CMAKE_PREFIX_PATH}:/home/bose/ros2_ws/install/serial_motor_demo:/opt/ros/humble /usr/bin/cmake --build /home/bose/dev_ws/build/my_bot -- -j4 -l4
[6.104s] DEBUG:colcon.colcon_core.event_handler.log_command:Invoked command in '/home/bose/dev_ws/build/my_bot' returned '0': CMAKE_PREFIX_PATH=${CMAKE_PREFIX_PATH}:/home/bose/ros2_ws/install/serial_motor_demo:/opt/ros/humble /usr/bin/cmake --build /home/bose/dev_ws/build/my_bot -- -j4 -l4
[6.154s] DEBUG:colcon.colcon_core.event_handler.log_command:Invoking command in '/home/bose/dev_ws/build/my_bot': CMAKE_PREFIX_PATH=${CMAKE_PREFIX_PATH}:/home/bose/ros2_ws/install/serial_motor_demo:/opt/ros/humble /usr/bin/cmake --install /home/bose/dev_ws/build/my_bot
[6.274s] Level 1:colcon.colcon_core.environment:create_environment_scripts_only(my_bot)
[6.276s] DEBUG:colcon.colcon_core.event_handler.log_command:Invoked command in '/home/bose/dev_ws/build/my_bot' returned '0': CMAKE_PREFIX_PATH=${CMAKE_PREFIX_PATH}:/home/bose/ros2_ws/install/serial_motor_demo:/opt/ros/humble /usr/bin/cmake --install /home/bose/dev_ws/build/my_bot
[6.285s] Level 1:colcon.colcon_core.environment:checking '/home/bose/dev_ws/install/my_bot' for CMake module files
[6.289s] Level 1:colcon.colcon_core.environment:checking '/home/bose/dev_ws/install/my_bot' for CMake config files
[6.293s] Level 1:colcon.colcon_core.shell:create_environment_hook('my_bot', 'cmake_prefix_path')
[6.294s] INFO:colcon.colcon_core.shell:Creating environment hook '/home/bose/dev_ws/install/my_bot/share/my_bot/hook/cmake_prefix_path.ps1'
[6.297s] INFO:colcon.colcon_core.shell:Creating environment descriptor '/home/bose/dev_ws/install/my_bot/share/my_bot/hook/cmake_prefix_path.dsv'
[6.300s] INFO:colcon.colcon_core.shell:Creating environment hook '/home/bose/dev_ws/install/my_bot/share/my_bot/hook/cmake_prefix_path.sh'
[6.303s] Level 1:colcon.colcon_core.environment:checking '/home/bose/dev_ws/install/my_bot/lib'
[6.304s] Level 1:colcon.colcon_core.shell:create_environment_hook('my_bot', 'ld_library_path_lib')
[6.306s] INFO:colcon.colcon_core.shell:Creating environment hook '/home/bose/dev_ws/install/my_bot/share/my_bot/hook/ld_library_path_lib.ps1'
[6.308s] INFO:colcon.colcon_core.shell:Creating environment descriptor '/home/bose/dev_ws/install/my_bot/share/my_bot/hook/ld_library_path_lib.dsv'
[6.310s] INFO:colcon.colcon_core.shell:Creating environment hook '/home/bose/dev_ws/install/my_bot/share/my_bot/hook/ld_library_path_lib.sh'
[6.312s] Level 1:colcon.colcon_core.environment:checking '/home/bose/dev_ws/install/my_bot/bin'
[6.313s] Level 1:colcon.colcon_core.environment:checking '/home/bose/dev_ws/install/my_bot/lib/pkgconfig/my_bot.pc'
[6.314s] Level 1:colcon.colcon_core.environment:checking '/home/bose/dev_ws/install/my_bot/lib/python3.10/site-packages'
[6.314s] Level 1:colcon.colcon_core.environment:checking '/home/bose/dev_ws/install/my_bot/bin'
[6.316s] INFO:colcon.colcon_core.shell:Creating package script '/home/bose/dev_ws/install/my_bot/share/my_bot/package.ps1'
[6.319s] INFO:colcon.colcon_core.shell:Creating package descriptor '/home/bose/dev_ws/install/my_bot/share/my_bot/package.dsv'
[6.322s] INFO:colcon.colcon_core.shell:Creating package script '/home/bose/dev_ws/install/my_bot/share/my_bot/package.sh'
[6.325s] INFO:colcon.colcon_core.shell:Creating package script '/home/bose/dev_ws/install/my_bot/share/my_bot/package.bash'
[6.329s] INFO:colcon.colcon_core.shell:Creating package script '/home/bose/dev_ws/install/my_bot/share/my_bot/package.zsh'
[6.333s] Level 1:colcon.colcon_core.environment:create_file_with_runtime_dependencies(/home/bose/dev_ws/install/my_bot/share/colcon-core/packages/my_bot)
[6.335s] Level 1:colcon.colcon_core.environment:create_environment_scripts_only(my_bot)
[6.336s] Level 1:colcon.colcon_core.environment:checking '/home/bose/dev_ws/install/my_bot' for CMake module files
[6.340s] Level 1:colcon.colcon_core.environment:checking '/home/bose/dev_ws/install/my_bot' for CMake config files
[6.344s] Level 1:colcon.colcon_core.shell:create_environment_hook('my_bot', 'cmake_prefix_path')
[6.345s] INFO:colcon.colcon_core.shell:Creating environment hook '/home/bose/dev_ws/install/my_bot/share/my_bot/hook/cmake_prefix_path.ps1'
[6.347s] INFO:colcon.colcon_core.shell:Creating environment descriptor '/home/bose/dev_ws/install/my_bot/share/my_bot/hook/cmake_prefix_path.dsv'
[6.349s] INFO:colcon.colcon_core.shell:Creating environment hook '/home/bose/dev_ws/install/my_bot/share/my_bot/hook/cmake_prefix_path.sh'
[6.352s] Level 1:colcon.colcon_core.environment:checking '/home/bose/dev_ws/install/my_bot/lib'
[6.352s] Level 1:colcon.colcon_core.shell:create_environment_hook('my_bot', 'ld_library_path_lib')
[6.353s] INFO:colcon.colcon_core.shell:Creating environment hook '/home/bose/dev_ws/install/my_bot/share/my_bot/hook/ld_library_path_lib.ps1'
[6.355s] INFO:colcon.colcon_core.shell:Creating environment descriptor '/home/bose/dev_ws/install/my_bot/share/my_bot/hook/ld_library_path_lib.dsv'
[6.357s] INFO:colcon.colcon_core.shell:Creating environment hook '/home/bose/dev_ws/install/my_bot/share/my_bot/hook/ld_library_path_lib.sh'
[6.359s] Level 1:colcon.colcon_core.environment:checking '/home/bose/dev_ws/install/my_bot/bin'
[6.360s] Level 1:colcon.colcon_core.environment:checking '/home/bose/dev_ws/install/my_bot/lib/pkgconfig/my_bot.pc'
[6.361s] Level 1:colcon.colcon_core.environment:checking '/home/bose/dev_ws/install/my_bot/lib/python3.10/site-packages'
[6.361s] Level 1:colcon.colcon_core.environment:checking '/home/bose/dev_ws/install/my_bot/bin'
[6.363s] INFO:colcon.colcon_core.shell:Creating package script '/home/bose/dev_ws/install/my_bot/share/my_bot/package.ps1'
[6.366s] INFO:colcon.colcon_core.shell:Creating package descriptor '/home/bose/dev_ws/install/my_bot/share/my_bot/package.dsv'
[6.368s] INFO:colcon.colcon_core.shell:Creating package script '/home/bose/dev_ws/install/my_bot/share/my_bot/package.sh'
[6.372s] INFO:colcon.colcon_core.shell:Creating package script '/home/bose/dev_ws/install/my_bot/share/my_bot/package.bash'
[6.376s] INFO:colcon.colcon_core.shell:Creating package script '/home/bose/dev_ws/install/my_bot/share/my_bot/package.zsh'
[6.379s] Level 1:colcon.colcon_core.environment:create_file_with_runtime_dependencies(/home/bose/dev_ws/install/my_bot/share/colcon-core/packages/my_bot)
[6.382s] DEBUG:colcon.colcon_parallel_executor.executor.parallel:closing loop
[6.383s] DEBUG:colcon.colcon_parallel_executor.executor.parallel:loop closed
[6.384s] DEBUG:colcon.colcon_parallel_executor.executor.parallel:run_until_complete finished with '0'
[6.384s] DEBUG:colcon.colcon_core.event_reactor:joining thread
[6.419s] INFO:colcon.colcon_core.plugin_system:Skipping extension 'colcon_notification.desktop_notification.terminal_notifier': Not used on non-Darwin systems
[6.420s] INFO:colcon.colcon_core.plugin_system:Skipping extension 'colcon_notification.desktop_notification.win32': Not used on non-Windows systems
[6.421s] INFO:colcon.colcon_notification.desktop_notification:Sending desktop notification using 'notify2'
[6.470s] DEBUG:colcon.colcon_core.event_reactor:joined thread
[6.472s] INFO:colcon.colcon_core.shell:Creating prefix script '/home/bose/dev_ws/install/local_setup.ps1'
[6.477s] INFO:colcon.colcon_core.shell:Creating prefix util module '/home/bose/dev_ws/install/_local_setup_util_ps1.py'
[6.483s] INFO:colcon.colcon_core.shell:Creating prefix chain script '/home/bose/dev_ws/install/setup.ps1'
[6.491s] INFO:colcon.colcon_core.shell:Creating prefix script '/home/bose/dev_ws/install/local_setup.sh'
[6.496s] INFO:colcon.colcon_core.shell:Creating prefix util module '/home/bose/dev_ws/install/_local_setup_util_sh.py'
[6.499s] INFO:colcon.colcon_core.shell:Creating prefix chain script '/home/bose/dev_ws/install/setup.sh'
[6.506s] INFO:colcon.colcon_core.shell:Creating prefix script '/home/bose/dev_ws/install/local_setup.bash'
[6.509s] INFO:colcon.colcon_core.shell:Creating prefix chain script '/home/bose/dev_ws/install/setup.bash'
[6.517s] INFO:colcon.colcon_core.shell:Creating prefix script '/home/bose/dev_ws/install/local_setup.zsh'
[6.520s] INFO:colcon.colcon_core.shell:Creating prefix chain script '/home/bose/dev_ws/install/setup.zsh'
